2019-06-19 10:14:41.761 [main] INFO  top.ruandb.EtlSchedulerApplication - Starting EtlSchedulerApplication on LAPTOP-MK6P63H0 with PID 7516 (C:\Java\eclipse-workspace2\ETLScheduler\target\classes started by rdb in C:\Java\eclipse-workspace2\ETLScheduler)
2019-06-19 10:14:41.765 [main] INFO  top.ruandb.EtlSchedulerApplication - No active profile set, falling back to default profiles: default
2019-06-19 10:14:43.213 [main] INFO  org.springframework.data.repository.config.RepositoryConfigurationDelegate - Bootstrapping Spring Data repositories in DEFAULT mode.
2019-06-19 10:14:43.469 [main] INFO  org.springframework.data.repository.config.RepositoryConfigurationDelegate - Finished Spring Data repository scanning in 243ms. Found 4 repository interfaces.
2019-06-19 10:14:43.946 [main] INFO  org.springframework.context.support.PostProcessorRegistrationDelegate$BeanPostProcessorChecker - Bean 'org.springframework.transaction.annotation.ProxyTransactionManagementConfiguration' of type [org.springframework.transaction.annotation.ProxyTransactionManagementConfiguration$$EnhancerBySpringCGLIB$$bd19bbff] is not eligible for getting processed by all BeanPostProcessors (for example: not eligible for auto-proxying)
2019-06-19 10:14:43.970 [main] INFO  org.springframework.context.support.PostProcessorRegistrationDelegate$BeanPostProcessorChecker - Bean 'shiroConfig' of type [top.ruandb.config.ShiroConfig$$EnhancerBySpringCGLIB$$e876ef52] is not eligible for getting processed by all BeanPostProcessors (for example: not eligible for auto-proxying)
2019-06-19 10:14:44.384 [main] INFO  org.springframework.context.support.PostProcessorRegistrationDelegate$BeanPostProcessorChecker - Bean 'myRealm' of type [top.ruandb.config.MyRealm] is not eligible for getting processed by all BeanPostProcessors (for example: not eligible for auto-proxying)
2019-06-19 10:14:44.393 [main] INFO  org.springframework.context.support.PostProcessorRegistrationDelegate$BeanPostProcessorChecker - Bean 'securityManager' of type [org.apache.shiro.web.mgt.DefaultWebSecurityManager] is not eligible for getting processed by all BeanPostProcessors (for example: not eligible for auto-proxying)
2019-06-19 10:14:45.048 [main] INFO  org.springframework.boot.web.embedded.tomcat.TomcatWebServer - Tomcat initialized with port(s): 8080 (http)
2019-06-19 10:14:45.099 [main] INFO  org.apache.coyote.http11.Http11NioProtocol - Initializing ProtocolHandler ["http-nio-8080"]
2019-06-19 10:14:45.119 [main] INFO  org.apache.catalina.core.StandardService - Starting service [Tomcat]
2019-06-19 10:14:45.120 [main] INFO  org.apache.catalina.core.StandardEngine - Starting Servlet Engine: Apache Tomcat/9.0.13
2019-06-19 10:14:45.129 [main] INFO  org.apache.catalina.core.AprLifecycleListener - Loaded APR based Apache Tomcat Native library [1.2.19] using APR version [1.6.5].
2019-06-19 10:14:45.130 [main] INFO  org.apache.catalina.core.AprLifecycleListener - APR capabilities: IPv6 [true], sendfile [true], accept filters [false], random [true].
2019-06-19 10:14:45.130 [main] INFO  org.apache.catalina.core.AprLifecycleListener - APR/OpenSSL configuration: useAprConnector [false], useOpenSSL [true]
2019-06-19 10:14:46.209 [main] INFO  org.apache.catalina.core.AprLifecycleListener - OpenSSL successfully initialized [OpenSSL 1.0.2q  20 Nov 2018]
2019-06-19 10:14:46.445 [main] INFO  org.apache.catalina.core.ContainerBase.[Tomcat].[localhost].[/] - Initializing Spring embedded WebApplicationContext
2019-06-19 10:14:46.446 [main] INFO  org.springframework.web.context.ContextLoader - Root WebApplicationContext: initialization completed in 4553 ms
2019-06-19 10:14:47.180 [main] INFO  com.alibaba.druid.pool.DruidDataSource - {dataSource-1} inited
2019-06-19 10:14:47.535 [main] INFO  org.hibernate.jpa.internal.util.LogHelper - HHH000204: Processing PersistenceUnitInfo [
	name: default
	...]
2019-06-19 10:14:47.694 [main] INFO  org.hibernate.Version - HHH000412: Hibernate Core {5.3.7.Final}
2019-06-19 10:14:47.697 [main] INFO  org.hibernate.cfg.Environment - HHH000206: hibernate.properties not found
2019-06-19 10:14:48.112 [main] INFO  org.hibernate.annotations.common.Version - HCANN000001: Hibernate Commons Annotations {5.0.4.Final}
2019-06-19 10:14:48.691 [main] INFO  org.hibernate.dialect.Dialect - HHH000400: Using dialect: org.hibernate.dialect.SQLServer2012Dialect
2019-06-19 10:14:49.949 [main] INFO  org.springframework.orm.jpa.LocalContainerEntityManagerFactoryBean - Initialized JPA EntityManagerFactory for persistence unit 'default'
2019-06-19 10:14:49.996 [main] INFO  org.springframework.beans.factory.annotation.AutowiredAnnotationBeanPostProcessor - Autowired annotation is not supported on static methods: public static void top.ruandb.config.ProcedureConfig.setPROCEDURE_PRO(java.lang.String)
2019-06-19 10:14:50.364 [main] INFO  org.hibernate.hql.internal.QueryTranslatorFactoryInitiator - HHH000397: Using ASTQueryTranslatorFactory
2019-06-19 10:14:50.644 [main] INFO  org.quartz.impl.StdSchedulerFactory - Using default implementation for ThreadExecutor
2019-06-19 10:14:50.662 [main] INFO  org.quartz.core.SchedulerSignalerImpl - Initialized Scheduler Signaller of type: class org.quartz.core.SchedulerSignalerImpl
2019-06-19 10:14:50.662 [main] INFO  org.quartz.core.QuartzScheduler - Quartz Scheduler v.2.2.1 created.
2019-06-19 10:14:50.663 [main] INFO  org.quartz.core.QuartzScheduler - JobFactory set to: org.quartz.simpl.SimpleJobFactory@710ae6a7
2019-06-19 10:14:50.664 [main] INFO  org.quartz.impl.jdbcjobstore.JobStoreTX - Using thread monitor-based data access locking (synchronization).
2019-06-19 10:14:50.665 [main] INFO  org.quartz.impl.jdbcjobstore.JobStoreTX - JobStoreTX initialized.
2019-06-19 10:14:50.666 [main] INFO  org.quartz.core.QuartzScheduler - Scheduler meta-data: Quartz Scheduler (v2.2.1) 'SchedulerFactory' with instanceId 'ETLScheduler'
  Scheduler class: 'org.quartz.core.QuartzScheduler' - running locally.
  NOT STARTED.
  Currently in standby mode.
  Number of jobs executed: 0
  Using thread pool 'org.quartz.simpl.SimpleThreadPool' - with 5 threads.
  Using job-store 'org.quartz.impl.jdbcjobstore.JobStoreTX' - which supports persistence. and is not clustered.

2019-06-19 10:14:50.666 [main] INFO  org.quartz.impl.StdSchedulerFactory - Quartz scheduler 'SchedulerFactory' initialized from an externally provided properties instance.
2019-06-19 10:14:50.666 [main] INFO  org.quartz.impl.StdSchedulerFactory - Quartz scheduler version: 2.2.1
2019-06-19 10:14:50.667 [main] INFO  org.quartz.core.QuartzScheduler - JobFactory set to: top.ruandb.config.MyJobFactory@1eb85a47
2019-06-19 10:14:51.158 [main] INFO  org.springframework.scheduling.concurrent.ThreadPoolTaskExecutor - Initializing ExecutorService 'applicationTaskExecutor'
2019-06-19 10:14:51.724 [main] INFO  org.springframework.scheduling.quartz.SchedulerFactoryBean - Starting Quartz Scheduler now
2019-06-19 10:14:51.727 [main] INFO  com.alibaba.druid.pool.DruidDataSource - {dataSource-2} inited
2019-06-19 10:14:51.748 [main] INFO  org.quartz.impl.jdbcjobstore.JobStoreTX - Freed 0 triggers from 'acquired' / 'blocked' state.
2019-06-19 10:14:51.751 [main] INFO  org.quartz.impl.jdbcjobstore.JobStoreTX - Handling 36 trigger(s) that missed their scheduled fire-time.
2019-06-19 10:14:51.989 [main] INFO  org.quartz.impl.jdbcjobstore.JobStoreTX - Recovering 0 jobs that were in-progress at the time of the last shut-down.
2019-06-19 10:14:51.990 [main] INFO  org.quartz.impl.jdbcjobstore.JobStoreTX - Recovery complete.
2019-06-19 10:14:51.992 [main] INFO  org.quartz.impl.jdbcjobstore.JobStoreTX - Removed 0 'complete' triggers.
2019-06-19 10:14:51.992 [main] INFO  org.quartz.impl.jdbcjobstore.JobStoreTX - Removed 0 stale fired job entries.
2019-06-19 10:14:51.994 [main] INFO  org.quartz.core.QuartzScheduler - Scheduler SchedulerFactory_$_ETLScheduler started.
2019-06-19 10:14:52.004 [main] INFO  org.apache.coyote.http11.Http11NioProtocol - Starting ProtocolHandler ["http-nio-8080"]
2019-06-19 10:14:52.022 [main] INFO  org.apache.tomcat.util.net.NioSelectorPool - Using a shared selector for servlet write/read
2019-06-19 10:14:52.042 [main] INFO  org.springframework.boot.web.embedded.tomcat.TomcatWebServer - Tomcat started on port(s): 8080 (http) with context path ''
2019-06-19 10:14:52.047 [main] INFO  top.ruandb.EtlSchedulerApplication - Started EtlSchedulerApplication in 11.182 seconds (JVM running for 12.632)
2019-06-19 10:14:52.049 [main] INFO  top.ruandb.init.TaskInit - kettleåˆå§‹åŒ–å¼€å§‹-------------------------------------------------------->
2019-06-19 10:14:52.640 [main] INFO  top.ruandb.init.TaskInit - kettleåˆå§‹åŒ–ç»“æŸ-------------------------------------------------------->
2019-06-19 10:14:52.640 [main] INFO  top.ruandb.init.TaskInit - é‡æ–°å¯åŠ¨æ¸…ç©ºscheduler
2019-06-19 10:14:52.807 [main] INFO  top.ruandb.init.TaskInit - åˆå§‹åŒ–jobåˆ°è°ƒåº¦å™¨-------------------------------->jobname:usp_dim_zlzb_jbbz_zkks,usp_dim_zlzb_zlgl_lcjybb,usp_dim_zlzb_zlgl_lcjyzk,usp_dim_zyts,usp_dim_zy_ypyfk,usp_dim_zy_zlzxx,usp_dim_zy_zlzxx_ys
2019-06-19 10:14:52.819 [main] INFO  top.ruandb.init.TaskInit - åˆå§‹åŒ–jobåˆ°è°ƒåº¦å™¨-------------------------------->jobname:usp_dim_yyxx,usp_dim_zddmk_ba,usp_dim_zdjb,usp_dim_zdss,usp_dim_zljg,usp_dim_zlzb_bfzlx,usp_dim_zlzb_fmfs,usp_dim_zlzb_jbbz_dbz,usp_dim_zlzb_jbbz_dq,usp_dim_zlzb_jbbz_xzljs
2019-06-19 10:14:52.833 [main] INFO  top.ruandb.init.TaskInit - åˆå§‹åŒ–jobåˆ°è°ƒåº¦å™¨-------------------------------->jobname:usp_dim_yk_czdmk,usp_dim_ypdl,usp_dim_ypfl,usp_dim_ypjx,usp_dim_ypxx,usp_dim_ysxx_ba,usp_dim_yyfs,usp_dim_yygr_dcnyjxx,usp_dim_yygr_xgdgbw,usp_dim_yylb,usp_dim_yymd,usp_dim_yysjd
2019-06-19 10:14:52.845 [main] INFO  top.ruandb.init.TaskInit - åˆå§‹åŒ–jobåˆ°è°ƒåº¦å™¨-------------------------------->jobname:usp_dim_xydl,usp_dim_xyzlxx,usp_dim_ybflxx,usp_dim_yb_yblx,usp_dim_ycbw,usp_dim_ycfj,usp_dim_ycly,usp_dim_yfdmk,usp_dim_yf_czdmk,usp_dim_yg_ssfxdj,usp_dim_yg_ssgrbw,usp_dim_ykdmk
2019-06-19 10:14:52.852 [main] INFO  top.ruandb.init.TaskInit - åˆå§‹åŒ–jobåˆ°è°ƒåº¦å™¨-------------------------------->jobname:usp_dim_wzjb,usp_dim_wzsb_cblx,usp_dim_wzsb_kfxx,usp_dim_wzsb_wzkpxx,usp_dim_wzsb_wzpmggxx,usp_dim_wzsb_wz_djlb,usp_dim_wzsb_wz_ghdwxx,usp_dim_wzsb_wz_rkfs,usp_dim_xxxx
2019-06-19 10:14:52.859 [main] INFO  top.ruandb.init.TaskInit - åˆå§‹åŒ–jobåˆ°è°ƒåº¦å™¨-------------------------------->jobname:usp_dim_ssjb,usp_dim_ssmz_asamzfj,usp_dim_ssmz_mzfsfl,usp_dim_ssmz_sssjlx,usp_dim_ssxx,usp_dim_sxblfylx,usp_dim_sxfsxx,usp_dim_sxlyxx,usp_dim_sxytxx,usp_dim_time,usp_dim_tsypbz
2019-06-19 10:14:52.866 [main] INFO  top.ruandb.init.TaskInit - åˆå§‹åŒ–jobåˆ°è°ƒåº¦å™¨-------------------------------->jobname:usp_dim_rjssxx,usp_dim_sex,usp_dim_sfdxmk,usp_dim_sfxxmk,usp_dim_sf_cfsfjg,usp_dim_sf_cfwt,usp_dim_sf_cfwtfl,usp_dim_sf_cfwtjb,usp_dim_sf_ypyfk,usp_dim_ssbw,usp_dim_ssflxx
2019-06-19 10:14:52.876 [main] INFO  top.ruandb.init.TaskInit - åˆå§‹åŒ–jobåˆ°è°ƒåº¦å™¨-------------------------------->jobname:usp_dim_lclj,usp_dim_lcsfxmk,usp_dim_lis_instrument,usp_dim_lyfs,usp_dim_mjzbz,usp_dim_mzfs,usp_dim_mzzy,usp_dim_nld,usp_dim_qkdj,usp_dim_qzts,usp_dim_ris_instrument,usp_dim_rjssbz
2019-06-19 10:14:52.882 [main] INFO  top.ruandb.init.TaskInit - åˆå§‹åŒ–jobåˆ°è°ƒåº¦å™¨-------------------------------->jobname:usp_dim_jsk_ysyy,usp_dim_jsk_ztsxfs,usp_dim_jylb,usp_dim_jzzy_bqfj,usp_dim_jzzy_brqx,usp_dim_jzzy_cyfs,usp_dim_kfyxk_bfzlx,usp_dim_kfyxk_kflx,usp_dim_kssjb,usp_dim_ksxx_ba
2019-06-19 10:14:52.890 [main] INFO  top.ruandb.init.TaskInit - åˆå§‹åŒ–jobåˆ°è°ƒåº¦å™¨-------------------------------->jobname:usp_dim_aers_warningeventtype,usp_dim_bqdmk_ba,usp_dim_cflx,usp_dim_cfz,usp_dim_cyfs,usp_dim_czryk,usp_dim_ddshcdjb,usp_dim_ddyy,usp_dim_drgs_fxpgdj,usp_dim_fyck,usp_dim_ghlb
2019-06-19 10:14:52.897 [main] INFO  top.ruandb.init.TaskInit - åˆå§‹åŒ–jobåˆ°è°ƒåº¦å™¨-------------------------------->jobname:usp_dim_ghtj,usp_dim_ghyysjc,usp_dim_gysxx,usp_dim_hour,usp_dim_hsxm,usp_dim_jclb,usp_dim_jsk_txfs,usp_dim_jsk_xgtllb,usp_dim_jsk_xtzlfs,usp_dim_jsk_ysfs,usp_dim_jsk_ysgj
2019-06-19 10:14:52.904 [main] INFO  top.ruandb.init.TaskInit - åˆå§‹åŒ–jobåˆ°è°ƒåº¦å™¨-------------------------------->jobname:usp_dim_aers_eventyzcd,usp_dim_aers_medevent_ss_cwlx,usp_dim_aers_medicaleventtype,usp_dim_aers_nursevt_gl_bfzlx,usp_dim_aers_nursingeventtype,usp_dim_aers_ryzc
2019-06-19 10:14:52.927 [main] INFO  top.ruandb.init.TaskInit - åˆå§‹åŒ–jobåˆ°è°ƒåº¦å™¨-------------------------------->jobname:usp_dim_aers_bloodeventtype,usp_dim_aers_drugseventtype,usp_dim_aers_eventclfs,usp_dim_aers_eventconsequence,usp_dim_aers_eventdj,usp_dim_aers_eventtype
2019-06-19 10:14:52.936 [main] INFO  top.ruandb.init.TaskInit - åˆå§‹åŒ–jobåˆ°è°ƒåº¦å™¨-------------------------------->jobname:usp_fat_bacwsyqk,usp_fat_basyjb,usp_fat_basyss,usp_fat_basyzd,usp_fat_bq_brcwxxk
2019-06-19 10:14:52.944 [main] INFO  top.ruandb.init.TaskInit - åˆå§‹åŒ–jobåˆ°è°ƒåº¦å™¨-------------------------------->jobname:usp_fat_jcbgmx,usp_fat_jybgmx,usp_fat_mz_yffymx,usp_fat_sxxx,usp_fat_wzsb_sb_byxx,usp_fat_wzsb_sb_jlxx
2019-06-19 10:14:52.951 [main] INFO  top.ruandb.init.TaskInit - åˆå§‹åŒ–jobåˆ°è°ƒåº¦å™¨-------------------------------->jobname:usp_fat_wzsb_sb_srxx,usp_fat_wzsb_sb_wxxx,usp_fat_wzsb_sb_zjxx,usp_fat_wzsb_wz_bsxx,usp_fat_wzsb_wz_ckxx
2019-06-19 10:14:52.959 [main] INFO  top.ruandb.init.TaskInit - åˆå§‹åŒ–jobåˆ°è°ƒåº¦å™¨-------------------------------->jobname:usp_fat_wzsb_wz_qlxx,usp_fat_wzsb_wz_rkxx,usp_fat_wzsb_wz_wtdxxx,usp_fat_wzsb_wz_xhxx,usp_fat_wzsb_wz_ykxx
2019-06-19 10:14:52.965 [main] INFO  top.ruandb.init.TaskInit - åˆå§‹åŒ–jobåˆ°è°ƒåº¦å™¨-------------------------------->jobname:usp_fat_wzsb_wz_zgxx,usp_fat_yf_ypczmx,usp_fat_yk_ypczmx,usp_fat_yygh_pbxx,usp_fat_yy_mz_yyrc
2019-06-19 10:14:52.973 [main] INFO  top.ruandb.init.TaskInit - åˆå§‹åŒ–jobåˆ°è°ƒåº¦å™¨-------------------------------->jobname:usp_fat_zlzb_zlgl_lcjybb,usp_fat_zlzb_zlgl_lcjyzk,usp_fat_zy_cwsyqk,usp_fat_zy_rjssbrfy_fat
2019-06-19 10:14:52.981 [main] INFO  top.ruandb.init.TaskInit - åˆå§‹åŒ–jobåˆ°è°ƒåº¦å™¨-------------------------------->jobname:usp_fat_zy_rjsshzxx,usp_fat_zy_rjssxx,usp_fat_zy_ryywl,usp_fat_zy_yffymx,usp_fat_zy_zyfy_zy
2019-06-19 10:14:52.987 [main] INFO  top.ruandb.init.TaskInit - åˆå§‹åŒ–jobåˆ°è°ƒåº¦å™¨-------------------------------->jobname:usp_fat_mz_ybjsxx,usp_fat_mz_mzfy,usp_fat_mz_mzywl
2019-06-19 10:14:53.014 [main] INFO  top.ruandb.init.TaskInit - åˆå§‹åŒ–jobåˆ°è°ƒåº¦å™¨-------------------------------->jobname:usp_fat_zy_ybjsxx,usp_fat_zy_zyfy,usp_fat_zy_zyywl
2019-06-19 10:14:53.021 [main] INFO  top.ruandb.init.TaskInit - åˆå§‹åŒ–jobåˆ°è°ƒåº¦å™¨-------------------------------->jobname:usp_fact_yy_mz_jzrc_fat,usp_fact_yy_mz_patid_fat,usp_fact_yy_mz_yyrc_fat,usp_fact_yygh_pbxx_fat,usp_fact_yy_mz_tjrc_fat
2019-06-19 10:14:53.029 [main] INFO  top.ruandb.init.TaskInit - åˆå§‹åŒ–jobåˆ°è°ƒåº¦å™¨-------------------------------->jobname:usp_fact_fy_mz_fyfx_fat,usp_fact_fy_zy_fyfx_fat,usp_fact_fy_zy_fyfx_zxrq_fat,usp_fact_yy_zy_cyywlfx_fat,usp_fact_yy_zy_ryywlfx_fat
2019-06-19 10:14:53.035 [main] INFO  top.ruandb.init.TaskInit - åˆå§‹åŒ–jobåˆ°è°ƒåº¦å™¨-------------------------------->jobname:usp_fact_yy_zy_lcljfx_fat,usp_fact_yy_zy_zrzcfx_fat,usp_fact_yb_mz_fyfx_fat,usp_fact_yb_zy_fyfx_fat,usp_fact_yb_ybzkfx_fat
2019-06-19 10:14:53.044 [main] INFO  top.ruandb.init.TaskInit - åˆå§‹åŒ–jobåˆ°è°ƒåº¦å™¨-------------------------------->jobname:usp_fact_yy_zybrzyl_fat,usp_fact_zy_zycwxl,usp_fact_yy_zy_cwsyqk_fat,usp_fact_yp_mz_fyfx_fat
2019-06-19 10:14:53.056 [main] INFO  top.ruandb.init.TaskInit - åˆå§‹åŒ–jobåˆ°è°ƒåº¦å™¨-------------------------------->jobname:usp_fact_yp_cflfx_fat,usp_fact_yp_zy_fyfx_fat,usp_fact_yp_zy_fyfx_zxrq_fat,usp_fact_yp_mz_yffygzl_fat,usp_fact_yp_zy_yffygzl_fat
2019-06-19 10:14:53.069 [main] INFO  top.ruandb.init.TaskInit - åˆå§‹åŒ–jobåˆ°è°ƒåº¦å™¨-------------------------------->jobname:usp_fact_yp_jxcfx_yf_fat,usp_fact_yp_jxcfx_yk_fat,usp_fact_ba_ss_zyssywlfx_fat,usp_fact_yy_ss_mzssywlfx_fat,usp_fact_yy_ss_rjssywlfx_fat
2019-06-19 10:14:53.087 [main] INFO  top.ruandb.init.TaskInit - åˆå§‹åŒ–jobåˆ°è°ƒåº¦å™¨-------------------------------->jobname:usp_fact_ba_zy_back15_30_fat,usp_fact_ba_zy_cwsyqk_fat,usp_fact_ba_zy_cyywlfx_fat,usp_fact_lis_list_fat,usp_fact_lis_list_mx_fat
2019-06-19 10:14:53.101 [main] INFO  top.ruandb.init.TaskInit - åˆå§‹åŒ–jobåˆ°è°ƒåº¦å™¨-------------------------------->jobname:usp_fact_ris_list_fat,usp_fact_ris_list_mx_fat,usp_fact_xk_sxfx_fat,usp_fact_zqhy_jzrc_fat,usp_fact_zqhy_mzpatid_fat
2019-06-19 10:14:53.112 [main] INFO  top.ruandb.init.TaskInit - åˆå§‹åŒ–jobåˆ°è°ƒåº¦å™¨-------------------------------->jobname:usp_fact_wzsb_sb_sbgzl_fat,usp_fact_wzsb_wz_bsxx_fat,usp_fact_wzsb_wz_ckxx_fat,usp_fact_wzsb_wz_qlxx_fat,usp_fact_wzsb_wz_rkxx_fat
2019-06-19 10:14:53.129 [main] INFO  top.ruandb.init.TaskInit - åˆå§‹åŒ–jobåˆ°è°ƒåº¦å™¨-------------------------------->jobname:usp_fact_wzsb_wz_wtdxxx_fat,usp_fact_wzsb_wz_xhxx_fat,usp_fact_wzsb_wz_ykxx_fat,usp_fact_wzsb_wz_zgxx_fat
2019-06-19 10:14:53.173 [main] INFO  top.ruandb.init.TaskInit - åˆå§‹åŒ–jobåˆ°è°ƒåº¦å™¨-------------------------------->jobname:usp_hd_zbmx_hz,usp_hd_zbmx_hz_ys
2019-06-19 10:14:53.180 [main] INFO  top.ruandb.init.TaskInit - åˆå§‹åŒ–jobåˆ°è°ƒåº¦å™¨-------------------------------->jobname:usp_producure_log
2019-06-19 10:14:53.186 [main] INFO  top.ruandb.init.TaskInit - åˆå§‹åŒ–jobåˆ°è°ƒåº¦å™¨-------------------------------->jobname:usp_fact_dim_yp_dim
2019-06-19 10:14:53.721 [main] INFO  top.ruandb.init.TaskInit - ----------------------->ä¾èµ–åˆå§‹åŒ–å¼€å§‹
2019-06-19 10:14:53.726 [main] INFO  top.ruandb.init.TaskInit - jobMap--->{22=PENDDING, 44=PENDDING, 23=PENDDING, 45=PENDDING, 24=PENDDING, 46=PENDDING, 25=PENDDING, 47=PENDDING, 26=PENDDING, 48=PENDDING, 27=PENDDING, 28=PENDDING, 29=PENDDING, 30=PENDDING, 31=PENDDING, 32=PENDDING, 33=PENDDING, 34=PENDDING, 13=PENDDING, 35=PENDDING, 14=PENDDING, 36=PENDDING, 15=PENDDING, 16=PENDDING, 38=PENDDING, 17=PENDDING, 39=PENDDING, 18=PENDDING, 19=PENDDING, 40=PENDDING, 41=PENDDING, 20=PENDDING, 42=PENDDING, 21=PENDDING, 43=PENDDING}
2019-06-19 10:14:53.727 [main] INFO  top.ruandb.init.TaskInit - groupMap--->{A=[13, 14, 15, 16, 17, 18, 19, 20, 21, 22, 23, 24, 25], B=[26, 27, 28, 29, 30, 31, 32, 33, 34], C=[35, 36, 38, 39, 40, 41, 42, 43, 44, 45, 48], D=[46, 47]}
2019-06-19 10:14:53.727 [main] INFO  top.ruandb.init.TaskInit - jobMap,groupMap----------------------->ä¾èµ–åˆå§‹åŒ–æˆåŠŸ
2019-06-19 10:14:53.727 [main] INFO  top.ruandb.init.TaskInit - ----------------------->å®šæ—¶ä¾èµ–åˆå§‹åŒ–å¼€å§‹
2019-06-19 10:14:53.732 [main] INFO  top.ruandb.init.TaskInit - ----------------------->å®šæ—¶ä¾èµ–åˆå§‹åŒ–ç»“æŸ
2019-06-19 10:53:24.653 [RMI TCP Connection(2)-127.0.0.1] INFO  org.springframework.boot.admin.SpringApplicationAdminMXBeanRegistrar$SpringApplicationAdmin - Application shutdown requested.
2019-06-19 10:53:24.660 [RMI TCP Connection(2)-127.0.0.1] INFO  org.quartz.core.QuartzScheduler - Scheduler SchedulerFactory_$_ETLScheduler paused.
2019-06-19 10:53:24.662 [RMI TCP Connection(2)-127.0.0.1] INFO  org.springframework.scheduling.concurrent.ThreadPoolTaskExecutor - Shutting down ExecutorService 'applicationTaskExecutor'
2019-06-19 10:53:24.663 [RMI TCP Connection(2)-127.0.0.1] INFO  org.quartz.core.QuartzScheduler - Scheduler SchedulerFactory_$_ETLScheduler shutting down.
2019-06-19 10:53:24.663 [RMI TCP Connection(2)-127.0.0.1] INFO  org.quartz.core.QuartzScheduler - Scheduler SchedulerFactory_$_ETLScheduler paused.
2019-06-19 10:53:24.670 [RMI TCP Connection(2)-127.0.0.1] INFO  com.alibaba.druid.pool.DruidDataSource - {dataSource-2} closed
2019-06-19 10:53:24.670 [RMI TCP Connection(2)-127.0.0.1] INFO  org.quartz.core.QuartzScheduler - Scheduler SchedulerFactory_$_ETLScheduler shutdown complete.
2019-06-19 10:53:24.671 [RMI TCP Connection(2)-127.0.0.1] INFO  org.springframework.scheduling.quartz.SchedulerFactoryBean - Shutting down Quartz Scheduler
2019-06-19 10:53:24.673 [RMI TCP Connection(2)-127.0.0.1] INFO  org.springframework.orm.jpa.LocalContainerEntityManagerFactoryBean - Closing JPA EntityManagerFactory for persistence unit 'default'
2019-06-19 10:53:24.680 [RMI TCP Connection(2)-127.0.0.1] INFO  com.alibaba.druid.pool.DruidDataSource - {dataSource-1} closed
2019-06-19 10:53:33.997 [main] INFO  top.ruandb.EtlSchedulerApplication - Starting EtlSchedulerApplication on LAPTOP-MK6P63H0 with PID 14212 (C:\Java\eclipse-workspace2\ETLScheduler\target\classes started by rdb in C:\Java\eclipse-workspace2\ETLScheduler)
2019-06-19 10:53:34.001 [main] INFO  top.ruandb.EtlSchedulerApplication - No active profile set, falling back to default profiles: default
2019-06-19 10:53:34.903 [main] INFO  org.springframework.data.repository.config.RepositoryConfigurationDelegate - Bootstrapping Spring Data repositories in DEFAULT mode.
2019-06-19 10:53:35.104 [main] INFO  org.springframework.data.repository.config.RepositoryConfigurationDelegate - Finished Spring Data repository scanning in 191ms. Found 4 repository interfaces.
2019-06-19 10:53:35.474 [main] INFO  org.springframework.context.support.PostProcessorRegistrationDelegate$BeanPostProcessorChecker - Bean 'org.springframework.transaction.annotation.ProxyTransactionManagementConfiguration' of type [org.springframework.transaction.annotation.ProxyTransactionManagementConfiguration$$EnhancerBySpringCGLIB$$393b9516] is not eligible for getting processed by all BeanPostProcessors (for example: not eligible for auto-proxying)
2019-06-19 10:53:35.497 [main] INFO  org.springframework.context.support.PostProcessorRegistrationDelegate$BeanPostProcessorChecker - Bean 'shiroConfig' of type [top.ruandb.config.ShiroConfig$$EnhancerBySpringCGLIB$$6498c869] is not eligible for getting processed by all BeanPostProcessors (for example: not eligible for auto-proxying)
2019-06-19 10:53:35.870 [main] INFO  org.springframework.context.support.PostProcessorRegistrationDelegate$BeanPostProcessorChecker - Bean 'myRealm' of type [top.ruandb.config.MyRealm] is not eligible for getting processed by all BeanPostProcessors (for example: not eligible for auto-proxying)
2019-06-19 10:53:35.877 [main] INFO  org.springframework.context.support.PostProcessorRegistrationDelegate$BeanPostProcessorChecker - Bean 'securityManager' of type [org.apache.shiro.web.mgt.DefaultWebSecurityManager] is not eligible for getting processed by all BeanPostProcessors (for example: not eligible for auto-proxying)
2019-06-19 10:53:36.208 [main] INFO  org.springframework.boot.web.embedded.tomcat.TomcatWebServer - Tomcat initialized with port(s): 8080 (http)
2019-06-19 10:53:36.246 [main] INFO  org.apache.coyote.http11.Http11NioProtocol - Initializing ProtocolHandler ["http-nio-8080"]
2019-06-19 10:53:36.260 [main] INFO  org.apache.catalina.core.StandardService - Starting service [Tomcat]
2019-06-19 10:53:36.261 [main] INFO  org.apache.catalina.core.StandardEngine - Starting Servlet Engine: Apache Tomcat/9.0.13
2019-06-19 10:53:36.268 [main] INFO  org.apache.catalina.core.AprLifecycleListener - Loaded APR based Apache Tomcat Native library [1.2.19] using APR version [1.6.5].
2019-06-19 10:53:36.268 [main] INFO  org.apache.catalina.core.AprLifecycleListener - APR capabilities: IPv6 [true], sendfile [true], accept filters [false], random [true].
2019-06-19 10:53:36.269 [main] INFO  org.apache.catalina.core.AprLifecycleListener - APR/OpenSSL configuration: useAprConnector [false], useOpenSSL [true]
2019-06-19 10:53:37.339 [main] INFO  org.apache.catalina.core.AprLifecycleListener - OpenSSL successfully initialized [OpenSSL 1.0.2q  20 Nov 2018]
2019-06-19 10:53:37.516 [main] INFO  org.apache.catalina.core.ContainerBase.[Tomcat].[localhost].[/] - Initializing Spring embedded WebApplicationContext
2019-06-19 10:53:37.517 [main] INFO  org.springframework.web.context.ContextLoader - Root WebApplicationContext: initialization completed in 3453 ms
2019-06-19 10:53:37.882 [main] INFO  com.alibaba.druid.pool.DruidDataSource - {dataSource-1} inited
2019-06-19 10:53:38.094 [main] INFO  org.hibernate.jpa.internal.util.LogHelper - HHH000204: Processing PersistenceUnitInfo [
	name: default
	...]
2019-06-19 10:53:38.165 [main] INFO  org.hibernate.Version - HHH000412: Hibernate Core {5.3.7.Final}
2019-06-19 10:53:38.167 [main] INFO  org.hibernate.cfg.Environment - HHH000206: hibernate.properties not found
2019-06-19 10:53:38.358 [main] INFO  org.hibernate.annotations.common.Version - HCANN000001: Hibernate Commons Annotations {5.0.4.Final}
2019-06-19 10:53:38.829 [main] INFO  org.hibernate.dialect.Dialect - HHH000400: Using dialect: org.hibernate.dialect.SQLServer2012Dialect
2019-06-19 10:53:39.735 [main] INFO  org.springframework.orm.jpa.LocalContainerEntityManagerFactoryBean - Initialized JPA EntityManagerFactory for persistence unit 'default'
2019-06-19 10:53:39.780 [main] INFO  org.springframework.beans.factory.annotation.AutowiredAnnotationBeanPostProcessor - Autowired annotation is not supported on static methods: public static void top.ruandb.config.ProcedureConfig.setPROCEDURE_PRO(java.lang.String)
2019-06-19 10:53:40.058 [main] INFO  org.hibernate.hql.internal.QueryTranslatorFactoryInitiator - HHH000397: Using ASTQueryTranslatorFactory
2019-06-19 10:53:40.231 [main] INFO  org.quartz.impl.StdSchedulerFactory - Using default implementation for ThreadExecutor
2019-06-19 10:53:40.242 [main] INFO  org.quartz.core.SchedulerSignalerImpl - Initialized Scheduler Signaller of type: class org.quartz.core.SchedulerSignalerImpl
2019-06-19 10:53:40.243 [main] INFO  org.quartz.core.QuartzScheduler - Quartz Scheduler v.2.2.1 created.
2019-06-19 10:53:40.244 [main] INFO  org.quartz.core.QuartzScheduler - JobFactory set to: org.quartz.simpl.SimpleJobFactory@49e7e8f1
2019-06-19 10:53:40.244 [main] INFO  org.quartz.impl.jdbcjobstore.JobStoreTX - Using thread monitor-based data access locking (synchronization).
2019-06-19 10:53:40.245 [main] INFO  org.quartz.impl.jdbcjobstore.JobStoreTX - JobStoreTX initialized.
2019-06-19 10:53:40.246 [main] INFO  org.quartz.core.QuartzScheduler - Scheduler meta-data: Quartz Scheduler (v2.2.1) 'SchedulerFactory' with instanceId 'ETLScheduler'
  Scheduler class: 'org.quartz.core.QuartzScheduler' - running locally.
  NOT STARTED.
  Currently in standby mode.
  Number of jobs executed: 0
  Using thread pool 'org.quartz.simpl.SimpleThreadPool' - with 5 threads.
  Using job-store 'org.quartz.impl.jdbcjobstore.JobStoreTX' - which supports persistence. and is not clustered.

2019-06-19 10:53:40.246 [main] INFO  org.quartz.impl.StdSchedulerFactory - Quartz scheduler 'SchedulerFactory' initialized from an externally provided properties instance.
2019-06-19 10:53:40.246 [main] INFO  org.quartz.impl.StdSchedulerFactory - Quartz scheduler version: 2.2.1
2019-06-19 10:53:40.247 [main] INFO  org.quartz.core.QuartzScheduler - JobFactory set to: top.ruandb.config.MyJobFactory@106c988
2019-06-19 10:53:40.574 [main] INFO  org.springframework.scheduling.concurrent.ThreadPoolTaskExecutor - Initializing ExecutorService 'applicationTaskExecutor'
2019-06-19 10:53:41.037 [main] INFO  org.springframework.scheduling.quartz.SchedulerFactoryBean - Starting Quartz Scheduler now
2019-06-19 10:53:41.039 [main] INFO  com.alibaba.druid.pool.DruidDataSource - {dataSource-2} inited
2019-06-19 10:53:41.071 [main] INFO  org.quartz.impl.jdbcjobstore.JobStoreTX - Freed 0 triggers from 'acquired' / 'blocked' state.
2019-06-19 10:53:41.077 [main] INFO  org.quartz.impl.jdbcjobstore.JobStoreTX - Recovering 0 jobs that were in-progress at the time of the last shut-down.
2019-06-19 10:53:41.077 [main] INFO  org.quartz.impl.jdbcjobstore.JobStoreTX - Recovery complete.
2019-06-19 10:53:41.078 [main] INFO  org.quartz.impl.jdbcjobstore.JobStoreTX - Removed 0 'complete' triggers.
2019-06-19 10:53:41.080 [main] INFO  org.quartz.impl.jdbcjobstore.JobStoreTX - Removed 0 stale fired job entries.
2019-06-19 10:53:41.081 [main] INFO  org.quartz.core.QuartzScheduler - Scheduler SchedulerFactory_$_ETLScheduler started.
2019-06-19 10:53:41.097 [main] INFO  org.apache.coyote.http11.Http11NioProtocol - Starting ProtocolHandler ["http-nio-8080"]
2019-06-19 10:53:41.108 [main] INFO  org.apache.tomcat.util.net.NioSelectorPool - Using a shared selector for servlet write/read
2019-06-19 10:53:41.124 [main] INFO  org.springframework.boot.web.embedded.tomcat.TomcatWebServer - Tomcat started on port(s): 8080 (http) with context path ''
2019-06-19 10:53:41.127 [main] INFO  top.ruandb.EtlSchedulerApplication - Started EtlSchedulerApplication in 7.702 seconds (JVM running for 8.752)
2019-06-19 10:53:41.129 [main] INFO  top.ruandb.init.TaskInit - kettleåˆå§‹åŒ–å¼€å§‹-------------------------------------------------------->
2019-06-19 10:53:41.557 [main] INFO  top.ruandb.init.TaskInit - kettleåˆå§‹åŒ–ç»“æŸ-------------------------------------------------------->
2019-06-19 10:53:41.557 [main] INFO  top.ruandb.init.TaskInit - é‡æ–°å¯åŠ¨æ¸…ç©ºscheduler
2019-06-19 10:53:41.848 [main] INFO  top.ruandb.init.TaskInit - åˆå§‹åŒ–jobåˆ°è°ƒåº¦å™¨-------------------------------->jobname:usp_dim_zlzb_jbbz_zkks,usp_dim_zlzb_zlgl_lcjybb,usp_dim_zlzb_zlgl_lcjyzk,usp_dim_zyts,usp_dim_zy_ypyfk,usp_dim_zy_zlzxx,usp_dim_zy_zlzxx_ys
2019-06-19 10:53:41.880 [main] INFO  top.ruandb.init.TaskInit - åˆå§‹åŒ–jobåˆ°è°ƒåº¦å™¨-------------------------------->jobname:usp_dim_yyxx,usp_dim_zddmk_ba,usp_dim_zdjb,usp_dim_zdss,usp_dim_zljg,usp_dim_zlzb_bfzlx,usp_dim_zlzb_fmfs,usp_dim_zlzb_jbbz_dbz,usp_dim_zlzb_jbbz_dq,usp_dim_zlzb_jbbz_xzljs
2019-06-19 10:53:41.889 [main] INFO  top.ruandb.init.TaskInit - åˆå§‹åŒ–jobåˆ°è°ƒåº¦å™¨-------------------------------->jobname:usp_dim_yk_czdmk,usp_dim_ypdl,usp_dim_ypfl,usp_dim_ypjx,usp_dim_ypxx,usp_dim_ysxx_ba,usp_dim_yyfs,usp_dim_yygr_dcnyjxx,usp_dim_yygr_xgdgbw,usp_dim_yylb,usp_dim_yymd,usp_dim_yysjd
2019-06-19 10:53:41.898 [main] INFO  top.ruandb.init.TaskInit - åˆå§‹åŒ–jobåˆ°è°ƒåº¦å™¨-------------------------------->jobname:usp_dim_xydl,usp_dim_xyzlxx,usp_dim_ybflxx,usp_dim_yb_yblx,usp_dim_ycbw,usp_dim_ycfj,usp_dim_ycly,usp_dim_yfdmk,usp_dim_yf_czdmk,usp_dim_yg_ssfxdj,usp_dim_yg_ssgrbw,usp_dim_ykdmk
2019-06-19 10:53:41.907 [main] INFO  top.ruandb.init.TaskInit - åˆå§‹åŒ–jobåˆ°è°ƒåº¦å™¨-------------------------------->jobname:usp_dim_wzjb,usp_dim_wzsb_cblx,usp_dim_wzsb_kfxx,usp_dim_wzsb_wzkpxx,usp_dim_wzsb_wzpmggxx,usp_dim_wzsb_wz_djlb,usp_dim_wzsb_wz_ghdwxx,usp_dim_wzsb_wz_rkfs,usp_dim_xxxx
2019-06-19 10:53:41.915 [main] INFO  top.ruandb.init.TaskInit - åˆå§‹åŒ–jobåˆ°è°ƒåº¦å™¨-------------------------------->jobname:usp_dim_ssjb,usp_dim_ssmz_asamzfj,usp_dim_ssmz_mzfsfl,usp_dim_ssmz_sssjlx,usp_dim_ssxx,usp_dim_sxblfylx,usp_dim_sxfsxx,usp_dim_sxlyxx,usp_dim_sxytxx,usp_dim_time,usp_dim_tsypbz
2019-06-19 10:53:41.922 [main] INFO  top.ruandb.init.TaskInit - åˆå§‹åŒ–jobåˆ°è°ƒåº¦å™¨-------------------------------->jobname:usp_dim_rjssxx,usp_dim_sex,usp_dim_sfdxmk,usp_dim_sfxxmk,usp_dim_sf_cfsfjg,usp_dim_sf_cfwt,usp_dim_sf_cfwtfl,usp_dim_sf_cfwtjb,usp_dim_sf_ypyfk,usp_dim_ssbw,usp_dim_ssflxx
2019-06-19 10:53:41.930 [main] INFO  top.ruandb.init.TaskInit - åˆå§‹åŒ–jobåˆ°è°ƒåº¦å™¨-------------------------------->jobname:usp_dim_lclj,usp_dim_lcsfxmk,usp_dim_lis_instrument,usp_dim_lyfs,usp_dim_mjzbz,usp_dim_mzfs,usp_dim_mzzy,usp_dim_nld,usp_dim_qkdj,usp_dim_qzts,usp_dim_ris_instrument,usp_dim_rjssbz
2019-06-19 10:53:41.937 [main] INFO  top.ruandb.init.TaskInit - åˆå§‹åŒ–jobåˆ°è°ƒåº¦å™¨-------------------------------->jobname:usp_dim_jsk_ysyy,usp_dim_jsk_ztsxfs,usp_dim_jylb,usp_dim_jzzy_bqfj,usp_dim_jzzy_brqx,usp_dim_jzzy_cyfs,usp_dim_kfyxk_bfzlx,usp_dim_kfyxk_kflx,usp_dim_kssjb,usp_dim_ksxx_ba
2019-06-19 10:53:41.945 [main] INFO  top.ruandb.init.TaskInit - åˆå§‹åŒ–jobåˆ°è°ƒåº¦å™¨-------------------------------->jobname:usp_dim_aers_warningeventtype,usp_dim_bqdmk_ba,usp_dim_cflx,usp_dim_cfz,usp_dim_cyfs,usp_dim_czryk,usp_dim_ddshcdjb,usp_dim_ddyy,usp_dim_drgs_fxpgdj,usp_dim_fyck,usp_dim_ghlb
2019-06-19 10:53:41.953 [main] INFO  top.ruandb.init.TaskInit - åˆå§‹åŒ–jobåˆ°è°ƒåº¦å™¨-------------------------------->jobname:usp_dim_ghtj,usp_dim_ghyysjc,usp_dim_gysxx,usp_dim_hour,usp_dim_hsxm,usp_dim_jclb,usp_dim_jsk_txfs,usp_dim_jsk_xgtllb,usp_dim_jsk_xtzlfs,usp_dim_jsk_ysfs,usp_dim_jsk_ysgj
2019-06-19 10:53:41.962 [main] INFO  top.ruandb.init.TaskInit - åˆå§‹åŒ–jobåˆ°è°ƒåº¦å™¨-------------------------------->jobname:usp_dim_aers_eventyzcd,usp_dim_aers_medevent_ss_cwlx,usp_dim_aers_medicaleventtype,usp_dim_aers_nursevt_gl_bfzlx,usp_dim_aers_nursingeventtype,usp_dim_aers_ryzc
2019-06-19 10:53:41.978 [main] INFO  top.ruandb.init.TaskInit - åˆå§‹åŒ–jobåˆ°è°ƒåº¦å™¨-------------------------------->jobname:usp_dim_aers_bloodeventtype,usp_dim_aers_drugseventtype,usp_dim_aers_eventclfs,usp_dim_aers_eventconsequence,usp_dim_aers_eventdj,usp_dim_aers_eventtype
2019-06-19 10:53:41.990 [main] INFO  top.ruandb.init.TaskInit - åˆå§‹åŒ–jobåˆ°è°ƒåº¦å™¨-------------------------------->jobname:usp_fat_bacwsyqk,usp_fat_basyjb,usp_fat_basyss,usp_fat_basyzd,usp_fat_bq_brcwxxk
2019-06-19 10:53:41.997 [main] INFO  top.ruandb.init.TaskInit - åˆå§‹åŒ–jobåˆ°è°ƒåº¦å™¨-------------------------------->jobname:usp_fat_jcbgmx,usp_fat_jybgmx,usp_fat_mz_yffymx,usp_fat_sxxx,usp_fat_wzsb_sb_byxx,usp_fat_wzsb_sb_jlxx
2019-06-19 10:53:42.005 [main] INFO  top.ruandb.init.TaskInit - åˆå§‹åŒ–jobåˆ°è°ƒåº¦å™¨-------------------------------->jobname:usp_fat_wzsb_sb_srxx,usp_fat_wzsb_sb_wxxx,usp_fat_wzsb_sb_zjxx,usp_fat_wzsb_wz_bsxx,usp_fat_wzsb_wz_ckxx
2019-06-19 10:53:42.013 [main] INFO  top.ruandb.init.TaskInit - åˆå§‹åŒ–jobåˆ°è°ƒåº¦å™¨-------------------------------->jobname:usp_fat_wzsb_wz_qlxx,usp_fat_wzsb_wz_rkxx,usp_fat_wzsb_wz_wtdxxx,usp_fat_wzsb_wz_xhxx,usp_fat_wzsb_wz_ykxx
2019-06-19 10:53:42.021 [main] INFO  top.ruandb.init.TaskInit - åˆå§‹åŒ–jobåˆ°è°ƒåº¦å™¨-------------------------------->jobname:usp_fat_wzsb_wz_zgxx,usp_fat_yf_ypczmx,usp_fat_yk_ypczmx,usp_fat_yygh_pbxx,usp_fat_yy_mz_yyrc
2019-06-19 10:53:42.029 [main] INFO  top.ruandb.init.TaskInit - åˆå§‹åŒ–jobåˆ°è°ƒåº¦å™¨-------------------------------->jobname:usp_fat_zlzb_zlgl_lcjybb,usp_fat_zlzb_zlgl_lcjyzk,usp_fat_zy_cwsyqk,usp_fat_zy_rjssbrfy_fat
2019-06-19 10:53:42.038 [main] INFO  top.ruandb.init.TaskInit - åˆå§‹åŒ–jobåˆ°è°ƒåº¦å™¨-------------------------------->jobname:usp_fat_zy_rjsshzxx,usp_fat_zy_rjssxx,usp_fat_zy_ryywl,usp_fat_zy_yffymx,usp_fat_zy_zyfy_zy
2019-06-19 10:53:42.046 [main] INFO  top.ruandb.init.TaskInit - åˆå§‹åŒ–jobåˆ°è°ƒåº¦å™¨-------------------------------->jobname:usp_fat_mz_ybjsxx,usp_fat_mz_mzfy,usp_fat_mz_mzywl
2019-06-19 10:53:42.054 [main] INFO  top.ruandb.init.TaskInit - åˆå§‹åŒ–jobåˆ°è°ƒåº¦å™¨-------------------------------->jobname:usp_fat_zy_ybjsxx,usp_fat_zy_zyfy,usp_fat_zy_zyywl
2019-06-19 10:53:42.063 [main] INFO  top.ruandb.init.TaskInit - åˆå§‹åŒ–jobåˆ°è°ƒåº¦å™¨-------------------------------->jobname:usp_fact_yy_mz_jzrc_fat,usp_fact_yy_mz_patid_fat,usp_fact_yy_mz_yyrc_fat,usp_fact_yygh_pbxx_fat,usp_fact_yy_mz_tjrc_fat
2019-06-19 10:53:42.069 [main] INFO  top.ruandb.init.TaskInit - åˆå§‹åŒ–jobåˆ°è°ƒåº¦å™¨-------------------------------->jobname:usp_fact_fy_mz_fyfx_fat,usp_fact_fy_zy_fyfx_fat,usp_fact_fy_zy_fyfx_zxrq_fat,usp_fact_yy_zy_cyywlfx_fat,usp_fact_yy_zy_ryywlfx_fat
2019-06-19 10:53:42.076 [main] INFO  top.ruandb.init.TaskInit - åˆå§‹åŒ–jobåˆ°è°ƒåº¦å™¨-------------------------------->jobname:usp_fact_yy_zy_lcljfx_fat,usp_fact_yy_zy_zrzcfx_fat,usp_fact_yb_mz_fyfx_fat,usp_fact_yb_zy_fyfx_fat,usp_fact_yb_ybzkfx_fat
2019-06-19 10:53:42.082 [main] INFO  top.ruandb.init.TaskInit - åˆå§‹åŒ–jobåˆ°è°ƒåº¦å™¨-------------------------------->jobname:usp_fact_yy_zybrzyl_fat,usp_fact_zy_zycwxl,usp_fact_yy_zy_cwsyqk_fat,usp_fact_yp_mz_fyfx_fat
2019-06-19 10:53:42.088 [main] INFO  top.ruandb.init.TaskInit - åˆå§‹åŒ–jobåˆ°è°ƒåº¦å™¨-------------------------------->jobname:usp_fact_yp_cflfx_fat,usp_fact_yp_zy_fyfx_fat,usp_fact_yp_zy_fyfx_zxrq_fat,usp_fact_yp_mz_yffygzl_fat,usp_fact_yp_zy_yffygzl_fat
2019-06-19 10:53:42.111 [main] INFO  top.ruandb.init.TaskInit - åˆå§‹åŒ–jobåˆ°è°ƒåº¦å™¨-------------------------------->jobname:usp_fact_yp_jxcfx_yf_fat,usp_fact_yp_jxcfx_yk_fat,usp_fact_ba_ss_zyssywlfx_fat,usp_fact_yy_ss_mzssywlfx_fat,usp_fact_yy_ss_rjssywlfx_fat
2019-06-19 10:53:42.120 [main] INFO  top.ruandb.init.TaskInit - åˆå§‹åŒ–jobåˆ°è°ƒåº¦å™¨-------------------------------->jobname:usp_fact_ba_zy_back15_30_fat,usp_fact_ba_zy_cwsyqk_fat,usp_fact_ba_zy_cyywlfx_fat,usp_fact_lis_list_fat,usp_fact_lis_list_mx_fat
2019-06-19 10:53:42.129 [main] INFO  top.ruandb.init.TaskInit - åˆå§‹åŒ–jobåˆ°è°ƒåº¦å™¨-------------------------------->jobname:usp_fact_ris_list_fat,usp_fact_ris_list_mx_fat,usp_fact_xk_sxfx_fat,usp_fact_zqhy_jzrc_fat,usp_fact_zqhy_mzpatid_fat
2019-06-19 10:53:42.138 [main] INFO  top.ruandb.init.TaskInit - åˆå§‹åŒ–jobåˆ°è°ƒåº¦å™¨-------------------------------->jobname:usp_fact_wzsb_sb_sbgzl_fat,usp_fact_wzsb_wz_bsxx_fat,usp_fact_wzsb_wz_ckxx_fat,usp_fact_wzsb_wz_qlxx_fat,usp_fact_wzsb_wz_rkxx_fat
2019-06-19 10:53:42.147 [main] INFO  top.ruandb.init.TaskInit - åˆå§‹åŒ–jobåˆ°è°ƒåº¦å™¨-------------------------------->jobname:usp_fact_wzsb_wz_wtdxxx_fat,usp_fact_wzsb_wz_xhxx_fat,usp_fact_wzsb_wz_ykxx_fat,usp_fact_wzsb_wz_zgxx_fat
2019-06-19 10:53:42.155 [main] INFO  top.ruandb.init.TaskInit - åˆå§‹åŒ–jobåˆ°è°ƒåº¦å™¨-------------------------------->jobname:usp_hd_zbmx_hz,usp_hd_zbmx_hz_ys
2019-06-19 10:53:42.161 [main] INFO  top.ruandb.init.TaskInit - åˆå§‹åŒ–jobåˆ°è°ƒåº¦å™¨-------------------------------->jobname:usp_producure_log
2019-06-19 10:53:42.166 [main] INFO  top.ruandb.init.TaskInit - åˆå§‹åŒ–jobåˆ°è°ƒåº¦å™¨-------------------------------->jobname:usp_fact_dim_yp_dim
2019-06-19 10:53:42.625 [main] INFO  top.ruandb.init.TaskInit - ----------------------->ä¾èµ–åˆå§‹åŒ–å¼€å§‹
2019-06-19 10:53:42.630 [main] INFO  top.ruandb.init.TaskInit - jobMap--->{22=PENDDING, 44=PENDDING, 23=PENDDING, 45=PENDDING, 24=PENDDING, 46=PENDDING, 25=PENDDING, 47=PENDDING, 26=PENDDING, 48=PENDDING, 27=PENDDING, 28=PENDDING, 29=PENDDING, 30=PENDDING, 31=PENDDING, 32=PENDDING, 33=PENDDING, 34=PENDDING, 13=PENDDING, 35=PENDDING, 14=PENDDING, 36=PENDDING, 15=PENDDING, 16=PENDDING, 38=PENDDING, 17=PENDDING, 39=PENDDING, 18=PENDDING, 19=PENDDING, 40=PENDDING, 41=PENDDING, 20=PENDDING, 42=PENDDING, 21=PENDDING, 43=PENDDING}
2019-06-19 10:53:42.630 [main] INFO  top.ruandb.init.TaskInit - groupMap--->{A=[13, 14, 15, 16, 17, 18, 19, 20, 21, 22, 23, 24, 25], B=[26, 27, 28, 29, 30, 31, 32, 33, 34], C=[35, 36, 38, 39, 40, 41, 42, 43, 44, 45, 48], D=[46, 47]}
2019-06-19 10:53:42.630 [main] INFO  top.ruandb.init.TaskInit - jobMap,groupMap----------------------->ä¾èµ–åˆå§‹åŒ–æˆåŠŸ
2019-06-19 10:53:42.630 [main] INFO  top.ruandb.init.TaskInit - ----------------------->å®šæ—¶ä¾èµ–åˆå§‹åŒ–å¼€å§‹
2019-06-19 10:53:42.636 [main] INFO  top.ruandb.init.TaskInit - ----------------------->å®šæ—¶ä¾èµ–åˆå§‹åŒ–ç»“æŸ
2019-06-19 10:54:01.234 [RMI TCP Connection(2)-127.0.0.1] INFO  org.springframework.boot.admin.SpringApplicationAdminMXBeanRegistrar$SpringApplicationAdmin - Application shutdown requested.
2019-06-19 10:54:01.236 [RMI TCP Connection(2)-127.0.0.1] INFO  org.quartz.core.QuartzScheduler - Scheduler SchedulerFactory_$_ETLScheduler paused.
2019-06-19 10:54:01.237 [RMI TCP Connection(2)-127.0.0.1] INFO  org.springframework.scheduling.concurrent.ThreadPoolTaskExecutor - Shutting down ExecutorService 'applicationTaskExecutor'
2019-06-19 10:54:01.237 [RMI TCP Connection(2)-127.0.0.1] INFO  org.quartz.core.QuartzScheduler - Scheduler SchedulerFactory_$_ETLScheduler shutting down.
2019-06-19 10:54:01.238 [RMI TCP Connection(2)-127.0.0.1] INFO  org.quartz.core.QuartzScheduler - Scheduler SchedulerFactory_$_ETLScheduler paused.
2019-06-19 10:54:01.242 [RMI TCP Connection(2)-127.0.0.1] INFO  com.alibaba.druid.pool.DruidDataSource - {dataSource-2} closed
2019-06-19 10:54:01.242 [RMI TCP Connection(2)-127.0.0.1] INFO  org.quartz.core.QuartzScheduler - Scheduler SchedulerFactory_$_ETLScheduler shutdown complete.
2019-06-19 10:54:01.243 [RMI TCP Connection(2)-127.0.0.1] INFO  org.springframework.scheduling.quartz.SchedulerFactoryBean - Shutting down Quartz Scheduler
2019-06-19 10:54:01.243 [RMI TCP Connection(2)-127.0.0.1] INFO  org.springframework.orm.jpa.LocalContainerEntityManagerFactoryBean - Closing JPA EntityManagerFactory for persistence unit 'default'
2019-06-19 10:54:01.247 [RMI TCP Connection(2)-127.0.0.1] INFO  com.alibaba.druid.pool.DruidDataSource - {dataSource-1} closed
2019-06-19 10:54:19.634 [main] INFO  top.ruandb.EtlSchedulerApplicationTests - Starting EtlSchedulerApplicationTests on LAPTOP-MK6P63H0 with PID 8228 (started by rdb in C:\Java\eclipse-workspace2\ETLScheduler)
2019-06-19 10:54:19.636 [main] INFO  top.ruandb.EtlSchedulerApplicationTests - No active profile set, falling back to default profiles: default
2019-06-19 10:54:21.442 [main] INFO  org.springframework.data.repository.config.RepositoryConfigurationDelegate - Bootstrapping Spring Data repositories in DEFAULT mode.
2019-06-19 10:54:21.740 [main] INFO  org.springframework.data.repository.config.RepositoryConfigurationDelegate - Finished Spring Data repository scanning in 282ms. Found 4 repository interfaces.
2019-06-19 10:54:22.694 [main] INFO  org.springframework.context.support.PostProcessorRegistrationDelegate$BeanPostProcessorChecker - Bean 'org.springframework.transaction.annotation.ProxyTransactionManagementConfiguration' of type [org.springframework.transaction.annotation.ProxyTransactionManagementConfiguration$$EnhancerBySpringCGLIB$$26743a33] is not eligible for getting processed by all BeanPostProcessors (for example: not eligible for auto-proxying)
2019-06-19 10:54:22.763 [main] INFO  org.springframework.context.support.PostProcessorRegistrationDelegate$BeanPostProcessorChecker - Bean 'shiroConfig' of type [top.ruandb.config.ShiroConfig$$EnhancerBySpringCGLIB$$51d16d86] is not eligible for getting processed by all BeanPostProcessors (for example: not eligible for auto-proxying)
2019-06-19 10:54:23.565 [main] INFO  org.springframework.context.support.PostProcessorRegistrationDelegate$BeanPostProcessorChecker - Bean 'myRealm' of type [top.ruandb.config.MyRealm] is not eligible for getting processed by all BeanPostProcessors (for example: not eligible for auto-proxying)
2019-06-19 10:54:23.618 [main] INFO  org.springframework.context.support.PostProcessorRegistrationDelegate$BeanPostProcessorChecker - Bean 'securityManager' of type [org.apache.shiro.web.mgt.DefaultWebSecurityManager] is not eligible for getting processed by all BeanPostProcessors (for example: not eligible for auto-proxying)
2019-06-19 10:54:24.518 [main] INFO  com.alibaba.druid.pool.DruidDataSource - {dataSource-1} inited
2019-06-19 10:54:25.050 [main] INFO  org.hibernate.jpa.internal.util.LogHelper - HHH000204: Processing PersistenceUnitInfo [
	name: default
	...]
2019-06-19 10:54:25.224 [main] INFO  org.hibernate.Version - HHH000412: Hibernate Core {5.3.7.Final}
2019-06-19 10:54:25.229 [main] INFO  org.hibernate.cfg.Environment - HHH000206: hibernate.properties not found
2019-06-19 10:54:25.763 [main] INFO  org.hibernate.annotations.common.Version - HCANN000001: Hibernate Commons Annotations {5.0.4.Final}
2019-06-19 10:54:26.190 [main] INFO  org.hibernate.dialect.Dialect - HHH000400: Using dialect: org.hibernate.dialect.SQLServer2012Dialect
2019-06-19 10:54:28.221 [main] INFO  org.springframework.orm.jpa.LocalContainerEntityManagerFactoryBean - Initialized JPA EntityManagerFactory for persistence unit 'default'
2019-06-19 10:54:28.257 [main] INFO  org.springframework.beans.factory.annotation.AutowiredAnnotationBeanPostProcessor - Autowired annotation is not supported on static methods: public static void top.ruandb.config.ProcedureConfig.setPROCEDURE_PRO(java.lang.String)
2019-06-19 10:54:29.005 [main] INFO  org.hibernate.hql.internal.QueryTranslatorFactoryInitiator - HHH000397: Using ASTQueryTranslatorFactory
2019-06-19 10:54:29.712 [main] INFO  org.quartz.impl.StdSchedulerFactory - Using default implementation for ThreadExecutor
2019-06-19 10:54:29.745 [main] INFO  org.quartz.core.SchedulerSignalerImpl - Initialized Scheduler Signaller of type: class org.quartz.core.SchedulerSignalerImpl
2019-06-19 10:54:29.746 [main] INFO  org.quartz.core.QuartzScheduler - Quartz Scheduler v.2.2.1 created.
2019-06-19 10:54:29.748 [main] INFO  org.quartz.core.QuartzScheduler - JobFactory set to: org.quartz.simpl.SimpleJobFactory@5597ca3
2019-06-19 10:54:29.748 [main] INFO  org.quartz.impl.jdbcjobstore.JobStoreTX - Using thread monitor-based data access locking (synchronization).
2019-06-19 10:54:29.760 [main] INFO  org.quartz.impl.jdbcjobstore.JobStoreTX - JobStoreTX initialized.
2019-06-19 10:54:29.762 [main] INFO  org.quartz.core.QuartzScheduler - Scheduler meta-data: Quartz Scheduler (v2.2.1) 'SchedulerFactory' with instanceId 'ETLScheduler'
  Scheduler class: 'org.quartz.core.QuartzScheduler' - running locally.
  NOT STARTED.
  Currently in standby mode.
  Number of jobs executed: 0
  Using thread pool 'org.quartz.simpl.SimpleThreadPool' - with 5 threads.
  Using job-store 'org.quartz.impl.jdbcjobstore.JobStoreTX' - which supports persistence. and is not clustered.

2019-06-19 10:54:29.762 [main] INFO  org.quartz.impl.StdSchedulerFactory - Quartz scheduler 'SchedulerFactory' initialized from an externally provided properties instance.
2019-06-19 10:54:29.763 [main] INFO  org.quartz.impl.StdSchedulerFactory - Quartz scheduler version: 2.2.1
2019-06-19 10:54:29.764 [main] INFO  org.quartz.core.QuartzScheduler - JobFactory set to: top.ruandb.config.MyJobFactory@609b041c
2019-06-19 10:54:31.733 [main] INFO  org.springframework.scheduling.concurrent.ThreadPoolTaskExecutor - Initializing ExecutorService 'applicationTaskExecutor'
2019-06-19 10:54:32.995 [main] INFO  org.springframework.scheduling.quartz.SchedulerFactoryBean - Starting Quartz Scheduler now
2019-06-19 10:54:32.999 [main] INFO  com.alibaba.druid.pool.DruidDataSource - {dataSource-2} inited
2019-06-19 10:54:33.037 [main] INFO  org.quartz.impl.jdbcjobstore.JobStoreTX - Freed 0 triggers from 'acquired' / 'blocked' state.
2019-06-19 10:54:33.042 [main] INFO  org.quartz.impl.jdbcjobstore.JobStoreTX - Recovering 0 jobs that were in-progress at the time of the last shut-down.
2019-06-19 10:54:33.043 [main] INFO  org.quartz.impl.jdbcjobstore.JobStoreTX - Recovery complete.
2019-06-19 10:54:33.045 [main] INFO  org.quartz.impl.jdbcjobstore.JobStoreTX - Removed 0 'complete' triggers.
2019-06-19 10:54:33.046 [main] INFO  org.quartz.impl.jdbcjobstore.JobStoreTX - Removed 0 stale fired job entries.
2019-06-19 10:54:33.050 [main] INFO  org.quartz.core.QuartzScheduler - Scheduler SchedulerFactory_$_ETLScheduler started.
2019-06-19 10:54:33.073 [main] INFO  top.ruandb.EtlSchedulerApplicationTests - Started EtlSchedulerApplicationTests in 14.506 seconds (JVM running for 16.381)
2019-06-19 10:54:33.079 [main] INFO  top.ruandb.init.TaskInit - kettle³õÊ¼»¯¿ªÊ¼-------------------------------------------------------->
2019-06-19 10:54:33.994 [main] INFO  top.ruandb.init.TaskInit - kettle³õÊ¼»¯½áÊø-------------------------------------------------------->
2019-06-19 10:54:34.008 [main] INFO  top.ruandb.init.TaskInit - ÖØÐÂÆô¶¯Çå¿Õscheduler
2019-06-19 10:54:34.184 [main] INFO  top.ruandb.init.TaskInit - ³õÊ¼»¯jobµ½µ÷¶ÈÆ÷-------------------------------->jobname:usp_dim_zlzb_jbbz_zkks,usp_dim_zlzb_zlgl_lcjybb,usp_dim_zlzb_zlgl_lcjyzk,usp_dim_zyts,usp_dim_zy_ypyfk,usp_dim_zy_zlzxx,usp_dim_zy_zlzxx_ys
2019-06-19 10:54:34.236 [main] INFO  top.ruandb.init.TaskInit - ³õÊ¼»¯jobµ½µ÷¶ÈÆ÷-------------------------------->jobname:usp_dim_yyxx,usp_dim_zddmk_ba,usp_dim_zdjb,usp_dim_zdss,usp_dim_zljg,usp_dim_zlzb_bfzlx,usp_dim_zlzb_fmfs,usp_dim_zlzb_jbbz_dbz,usp_dim_zlzb_jbbz_dq,usp_dim_zlzb_jbbz_xzljs
2019-06-19 10:54:34.264 [main] INFO  top.ruandb.init.TaskInit - ³õÊ¼»¯jobµ½µ÷¶ÈÆ÷-------------------------------->jobname:usp_dim_yk_czdmk,usp_dim_ypdl,usp_dim_ypfl,usp_dim_ypjx,usp_dim_ypxx,usp_dim_ysxx_ba,usp_dim_yyfs,usp_dim_yygr_dcnyjxx,usp_dim_yygr_xgdgbw,usp_dim_yylb,usp_dim_yymd,usp_dim_yysjd
2019-06-19 10:54:34.280 [main] INFO  top.ruandb.init.TaskInit - ³õÊ¼»¯jobµ½µ÷¶ÈÆ÷-------------------------------->jobname:usp_dim_xydl,usp_dim_xyzlxx,usp_dim_ybflxx,usp_dim_yb_yblx,usp_dim_ycbw,usp_dim_ycfj,usp_dim_ycly,usp_dim_yfdmk,usp_dim_yf_czdmk,usp_dim_yg_ssfxdj,usp_dim_yg_ssgrbw,usp_dim_ykdmk
2019-06-19 10:54:34.304 [main] INFO  top.ruandb.init.TaskInit - ³õÊ¼»¯jobµ½µ÷¶ÈÆ÷-------------------------------->jobname:usp_dim_wzjb,usp_dim_wzsb_cblx,usp_dim_wzsb_kfxx,usp_dim_wzsb_wzkpxx,usp_dim_wzsb_wzpmggxx,usp_dim_wzsb_wz_djlb,usp_dim_wzsb_wz_ghdwxx,usp_dim_wzsb_wz_rkfs,usp_dim_xxxx
2019-06-19 10:54:34.327 [main] INFO  top.ruandb.init.TaskInit - ³õÊ¼»¯jobµ½µ÷¶ÈÆ÷-------------------------------->jobname:usp_dim_ssjb,usp_dim_ssmz_asamzfj,usp_dim_ssmz_mzfsfl,usp_dim_ssmz_sssjlx,usp_dim_ssxx,usp_dim_sxblfylx,usp_dim_sxfsxx,usp_dim_sxlyxx,usp_dim_sxytxx,usp_dim_time,usp_dim_tsypbz
2019-06-19 10:54:34.342 [main] INFO  top.ruandb.init.TaskInit - ³õÊ¼»¯jobµ½µ÷¶ÈÆ÷-------------------------------->jobname:usp_dim_rjssxx,usp_dim_sex,usp_dim_sfdxmk,usp_dim_sfxxmk,usp_dim_sf_cfsfjg,usp_dim_sf_cfwt,usp_dim_sf_cfwtfl,usp_dim_sf_cfwtjb,usp_dim_sf_ypyfk,usp_dim_ssbw,usp_dim_ssflxx
2019-06-19 10:54:34.369 [main] INFO  top.ruandb.init.TaskInit - ³õÊ¼»¯jobµ½µ÷¶ÈÆ÷-------------------------------->jobname:usp_dim_lclj,usp_dim_lcsfxmk,usp_dim_lis_instrument,usp_dim_lyfs,usp_dim_mjzbz,usp_dim_mzfs,usp_dim_mzzy,usp_dim_nld,usp_dim_qkdj,usp_dim_qzts,usp_dim_ris_instrument,usp_dim_rjssbz
2019-06-19 10:54:34.400 [main] INFO  top.ruandb.init.TaskInit - ³õÊ¼»¯jobµ½µ÷¶ÈÆ÷-------------------------------->jobname:usp_dim_jsk_ysyy,usp_dim_jsk_ztsxfs,usp_dim_jylb,usp_dim_jzzy_bqfj,usp_dim_jzzy_brqx,usp_dim_jzzy_cyfs,usp_dim_kfyxk_bfzlx,usp_dim_kfyxk_kflx,usp_dim_kssjb,usp_dim_ksxx_ba
2019-06-19 10:54:34.413 [main] INFO  top.ruandb.init.TaskInit - ³õÊ¼»¯jobµ½µ÷¶ÈÆ÷-------------------------------->jobname:usp_dim_aers_warningeventtype,usp_dim_bqdmk_ba,usp_dim_cflx,usp_dim_cfz,usp_dim_cyfs,usp_dim_czryk,usp_dim_ddshcdjb,usp_dim_ddyy,usp_dim_drgs_fxpgdj,usp_dim_fyck,usp_dim_ghlb
2019-06-19 10:54:34.447 [main] INFO  top.ruandb.init.TaskInit - ³õÊ¼»¯jobµ½µ÷¶ÈÆ÷-------------------------------->jobname:usp_dim_ghtj,usp_dim_ghyysjc,usp_dim_gysxx,usp_dim_hour,usp_dim_hsxm,usp_dim_jclb,usp_dim_jsk_txfs,usp_dim_jsk_xgtllb,usp_dim_jsk_xtzlfs,usp_dim_jsk_ysfs,usp_dim_jsk_ysgj
2019-06-19 10:54:34.461 [main] INFO  top.ruandb.init.TaskInit - ³õÊ¼»¯jobµ½µ÷¶ÈÆ÷-------------------------------->jobname:usp_dim_aers_eventyzcd,usp_dim_aers_medevent_ss_cwlx,usp_dim_aers_medicaleventtype,usp_dim_aers_nursevt_gl_bfzlx,usp_dim_aers_nursingeventtype,usp_dim_aers_ryzc
2019-06-19 10:54:34.474 [main] INFO  top.ruandb.init.TaskInit - ³õÊ¼»¯jobµ½µ÷¶ÈÆ÷-------------------------------->jobname:usp_dim_aers_bloodeventtype,usp_dim_aers_drugseventtype,usp_dim_aers_eventclfs,usp_dim_aers_eventconsequence,usp_dim_aers_eventdj,usp_dim_aers_eventtype
2019-06-19 10:54:34.486 [main] INFO  top.ruandb.init.TaskInit - ³õÊ¼»¯jobµ½µ÷¶ÈÆ÷-------------------------------->jobname:usp_fat_bacwsyqk,usp_fat_basyjb,usp_fat_basyss,usp_fat_basyzd,usp_fat_bq_brcwxxk
2019-06-19 10:54:34.507 [main] INFO  top.ruandb.init.TaskInit - ³õÊ¼»¯jobµ½µ÷¶ÈÆ÷-------------------------------->jobname:usp_fat_jcbgmx,usp_fat_jybgmx,usp_fat_mz_yffymx,usp_fat_sxxx,usp_fat_wzsb_sb_byxx,usp_fat_wzsb_sb_jlxx
2019-06-19 10:54:34.519 [main] INFO  top.ruandb.init.TaskInit - ³õÊ¼»¯jobµ½µ÷¶ÈÆ÷-------------------------------->jobname:usp_fat_wzsb_sb_srxx,usp_fat_wzsb_sb_wxxx,usp_fat_wzsb_sb_zjxx,usp_fat_wzsb_wz_bsxx,usp_fat_wzsb_wz_ckxx
2019-06-19 10:54:34.532 [main] INFO  top.ruandb.init.TaskInit - ³õÊ¼»¯jobµ½µ÷¶ÈÆ÷-------------------------------->jobname:usp_fat_wzsb_wz_qlxx,usp_fat_wzsb_wz_rkxx,usp_fat_wzsb_wz_wtdxxx,usp_fat_wzsb_wz_xhxx,usp_fat_wzsb_wz_ykxx
2019-06-19 10:54:34.555 [main] INFO  top.ruandb.init.TaskInit - ³õÊ¼»¯jobµ½µ÷¶ÈÆ÷-------------------------------->jobname:usp_fat_wzsb_wz_zgxx,usp_fat_yf_ypczmx,usp_fat_yk_ypczmx,usp_fat_yygh_pbxx,usp_fat_yy_mz_yyrc
2019-06-19 10:54:34.574 [main] INFO  top.ruandb.init.TaskInit - ³õÊ¼»¯jobµ½µ÷¶ÈÆ÷-------------------------------->jobname:usp_fat_zlzb_zlgl_lcjybb,usp_fat_zlzb_zlgl_lcjyzk,usp_fat_zy_cwsyqk,usp_fat_zy_rjssbrfy_fat
2019-06-19 10:54:34.596 [main] INFO  top.ruandb.init.TaskInit - ³õÊ¼»¯jobµ½µ÷¶ÈÆ÷-------------------------------->jobname:usp_fat_zy_rjsshzxx,usp_fat_zy_rjssxx,usp_fat_zy_ryywl,usp_fat_zy_yffymx,usp_fat_zy_zyfy_zy
2019-06-19 10:54:34.610 [main] INFO  top.ruandb.init.TaskInit - ³õÊ¼»¯jobµ½µ÷¶ÈÆ÷-------------------------------->jobname:usp_fat_mz_ybjsxx,usp_fat_mz_mzfy,usp_fat_mz_mzywl
2019-06-19 10:54:34.623 [main] INFO  top.ruandb.init.TaskInit - ³õÊ¼»¯jobµ½µ÷¶ÈÆ÷-------------------------------->jobname:usp_fat_zy_ybjsxx,usp_fat_zy_zyfy,usp_fat_zy_zyywl
2019-06-19 10:54:34.639 [main] INFO  top.ruandb.init.TaskInit - ³õÊ¼»¯jobµ½µ÷¶ÈÆ÷-------------------------------->jobname:usp_fact_yy_mz_jzrc_fat,usp_fact_yy_mz_patid_fat,usp_fact_yy_mz_yyrc_fat,usp_fact_yygh_pbxx_fat,usp_fact_yy_mz_tjrc_fat
2019-06-19 10:54:34.664 [main] INFO  top.ruandb.init.TaskInit - ³õÊ¼»¯jobµ½µ÷¶ÈÆ÷-------------------------------->jobname:usp_fact_fy_mz_fyfx_fat,usp_fact_fy_zy_fyfx_fat,usp_fact_fy_zy_fyfx_zxrq_fat,usp_fact_yy_zy_cyywlfx_fat,usp_fact_yy_zy_ryywlfx_fat
2019-06-19 10:54:34.683 [main] INFO  top.ruandb.init.TaskInit - ³õÊ¼»¯jobµ½µ÷¶ÈÆ÷-------------------------------->jobname:usp_fact_yy_zy_lcljfx_fat,usp_fact_yy_zy_zrzcfx_fat,usp_fact_yb_mz_fyfx_fat,usp_fact_yb_zy_fyfx_fat,usp_fact_yb_ybzkfx_fat
2019-06-19 10:54:34.695 [main] INFO  top.ruandb.init.TaskInit - ³õÊ¼»¯jobµ½µ÷¶ÈÆ÷-------------------------------->jobname:usp_fact_yy_zybrzyl_fat,usp_fact_zy_zycwxl,usp_fact_yy_zy_cwsyqk_fat,usp_fact_yp_mz_fyfx_fat
2019-06-19 10:54:34.708 [main] INFO  top.ruandb.init.TaskInit - ³õÊ¼»¯jobµ½µ÷¶ÈÆ÷-------------------------------->jobname:usp_fact_yp_cflfx_fat,usp_fact_yp_zy_fyfx_fat,usp_fact_yp_zy_fyfx_zxrq_fat,usp_fact_yp_mz_yffygzl_fat,usp_fact_yp_zy_yffygzl_fat
2019-06-19 10:54:34.719 [main] INFO  top.ruandb.init.TaskInit - ³õÊ¼»¯jobµ½µ÷¶ÈÆ÷-------------------------------->jobname:usp_fact_yp_jxcfx_yf_fat,usp_fact_yp_jxcfx_yk_fat,usp_fact_ba_ss_zyssywlfx_fat,usp_fact_yy_ss_mzssywlfx_fat,usp_fact_yy_ss_rjssywlfx_fat
2019-06-19 10:54:34.733 [main] INFO  top.ruandb.init.TaskInit - ³õÊ¼»¯jobµ½µ÷¶ÈÆ÷-------------------------------->jobname:usp_fact_ba_zy_back15_30_fat,usp_fact_ba_zy_cwsyqk_fat,usp_fact_ba_zy_cyywlfx_fat,usp_fact_lis_list_fat,usp_fact_lis_list_mx_fat
2019-06-19 10:54:34.745 [main] INFO  top.ruandb.init.TaskInit - ³õÊ¼»¯jobµ½µ÷¶ÈÆ÷-------------------------------->jobname:usp_fact_ris_list_fat,usp_fact_ris_list_mx_fat,usp_fact_xk_sxfx_fat,usp_fact_zqhy_jzrc_fat,usp_fact_zqhy_mzpatid_fat
2019-06-19 10:54:34.762 [main] INFO  top.ruandb.init.TaskInit - ³õÊ¼»¯jobµ½µ÷¶ÈÆ÷-------------------------------->jobname:usp_fact_wzsb_sb_sbgzl_fat,usp_fact_wzsb_wz_bsxx_fat,usp_fact_wzsb_wz_ckxx_fat,usp_fact_wzsb_wz_qlxx_fat,usp_fact_wzsb_wz_rkxx_fat
2019-06-19 10:54:34.778 [main] INFO  top.ruandb.init.TaskInit - ³õÊ¼»¯jobµ½µ÷¶ÈÆ÷-------------------------------->jobname:usp_fact_wzsb_wz_wtdxxx_fat,usp_fact_wzsb_wz_xhxx_fat,usp_fact_wzsb_wz_ykxx_fat,usp_fact_wzsb_wz_zgxx_fat
2019-06-19 10:54:34.802 [main] INFO  top.ruandb.init.TaskInit - ³õÊ¼»¯jobµ½µ÷¶ÈÆ÷-------------------------------->jobname:usp_hd_zbmx_hz,usp_hd_zbmx_hz_ys
2019-06-19 10:54:34.815 [main] INFO  top.ruandb.init.TaskInit - ³õÊ¼»¯jobµ½µ÷¶ÈÆ÷-------------------------------->jobname:usp_producure_log
2019-06-19 10:54:34.826 [main] INFO  top.ruandb.init.TaskInit - ³õÊ¼»¯jobµ½µ÷¶ÈÆ÷-------------------------------->jobname:usp_fact_dim_yp_dim
2019-06-19 10:54:35.451 [main] INFO  top.ruandb.init.TaskInit - ----------------------->ÒÀÀµ³õÊ¼»¯¿ªÊ¼
2019-06-19 10:54:35.458 [main] INFO  top.ruandb.init.TaskInit - jobMap--->{22=PENDDING, 44=PENDDING, 23=PENDDING, 45=PENDDING, 24=PENDDING, 46=PENDDING, 25=PENDDING, 47=PENDDING, 26=PENDDING, 48=PENDDING, 27=PENDDING, 28=PENDDING, 29=PENDDING, 30=PENDDING, 31=PENDDING, 32=PENDDING, 33=PENDDING, 34=PENDDING, 13=PENDDING, 35=PENDDING, 14=PENDDING, 36=PENDDING, 15=PENDDING, 16=PENDDING, 38=PENDDING, 17=PENDDING, 39=PENDDING, 18=PENDDING, 19=PENDDING, 40=PENDDING, 41=PENDDING, 20=PENDDING, 42=PENDDING, 21=PENDDING, 43=PENDDING}
2019-06-19 10:54:35.458 [main] INFO  top.ruandb.init.TaskInit - groupMap--->{A=[13, 14, 15, 16, 17, 18, 19, 20, 21, 22, 23, 24, 25], B=[26, 27, 28, 29, 30, 31, 32, 33, 34], C=[35, 36, 38, 39, 40, 41, 42, 43, 44, 45, 48], D=[46, 47]}
2019-06-19 10:54:35.458 [main] INFO  top.ruandb.init.TaskInit - jobMap,groupMap----------------------->ÒÀÀµ³õÊ¼»¯³É¹¦
2019-06-19 10:54:35.459 [main] INFO  top.ruandb.init.TaskInit - ----------------------->¶¨Ê±ÒÀÀµ³õÊ¼»¯¿ªÊ¼
2019-06-19 10:54:35.467 [main] INFO  top.ruandb.init.TaskInit - ----------------------->¶¨Ê±ÒÀÀµ³õÊ¼»¯½áÊø
2019-06-19 10:54:35.727 [Thread-3] INFO  org.quartz.core.QuartzScheduler - Scheduler SchedulerFactory_$_ETLScheduler paused.
2019-06-19 10:54:35.729 [Thread-3] INFO  org.springframework.scheduling.concurrent.ThreadPoolTaskExecutor - Shutting down ExecutorService 'applicationTaskExecutor'
2019-06-19 10:54:35.734 [Thread-3] INFO  org.quartz.core.QuartzScheduler - Scheduler SchedulerFactory_$_ETLScheduler shutting down.
2019-06-19 10:54:35.735 [Thread-3] INFO  org.quartz.core.QuartzScheduler - Scheduler SchedulerFactory_$_ETLScheduler paused.
2019-06-19 10:54:35.741 [Thread-3] INFO  com.alibaba.druid.pool.DruidDataSource - {dataSource-2} closed
2019-06-19 10:54:35.741 [Thread-3] INFO  org.quartz.core.QuartzScheduler - Scheduler SchedulerFactory_$_ETLScheduler shutdown complete.
2019-06-19 10:54:35.742 [Thread-3] INFO  org.springframework.scheduling.quartz.SchedulerFactoryBean - Shutting down Quartz Scheduler
2019-06-19 10:54:35.743 [Thread-3] INFO  org.springframework.orm.jpa.LocalContainerEntityManagerFactoryBean - Closing JPA EntityManagerFactory for persistence unit 'default'
2019-06-19 10:54:35.749 [Thread-3] INFO  com.alibaba.druid.pool.DruidDataSource - {dataSource-1} closed
2019-06-19 11:08:51.706 [main] INFO  top.ruandb.EtlSchedulerApplication - Starting EtlSchedulerApplication on LAPTOP-MK6P63H0 with PID 4680 (C:\Java\eclipse-workspace2\ETLScheduler\target\classes started by rdb in C:\Java\eclipse-workspace2\ETLScheduler)
2019-06-19 11:08:51.713 [main] INFO  top.ruandb.EtlSchedulerApplication - No active profile set, falling back to default profiles: default
2019-06-19 11:08:52.793 [main] INFO  org.springframework.data.repository.config.RepositoryConfigurationDelegate - Bootstrapping Spring Data repositories in DEFAULT mode.
2019-06-19 11:08:53.089 [main] INFO  org.springframework.data.repository.config.RepositoryConfigurationDelegate - Finished Spring Data repository scanning in 284ms. Found 4 repository interfaces.
2019-06-19 11:08:53.516 [main] INFO  org.springframework.context.support.PostProcessorRegistrationDelegate$BeanPostProcessorChecker - Bean 'org.springframework.transaction.annotation.ProxyTransactionManagementConfiguration' of type [org.springframework.transaction.annotation.ProxyTransactionManagementConfiguration$$EnhancerBySpringCGLIB$$4035af7] is not eligible for getting processed by all BeanPostProcessors (for example: not eligible for auto-proxying)
2019-06-19 11:08:53.541 [main] INFO  org.springframework.context.support.PostProcessorRegistrationDelegate$BeanPostProcessorChecker - Bean 'shiroConfig' of type [top.ruandb.config.ShiroConfig$$EnhancerBySpringCGLIB$$2f608e4a] is not eligible for getting processed by all BeanPostProcessors (for example: not eligible for auto-proxying)
2019-06-19 11:08:53.917 [main] INFO  org.springframework.context.support.PostProcessorRegistrationDelegate$BeanPostProcessorChecker - Bean 'myRealm' of type [top.ruandb.config.MyRealm] is not eligible for getting processed by all BeanPostProcessors (for example: not eligible for auto-proxying)
2019-06-19 11:08:53.926 [main] INFO  org.springframework.context.support.PostProcessorRegistrationDelegate$BeanPostProcessorChecker - Bean 'securityManager' of type [org.apache.shiro.web.mgt.DefaultWebSecurityManager] is not eligible for getting processed by all BeanPostProcessors (for example: not eligible for auto-proxying)
2019-06-19 11:08:54.283 [main] INFO  org.springframework.boot.web.embedded.tomcat.TomcatWebServer - Tomcat initialized with port(s): 8080 (http)
2019-06-19 11:08:54.298 [main] INFO  org.apache.coyote.http11.Http11NioProtocol - Initializing ProtocolHandler ["http-nio-8080"]
2019-06-19 11:08:54.308 [main] INFO  org.apache.catalina.core.StandardService - Starting service [Tomcat]
2019-06-19 11:08:54.308 [main] INFO  org.apache.catalina.core.StandardEngine - Starting Servlet Engine: Apache Tomcat/9.0.13
2019-06-19 11:08:54.315 [main] INFO  org.apache.catalina.core.AprLifecycleListener - Loaded APR based Apache Tomcat Native library [1.2.19] using APR version [1.6.5].
2019-06-19 11:08:54.316 [main] INFO  org.apache.catalina.core.AprLifecycleListener - APR capabilities: IPv6 [true], sendfile [true], accept filters [false], random [true].
2019-06-19 11:08:54.316 [main] INFO  org.apache.catalina.core.AprLifecycleListener - APR/OpenSSL configuration: useAprConnector [false], useOpenSSL [true]
2019-06-19 11:08:55.374 [main] INFO  org.apache.catalina.core.AprLifecycleListener - OpenSSL successfully initialized [OpenSSL 1.0.2q  20 Nov 2018]
2019-06-19 11:08:55.546 [main] INFO  org.apache.catalina.core.ContainerBase.[Tomcat].[localhost].[/] - Initializing Spring embedded WebApplicationContext
2019-06-19 11:08:55.547 [main] INFO  org.springframework.web.context.ContextLoader - Root WebApplicationContext: initialization completed in 3737 ms
2019-06-19 11:08:55.932 [main] INFO  com.alibaba.druid.pool.DruidDataSource - {dataSource-1} inited
2019-06-19 11:08:56.137 [main] INFO  org.hibernate.jpa.internal.util.LogHelper - HHH000204: Processing PersistenceUnitInfo [
	name: default
	...]
2019-06-19 11:08:56.209 [main] INFO  org.hibernate.Version - HHH000412: Hibernate Core {5.3.7.Final}
2019-06-19 11:08:56.211 [main] INFO  org.hibernate.cfg.Environment - HHH000206: hibernate.properties not found
2019-06-19 11:08:56.370 [main] INFO  org.hibernate.annotations.common.Version - HCANN000001: Hibernate Commons Annotations {5.0.4.Final}
2019-06-19 11:08:56.821 [main] INFO  org.hibernate.dialect.Dialect - HHH000400: Using dialect: org.hibernate.dialect.SQLServer2012Dialect
2019-06-19 11:08:57.773 [main] INFO  org.springframework.orm.jpa.LocalContainerEntityManagerFactoryBean - Initialized JPA EntityManagerFactory for persistence unit 'default'
2019-06-19 11:08:57.812 [main] INFO  org.springframework.beans.factory.annotation.AutowiredAnnotationBeanPostProcessor - Autowired annotation is not supported on static methods: public static void top.ruandb.config.ProcedureConfig.setPROCEDURE_PRO(java.lang.String)
2019-06-19 11:08:58.089 [main] INFO  org.hibernate.hql.internal.QueryTranslatorFactoryInitiator - HHH000397: Using ASTQueryTranslatorFactory
2019-06-19 11:08:58.258 [main] INFO  org.quartz.impl.StdSchedulerFactory - Using default implementation for ThreadExecutor
2019-06-19 11:08:58.273 [main] INFO  org.quartz.core.SchedulerSignalerImpl - Initialized Scheduler Signaller of type: class org.quartz.core.SchedulerSignalerImpl
2019-06-19 11:08:58.273 [main] INFO  org.quartz.core.QuartzScheduler - Quartz Scheduler v.2.2.1 created.
2019-06-19 11:08:58.274 [main] INFO  org.quartz.core.QuartzScheduler - JobFactory set to: org.quartz.simpl.SimpleJobFactory@7c7ed72a
2019-06-19 11:08:58.274 [main] INFO  org.quartz.impl.jdbcjobstore.JobStoreTX - Using thread monitor-based data access locking (synchronization).
2019-06-19 11:08:58.275 [main] INFO  org.quartz.impl.jdbcjobstore.JobStoreTX - JobStoreTX initialized.
2019-06-19 11:08:58.276 [main] INFO  org.quartz.core.QuartzScheduler - Scheduler meta-data: Quartz Scheduler (v2.2.1) 'SchedulerFactory' with instanceId 'ETLScheduler'
  Scheduler class: 'org.quartz.core.QuartzScheduler' - running locally.
  NOT STARTED.
  Currently in standby mode.
  Number of jobs executed: 0
  Using thread pool 'org.quartz.simpl.SimpleThreadPool' - with 5 threads.
  Using job-store 'org.quartz.impl.jdbcjobstore.JobStoreTX' - which supports persistence. and is not clustered.

2019-06-19 11:08:58.276 [main] INFO  org.quartz.impl.StdSchedulerFactory - Quartz scheduler 'SchedulerFactory' initialized from an externally provided properties instance.
2019-06-19 11:08:58.276 [main] INFO  org.quartz.impl.StdSchedulerFactory - Quartz scheduler version: 2.2.1
2019-06-19 11:08:58.277 [main] INFO  org.quartz.core.QuartzScheduler - JobFactory set to: top.ruandb.config.MyJobFactory@527937d0
2019-06-19 11:08:58.619 [main] INFO  org.springframework.scheduling.concurrent.ThreadPoolTaskExecutor - Initializing ExecutorService 'applicationTaskExecutor'
2019-06-19 11:08:58.935 [main] INFO  org.springframework.scheduling.quartz.SchedulerFactoryBean - Starting Quartz Scheduler now
2019-06-19 11:08:58.937 [main] INFO  com.alibaba.druid.pool.DruidDataSource - {dataSource-2} inited
2019-06-19 11:08:59.189 [main] INFO  org.quartz.impl.jdbcjobstore.JobStoreTX - Freed 0 triggers from 'acquired' / 'blocked' state.
2019-06-19 11:08:59.193 [main] INFO  org.quartz.impl.jdbcjobstore.JobStoreTX - Recovering 0 jobs that were in-progress at the time of the last shut-down.
2019-06-19 11:08:59.194 [main] INFO  org.quartz.impl.jdbcjobstore.JobStoreTX - Recovery complete.
2019-06-19 11:08:59.195 [main] INFO  org.quartz.impl.jdbcjobstore.JobStoreTX - Removed 0 'complete' triggers.
2019-06-19 11:08:59.196 [main] INFO  org.quartz.impl.jdbcjobstore.JobStoreTX - Removed 0 stale fired job entries.
2019-06-19 11:08:59.197 [main] INFO  org.quartz.core.QuartzScheduler - Scheduler SchedulerFactory_$_ETLScheduler started.
2019-06-19 11:08:59.207 [main] INFO  org.apache.coyote.http11.Http11NioProtocol - Starting ProtocolHandler ["http-nio-8080"]
2019-06-19 11:08:59.218 [main] INFO  org.apache.tomcat.util.net.NioSelectorPool - Using a shared selector for servlet write/read
2019-06-19 11:08:59.235 [main] INFO  org.springframework.boot.web.embedded.tomcat.TomcatWebServer - Tomcat started on port(s): 8080 (http) with context path ''
2019-06-19 11:08:59.237 [main] INFO  top.ruandb.EtlSchedulerApplication - Started EtlSchedulerApplication in 8.275 seconds (JVM running for 9.298)
2019-06-19 11:08:59.239 [main] INFO  top.ruandb.init.TaskInit - kettleåˆå§‹åŒ–å¼€å§‹-------------------------------------------------------->
2019-06-19 11:08:59.586 [main] INFO  top.ruandb.init.TaskInit - kettleåˆå§‹åŒ–ç»“æŸ-------------------------------------------------------->
2019-06-19 11:08:59.586 [main] INFO  top.ruandb.init.TaskInit - é‡æ–°å¯åŠ¨æ¸…ç©ºscheduler
2019-06-19 11:08:59.695 [main] INFO  top.ruandb.init.TaskInit - åˆå§‹åŒ–jobåˆ°è°ƒåº¦å™¨-------------------------------->jobname:usp_dim_zlzb_jbbz_zkks,usp_dim_zlzb_zlgl_lcjybb,usp_dim_zlzb_zlgl_lcjyzk,usp_dim_zyts,usp_dim_zy_ypyfk,usp_dim_zy_zlzxx,usp_dim_zy_zlzxx_ys
2019-06-19 11:08:59.728 [main] INFO  top.ruandb.init.TaskInit - åˆå§‹åŒ–jobåˆ°è°ƒåº¦å™¨-------------------------------->jobname:usp_dim_yyxx,usp_dim_zddmk_ba,usp_dim_zdjb,usp_dim_zdss,usp_dim_zljg,usp_dim_zlzb_bfzlx,usp_dim_zlzb_fmfs,usp_dim_zlzb_jbbz_dbz,usp_dim_zlzb_jbbz_dq,usp_dim_zlzb_jbbz_xzljs
2019-06-19 11:08:59.738 [main] INFO  top.ruandb.init.TaskInit - åˆå§‹åŒ–jobåˆ°è°ƒåº¦å™¨-------------------------------->jobname:usp_dim_yk_czdmk,usp_dim_ypdl,usp_dim_ypfl,usp_dim_ypjx,usp_dim_ypxx,usp_dim_ysxx_ba,usp_dim_yyfs,usp_dim_yygr_dcnyjxx,usp_dim_yygr_xgdgbw,usp_dim_yylb,usp_dim_yymd,usp_dim_yysjd
2019-06-19 11:08:59.746 [main] INFO  top.ruandb.init.TaskInit - åˆå§‹åŒ–jobåˆ°è°ƒåº¦å™¨-------------------------------->jobname:usp_dim_xydl,usp_dim_xyzlxx,usp_dim_ybflxx,usp_dim_yb_yblx,usp_dim_ycbw,usp_dim_ycfj,usp_dim_ycly,usp_dim_yfdmk,usp_dim_yf_czdmk,usp_dim_yg_ssfxdj,usp_dim_yg_ssgrbw,usp_dim_ykdmk
2019-06-19 11:08:59.756 [main] INFO  top.ruandb.init.TaskInit - åˆå§‹åŒ–jobåˆ°è°ƒåº¦å™¨-------------------------------->jobname:usp_dim_wzjb,usp_dim_wzsb_cblx,usp_dim_wzsb_kfxx,usp_dim_wzsb_wzkpxx,usp_dim_wzsb_wzpmggxx,usp_dim_wzsb_wz_djlb,usp_dim_wzsb_wz_ghdwxx,usp_dim_wzsb_wz_rkfs,usp_dim_xxxx
2019-06-19 11:08:59.764 [main] INFO  top.ruandb.init.TaskInit - åˆå§‹åŒ–jobåˆ°è°ƒåº¦å™¨-------------------------------->jobname:usp_dim_ssjb,usp_dim_ssmz_asamzfj,usp_dim_ssmz_mzfsfl,usp_dim_ssmz_sssjlx,usp_dim_ssxx,usp_dim_sxblfylx,usp_dim_sxfsxx,usp_dim_sxlyxx,usp_dim_sxytxx,usp_dim_time,usp_dim_tsypbz
2019-06-19 11:08:59.772 [main] INFO  top.ruandb.init.TaskInit - åˆå§‹åŒ–jobåˆ°è°ƒåº¦å™¨-------------------------------->jobname:usp_dim_rjssxx,usp_dim_sex,usp_dim_sfdxmk,usp_dim_sfxxmk,usp_dim_sf_cfsfjg,usp_dim_sf_cfwt,usp_dim_sf_cfwtfl,usp_dim_sf_cfwtjb,usp_dim_sf_ypyfk,usp_dim_ssbw,usp_dim_ssflxx
2019-06-19 11:08:59.779 [main] INFO  top.ruandb.init.TaskInit - åˆå§‹åŒ–jobåˆ°è°ƒåº¦å™¨-------------------------------->jobname:usp_dim_lclj,usp_dim_lcsfxmk,usp_dim_lis_instrument,usp_dim_lyfs,usp_dim_mjzbz,usp_dim_mzfs,usp_dim_mzzy,usp_dim_nld,usp_dim_qkdj,usp_dim_qzts,usp_dim_ris_instrument,usp_dim_rjssbz
2019-06-19 11:08:59.786 [main] INFO  top.ruandb.init.TaskInit - åˆå§‹åŒ–jobåˆ°è°ƒåº¦å™¨-------------------------------->jobname:usp_dim_jsk_ysyy,usp_dim_jsk_ztsxfs,usp_dim_jylb,usp_dim_jzzy_bqfj,usp_dim_jzzy_brqx,usp_dim_jzzy_cyfs,usp_dim_kfyxk_bfzlx,usp_dim_kfyxk_kflx,usp_dim_kssjb,usp_dim_ksxx_ba
2019-06-19 11:08:59.794 [main] INFO  top.ruandb.init.TaskInit - åˆå§‹åŒ–jobåˆ°è°ƒåº¦å™¨-------------------------------->jobname:usp_dim_aers_warningeventtype,usp_dim_bqdmk_ba,usp_dim_cflx,usp_dim_cfz,usp_dim_cyfs,usp_dim_czryk,usp_dim_ddshcdjb,usp_dim_ddyy,usp_dim_drgs_fxpgdj,usp_dim_fyck,usp_dim_ghlb
2019-06-19 11:08:59.802 [main] INFO  top.ruandb.init.TaskInit - åˆå§‹åŒ–jobåˆ°è°ƒåº¦å™¨-------------------------------->jobname:usp_dim_ghtj,usp_dim_ghyysjc,usp_dim_gysxx,usp_dim_hour,usp_dim_hsxm,usp_dim_jclb,usp_dim_jsk_txfs,usp_dim_jsk_xgtllb,usp_dim_jsk_xtzlfs,usp_dim_jsk_ysfs,usp_dim_jsk_ysgj
2019-06-19 11:08:59.812 [main] INFO  top.ruandb.init.TaskInit - åˆå§‹åŒ–jobåˆ°è°ƒåº¦å™¨-------------------------------->jobname:usp_dim_aers_eventyzcd,usp_dim_aers_medevent_ss_cwlx,usp_dim_aers_medicaleventtype,usp_dim_aers_nursevt_gl_bfzlx,usp_dim_aers_nursingeventtype,usp_dim_aers_ryzc
2019-06-19 11:08:59.822 [main] INFO  top.ruandb.init.TaskInit - åˆå§‹åŒ–jobåˆ°è°ƒåº¦å™¨-------------------------------->jobname:usp_dim_aers_bloodeventtype,usp_dim_aers_drugseventtype,usp_dim_aers_eventclfs,usp_dim_aers_eventconsequence,usp_dim_aers_eventdj,usp_dim_aers_eventtype
2019-06-19 11:08:59.833 [main] INFO  top.ruandb.init.TaskInit - åˆå§‹åŒ–jobåˆ°è°ƒåº¦å™¨-------------------------------->jobname:usp_fat_bacwsyqk,usp_fat_basyjb,usp_fat_basyss,usp_fat_basyzd,usp_fat_bq_brcwxxk
2019-06-19 11:08:59.842 [main] INFO  top.ruandb.init.TaskInit - åˆå§‹åŒ–jobåˆ°è°ƒåº¦å™¨-------------------------------->jobname:usp_fat_jcbgmx,usp_fat_jybgmx,usp_fat_mz_yffymx,usp_fat_sxxx,usp_fat_wzsb_sb_byxx,usp_fat_wzsb_sb_jlxx
2019-06-19 11:08:59.851 [main] INFO  top.ruandb.init.TaskInit - åˆå§‹åŒ–jobåˆ°è°ƒåº¦å™¨-------------------------------->jobname:usp_fat_wzsb_sb_srxx,usp_fat_wzsb_sb_wxxx,usp_fat_wzsb_sb_zjxx,usp_fat_wzsb_wz_bsxx,usp_fat_wzsb_wz_ckxx
2019-06-19 11:08:59.858 [main] INFO  top.ruandb.init.TaskInit - åˆå§‹åŒ–jobåˆ°è°ƒåº¦å™¨-------------------------------->jobname:usp_fat_wzsb_wz_qlxx,usp_fat_wzsb_wz_rkxx,usp_fat_wzsb_wz_wtdxxx,usp_fat_wzsb_wz_xhxx,usp_fat_wzsb_wz_ykxx
2019-06-19 11:08:59.868 [main] INFO  top.ruandb.init.TaskInit - åˆå§‹åŒ–jobåˆ°è°ƒåº¦å™¨-------------------------------->jobname:usp_fat_wzsb_wz_zgxx,usp_fat_yf_ypczmx,usp_fat_yk_ypczmx,usp_fat_yygh_pbxx,usp_fat_yy_mz_yyrc
2019-06-19 11:08:59.875 [main] INFO  top.ruandb.init.TaskInit - åˆå§‹åŒ–jobåˆ°è°ƒåº¦å™¨-------------------------------->jobname:usp_fat_zlzb_zlgl_lcjybb,usp_fat_zlzb_zlgl_lcjyzk,usp_fat_zy_cwsyqk,usp_fat_zy_rjssbrfy_fat
2019-06-19 11:08:59.882 [main] INFO  top.ruandb.init.TaskInit - åˆå§‹åŒ–jobåˆ°è°ƒåº¦å™¨-------------------------------->jobname:usp_fat_zy_rjsshzxx,usp_fat_zy_rjssxx,usp_fat_zy_ryywl,usp_fat_zy_yffymx,usp_fat_zy_zyfy_zy
2019-06-19 11:08:59.888 [main] INFO  top.ruandb.init.TaskInit - åˆå§‹åŒ–jobåˆ°è°ƒåº¦å™¨-------------------------------->jobname:usp_fat_mz_ybjsxx,usp_fat_mz_mzfy,usp_fat_mz_mzywl
2019-06-19 11:08:59.894 [main] INFO  top.ruandb.init.TaskInit - åˆå§‹åŒ–jobåˆ°è°ƒåº¦å™¨-------------------------------->jobname:usp_fat_zy_ybjsxx,usp_fat_zy_zyfy,usp_fat_zy_zyywl
2019-06-19 11:08:59.917 [main] INFO  top.ruandb.init.TaskInit - åˆå§‹åŒ–jobåˆ°è°ƒåº¦å™¨-------------------------------->jobname:usp_fact_yy_mz_jzrc_fat,usp_fact_yy_mz_patid_fat,usp_fact_yy_mz_yyrc_fat,usp_fact_yygh_pbxx_fat,usp_fact_yy_mz_tjrc_fat
2019-06-19 11:08:59.923 [main] INFO  top.ruandb.init.TaskInit - åˆå§‹åŒ–jobåˆ°è°ƒåº¦å™¨-------------------------------->jobname:usp_fact_fy_mz_fyfx_fat,usp_fact_fy_zy_fyfx_fat,usp_fact_fy_zy_fyfx_zxrq_fat,usp_fact_yy_zy_cyywlfx_fat,usp_fact_yy_zy_ryywlfx_fat
2019-06-19 11:08:59.929 [main] INFO  top.ruandb.init.TaskInit - åˆå§‹åŒ–jobåˆ°è°ƒåº¦å™¨-------------------------------->jobname:usp_fact_yy_zy_lcljfx_fat,usp_fact_yy_zy_zrzcfx_fat,usp_fact_yb_mz_fyfx_fat,usp_fact_yb_zy_fyfx_fat,usp_fact_yb_ybzkfx_fat
2019-06-19 11:08:59.936 [main] INFO  top.ruandb.init.TaskInit - åˆå§‹åŒ–jobåˆ°è°ƒåº¦å™¨-------------------------------->jobname:usp_fact_yy_zybrzyl_fat,usp_fact_zy_zycwxl,usp_fact_yy_zy_cwsyqk_fat,usp_fact_yp_mz_fyfx_fat
2019-06-19 11:08:59.962 [main] INFO  top.ruandb.init.TaskInit - åˆå§‹åŒ–jobåˆ°è°ƒåº¦å™¨-------------------------------->jobname:usp_fact_yp_cflfx_fat,usp_fact_yp_zy_fyfx_fat,usp_fact_yp_zy_fyfx_zxrq_fat,usp_fact_yp_mz_yffygzl_fat,usp_fact_yp_zy_yffygzl_fat
2019-06-19 11:08:59.970 [main] INFO  top.ruandb.init.TaskInit - åˆå§‹åŒ–jobåˆ°è°ƒåº¦å™¨-------------------------------->jobname:usp_fact_yp_jxcfx_yf_fat,usp_fact_yp_jxcfx_yk_fat,usp_fact_ba_ss_zyssywlfx_fat,usp_fact_yy_ss_mzssywlfx_fat,usp_fact_yy_ss_rjssywlfx_fat
2019-06-19 11:08:59.975 [main] INFO  top.ruandb.init.TaskInit - åˆå§‹åŒ–jobåˆ°è°ƒåº¦å™¨-------------------------------->jobname:usp_fact_ba_zy_back15_30_fat,usp_fact_ba_zy_cwsyqk_fat,usp_fact_ba_zy_cyywlfx_fat,usp_fact_lis_list_fat,usp_fact_lis_list_mx_fat
2019-06-19 11:08:59.981 [main] INFO  top.ruandb.init.TaskInit - åˆå§‹åŒ–jobåˆ°è°ƒåº¦å™¨-------------------------------->jobname:usp_fact_ris_list_fat,usp_fact_ris_list_mx_fat,usp_fact_xk_sxfx_fat,usp_fact_zqhy_jzrc_fat,usp_fact_zqhy_mzpatid_fat
2019-06-19 11:08:59.988 [main] INFO  top.ruandb.init.TaskInit - åˆå§‹åŒ–jobåˆ°è°ƒåº¦å™¨-------------------------------->jobname:usp_fact_wzsb_sb_sbgzl_fat,usp_fact_wzsb_wz_bsxx_fat,usp_fact_wzsb_wz_ckxx_fat,usp_fact_wzsb_wz_qlxx_fat,usp_fact_wzsb_wz_rkxx_fat
2019-06-19 11:08:59.994 [main] INFO  top.ruandb.init.TaskInit - åˆå§‹åŒ–jobåˆ°è°ƒåº¦å™¨-------------------------------->jobname:usp_fact_wzsb_wz_wtdxxx_fat,usp_fact_wzsb_wz_xhxx_fat,usp_fact_wzsb_wz_ykxx_fat,usp_fact_wzsb_wz_zgxx_fat
2019-06-19 11:09:00.006 [main] INFO  top.ruandb.init.TaskInit - åˆå§‹åŒ–jobåˆ°è°ƒåº¦å™¨-------------------------------->jobname:usp_hd_zbmx_hz,usp_hd_zbmx_hz_ys
2019-06-19 11:09:00.021 [main] INFO  top.ruandb.init.TaskInit - åˆå§‹åŒ–jobåˆ°è°ƒåº¦å™¨-------------------------------->jobname:usp_producure_log
2019-06-19 11:09:00.027 [main] INFO  top.ruandb.init.TaskInit - åˆå§‹åŒ–jobåˆ°è°ƒåº¦å™¨-------------------------------->jobname:usp_fact_dim_yp_dim
2019-06-19 11:09:00.490 [main] INFO  top.ruandb.init.TaskInit - ----------------------->ä¾èµ–åˆå§‹åŒ–å¼€å§‹
2019-06-19 11:09:00.495 [main] INFO  top.ruandb.init.TaskInit - jobMap--->{22=PENDDING, 44=PENDDING, 23=PENDDING, 45=PENDDING, 24=PENDDING, 46=PENDDING, 25=PENDDING, 47=PENDDING, 26=PENDDING, 48=PENDDING, 27=PENDDING, 28=PENDDING, 29=PENDDING, 30=PENDDING, 31=PENDDING, 32=PENDDING, 33=PENDDING, 34=PENDDING, 13=PENDDING, 35=PENDDING, 14=PENDDING, 36=PENDDING, 15=PENDDING, 16=PENDDING, 38=PENDDING, 17=PENDDING, 39=PENDDING, 18=PENDDING, 19=PENDDING, 40=PENDDING, 41=PENDDING, 20=PENDDING, 42=PENDDING, 21=PENDDING, 43=PENDDING}
2019-06-19 11:09:00.495 [main] INFO  top.ruandb.init.TaskInit - groupMap--->{A=[13, 14, 15, 16, 17, 18, 19, 20, 21, 22, 23, 24, 25], B=[26, 27, 28, 29, 30, 31, 32, 33, 34], C=[35, 36, 38, 39, 40, 41, 42, 43, 44, 45, 48], D=[46, 47]}
2019-06-19 11:09:00.495 [main] INFO  top.ruandb.init.TaskInit - jobMap,groupMap----------------------->ä¾èµ–åˆå§‹åŒ–æˆåŠŸ
2019-06-19 11:09:00.496 [main] INFO  top.ruandb.init.TaskInit - ----------------------->å®šæ—¶ä¾èµ–åˆå§‹åŒ–å¼€å§‹
2019-06-19 11:09:00.501 [main] INFO  top.ruandb.init.TaskInit - ----------------------->å®šæ—¶ä¾èµ–åˆå§‹åŒ–ç»“æŸ
2019-06-19 11:22:16.154 [http-nio-8080-exec-1] INFO  org.apache.catalina.core.ContainerBase.[Tomcat].[localhost].[/] - Initializing Spring DispatcherServlet 'dispatcherServlet'
2019-06-19 11:22:16.155 [http-nio-8080-exec-1] INFO  org.springframework.web.servlet.DispatcherServlet - Initializing Servlet 'dispatcherServlet'
2019-06-19 11:22:16.172 [http-nio-8080-exec-1] INFO  org.springframework.web.servlet.DispatcherServlet - Completed initialization in 17 ms
