2019-05-29 12:59:35.032 [main] INFO  top.ruandb.EtlSchedulerApplication - Starting EtlSchedulerApplication on LAPTOP-MK6P63H0 with PID 12368 (C:\Java\eclipse-workspace2\ETLScheduler\target\classes started by rdb in C:\Java\eclipse-workspace2\ETLScheduler)
2019-05-29 12:59:35.038 [main] INFO  top.ruandb.EtlSchedulerApplication - No active profile set, falling back to default profiles: default
2019-05-29 12:59:36.992 [main] INFO  org.springframework.data.repository.config.RepositoryConfigurationDelegate - Bootstrapping Spring Data repositories in DEFAULT mode.
2019-05-29 12:59:37.329 [main] INFO  org.springframework.data.repository.config.RepositoryConfigurationDelegate - Finished Spring Data repository scanning in 317ms. Found 4 repository interfaces.
2019-05-29 12:59:37.865 [main] INFO  org.springframework.context.support.PostProcessorRegistrationDelegate$BeanPostProcessorChecker - Bean 'org.springframework.transaction.annotation.ProxyTransactionManagementConfiguration' of type [org.springframework.transaction.annotation.ProxyTransactionManagementConfiguration$$EnhancerBySpringCGLIB$$40aadf00] is not eligible for getting processed by all BeanPostProcessors (for example: not eligible for auto-proxying)
2019-05-29 12:59:37.896 [main] INFO  org.springframework.context.support.PostProcessorRegistrationDelegate$BeanPostProcessorChecker - Bean 'shiroConfig' of type [top.ruandb.config.ShiroConfig$$EnhancerBySpringCGLIB$$6c081253] is not eligible for getting processed by all BeanPostProcessors (for example: not eligible for auto-proxying)
2019-05-29 12:59:38.519 [main] INFO  org.springframework.context.support.PostProcessorRegistrationDelegate$BeanPostProcessorChecker - Bean 'myRealm' of type [top.ruandb.config.MyRealm] is not eligible for getting processed by all BeanPostProcessors (for example: not eligible for auto-proxying)
2019-05-29 12:59:38.528 [main] INFO  org.springframework.context.support.PostProcessorRegistrationDelegate$BeanPostProcessorChecker - Bean 'securityManager' of type [org.apache.shiro.web.mgt.DefaultWebSecurityManager] is not eligible for getting processed by all BeanPostProcessors (for example: not eligible for auto-proxying)
2019-05-29 12:59:42.637 [main] INFO  org.springframework.boot.web.embedded.tomcat.TomcatWebServer - Tomcat initialized with port(s): 8080 (http)
2019-05-29 12:59:42.685 [main] INFO  org.apache.coyote.http11.Http11NioProtocol - Initializing ProtocolHandler ["http-nio-8080"]
2019-05-29 12:59:42.706 [main] INFO  org.apache.catalina.core.StandardService - Starting service [Tomcat]
2019-05-29 12:59:42.706 [main] INFO  org.apache.catalina.core.StandardEngine - Starting Servlet Engine: Apache Tomcat/9.0.13
2019-05-29 12:59:42.714 [main] INFO  org.apache.catalina.core.AprLifecycleListener - Loaded APR based Apache Tomcat Native library [1.2.19] using APR version [1.6.5].
2019-05-29 12:59:42.714 [main] INFO  org.apache.catalina.core.AprLifecycleListener - APR capabilities: IPv6 [true], sendfile [true], accept filters [false], random [true].
2019-05-29 12:59:42.715 [main] INFO  org.apache.catalina.core.AprLifecycleListener - APR/OpenSSL configuration: useAprConnector [false], useOpenSSL [true]
2019-05-29 12:59:43.795 [main] INFO  org.apache.catalina.core.AprLifecycleListener - OpenSSL successfully initialized [OpenSSL 1.0.2q  20 Nov 2018]
2019-05-29 12:59:47.800 [main] INFO  org.apache.catalina.core.ContainerBase.[Tomcat].[localhost].[/] - Initializing Spring embedded WebApplicationContext
2019-05-29 12:59:47.800 [main] INFO  org.springframework.web.context.ContextLoader - Root WebApplicationContext: initialization completed in 12573 ms
2019-05-29 12:59:49.461 [main] INFO  com.alibaba.druid.pool.DruidDataSource - {dataSource-1} inited
2019-05-29 12:59:50.984 [main] INFO  org.hibernate.jpa.internal.util.LogHelper - HHH000204: Processing PersistenceUnitInfo [
	name: default
	...]
2019-05-29 12:59:51.131 [main] INFO  org.hibernate.Version - HHH000412: Hibernate Core {5.3.7.Final}
2019-05-29 12:59:51.134 [main] INFO  org.hibernate.cfg.Environment - HHH000206: hibernate.properties not found
2019-05-29 12:59:51.475 [main] INFO  org.hibernate.annotations.common.Version - HCANN000001: Hibernate Commons Annotations {5.0.4.Final}
2019-05-29 12:59:56.213 [main] INFO  org.hibernate.dialect.Dialect - HHH000400: Using dialect: org.hibernate.dialect.Oracle12cDialect
2019-05-29 13:00:00.046 [main] INFO  org.hibernate.type.BasicTypeRegistry - HHH000270: Type registration [byte[]] overrides previous : org.hibernate.type.BinaryType@73c3cd09
2019-05-29 13:00:00.047 [main] INFO  org.hibernate.type.BasicTypeRegistry - HHH000270: Type registration [[B] overrides previous : org.hibernate.type.BinaryType@73c3cd09
2019-05-29 13:00:00.048 [main] INFO  org.hibernate.type.BasicTypeRegistry - HHH000270: Type registration [Byte[]] overrides previous : org.hibernate.type.WrapperBinaryType@49e4c2d5
2019-05-29 13:00:00.049 [main] INFO  org.hibernate.type.BasicTypeRegistry - HHH000270: Type registration [[Ljava.lang.Byte;] overrides previous : org.hibernate.type.WrapperBinaryType@49e4c2d5
2019-05-29 13:00:03.440 [main] INFO  org.springframework.orm.jpa.LocalContainerEntityManagerFactoryBean - Initialized JPA EntityManagerFactory for persistence unit 'default'
2019-05-29 13:00:03.500 [main] INFO  org.springframework.beans.factory.annotation.AutowiredAnnotationBeanPostProcessor - Autowired annotation is not supported on static methods: public static void top.ruandb.config.ProcedureConfig.setPROCEDURE_PRO(java.lang.String)
2019-05-29 13:00:03.909 [main] INFO  org.hibernate.hql.internal.QueryTranslatorFactoryInitiator - HHH000397: Using ASTQueryTranslatorFactory
2019-05-29 13:00:04.187 [main] INFO  org.quartz.impl.StdSchedulerFactory - Using default implementation for ThreadExecutor
2019-05-29 13:00:04.201 [main] INFO  org.quartz.core.SchedulerSignalerImpl - Initialized Scheduler Signaller of type: class org.quartz.core.SchedulerSignalerImpl
2019-05-29 13:00:04.202 [main] INFO  org.quartz.core.QuartzScheduler - Quartz Scheduler v.2.2.1 created.
2019-05-29 13:00:04.203 [main] INFO  org.quartz.core.QuartzScheduler - JobFactory set to: org.quartz.simpl.SimpleJobFactory@64f32e9e
2019-05-29 13:00:04.203 [main] INFO  org.quartz.impl.jdbcjobstore.JobStoreTX - Using thread monitor-based data access locking (synchronization).
2019-05-29 13:00:04.204 [main] INFO  org.quartz.impl.jdbcjobstore.JobStoreTX - JobStoreTX initialized.
2019-05-29 13:00:04.205 [main] INFO  org.quartz.core.QuartzScheduler - Scheduler meta-data: Quartz Scheduler (v2.2.1) 'SchedulerFactory' with instanceId 'ETLScheduler'
  Scheduler class: 'org.quartz.core.QuartzScheduler' - running locally.
  NOT STARTED.
  Currently in standby mode.
  Number of jobs executed: 0
  Using thread pool 'org.quartz.simpl.SimpleThreadPool' - with 5 threads.
  Using job-store 'org.quartz.impl.jdbcjobstore.JobStoreTX' - which supports persistence. and is not clustered.

2019-05-29 13:00:04.205 [main] INFO  org.quartz.impl.StdSchedulerFactory - Quartz scheduler 'SchedulerFactory' initialized from an externally provided properties instance.
2019-05-29 13:00:04.205 [main] INFO  org.quartz.impl.StdSchedulerFactory - Quartz scheduler version: 2.2.1
2019-05-29 13:00:04.206 [main] INFO  org.quartz.core.QuartzScheduler - JobFactory set to: top.ruandb.config.MyJobFactory@1ecf0ac6
2019-05-29 13:00:04.561 [main] INFO  org.springframework.scheduling.concurrent.ThreadPoolTaskExecutor - Initializing ExecutorService 'applicationTaskExecutor'
2019-05-29 13:00:05.189 [main] INFO  org.springframework.scheduling.quartz.SchedulerFactoryBean - Starting Quartz Scheduler now
2019-05-29 13:00:05.191 [main] INFO  com.alibaba.druid.pool.DruidDataSource - {dataSource-2} inited
2019-05-29 13:00:05.277 [main] INFO  org.quartz.impl.jdbcjobstore.JobStoreTX - Freed 0 triggers from 'acquired' / 'blocked' state.
2019-05-29 13:00:05.300 [main] INFO  org.quartz.impl.jdbcjobstore.JobStoreTX - Handling 36 trigger(s) that missed their scheduled fire-time.
2019-05-29 13:00:05.660 [main] INFO  org.quartz.impl.jdbcjobstore.JobStoreTX - Recovering 0 jobs that were in-progress at the time of the last shut-down.
2019-05-29 13:00:05.660 [main] INFO  org.quartz.impl.jdbcjobstore.JobStoreTX - Recovery complete.
2019-05-29 13:00:05.664 [main] INFO  org.quartz.impl.jdbcjobstore.JobStoreTX - Removed 0 'complete' triggers.
2019-05-29 13:00:05.667 [main] INFO  org.quartz.impl.jdbcjobstore.JobStoreTX - Removed 0 stale fired job entries.
2019-05-29 13:00:05.686 [main] INFO  org.quartz.core.QuartzScheduler - Scheduler SchedulerFactory_$_ETLScheduler started.
2019-05-29 13:00:05.697 [main] INFO  org.apache.coyote.http11.Http11NioProtocol - Starting ProtocolHandler ["http-nio-8080"]
2019-05-29 13:00:05.711 [main] INFO  org.apache.tomcat.util.net.NioSelectorPool - Using a shared selector for servlet write/read
2019-05-29 13:00:05.747 [main] INFO  org.springframework.boot.web.embedded.tomcat.TomcatWebServer - Tomcat started on port(s): 8080 (http) with context path ''
2019-05-29 13:00:05.750 [main] INFO  top.ruandb.EtlSchedulerApplication - Started EtlSchedulerApplication in 31.776 seconds (JVM running for 37.874)
2019-05-29 13:00:05.752 [main] INFO  top.ruandb.init.TaskInit - kettle初始化开始-------------------------------------------------------->
2019-05-29 13:00:09.777 [main] INFO  top.ruandb.init.TaskInit - kettle初始化结束-------------------------------------------------------->
2019-05-29 13:00:09.778 [main] INFO  top.ruandb.init.TaskInit - 重新启动清空scheduler
2019-05-29 13:00:14.489 [main] INFO  top.ruandb.init.TaskInit - 初始化job到调度器-------------------------------->jobname:usp_dim_zlzb_jbbz_zkks,usp_dim_zlzb_zlgl_lcjybb,usp_dim_zlzb_zlgl_lcjyzk,usp_dim_zyts,usp_dim_zy_ypyfk,usp_dim_zy_zlzxx,usp_dim_zy_zlzxx_ys
2019-05-29 13:00:14.538 [main] INFO  top.ruandb.init.TaskInit - 初始化job到调度器-------------------------------->jobname:usp_dim_yyxx,usp_dim_zddmk_ba,usp_dim_zdjb,usp_dim_zdss,usp_dim_zljg,usp_dim_zlzb_bfzlx,usp_dim_zlzb_fmfs,usp_dim_zlzb_jbbz_dbz,usp_dim_zlzb_jbbz_dq,usp_dim_zlzb_jbbz_xzljs
2019-05-29 13:00:14.549 [main] INFO  top.ruandb.init.TaskInit - 初始化job到调度器-------------------------------->jobname:usp_dim_yk_czdmk,usp_dim_ypdl,usp_dim_ypfl,usp_dim_ypjx,usp_dim_ypxx,usp_dim_ysxx_ba,usp_dim_yyfs,usp_dim_yygr_dcnyjxx,usp_dim_yygr_xgdgbw,usp_dim_yylb,usp_dim_yymd,usp_dim_yysjd
2019-05-29 13:00:14.560 [main] INFO  top.ruandb.init.TaskInit - 初始化job到调度器-------------------------------->jobname:usp_dim_xydl,usp_dim_xyzlxx,usp_dim_ybflxx,usp_dim_yb_yblx,usp_dim_ycbw,usp_dim_ycfj,usp_dim_ycly,usp_dim_yfdmk,usp_dim_yf_czdmk,usp_dim_yg_ssfxdj,usp_dim_yg_ssgrbw,usp_dim_ykdmk
2019-05-29 13:00:14.576 [main] INFO  top.ruandb.init.TaskInit - 初始化job到调度器-------------------------------->jobname:usp_dim_wzjb,usp_dim_wzsb_cblx,usp_dim_wzsb_kfxx,usp_dim_wzsb_wzkpxx,usp_dim_wzsb_wzpmggxx,usp_dim_wzsb_wz_djlb,usp_dim_wzsb_wz_ghdwxx,usp_dim_wzsb_wz_rkfs,usp_dim_xxxx
2019-05-29 13:00:14.586 [main] INFO  top.ruandb.init.TaskInit - 初始化job到调度器-------------------------------->jobname:usp_dim_ssjb,usp_dim_ssmz_asamzfj,usp_dim_ssmz_mzfsfl,usp_dim_ssmz_sssjlx,usp_dim_ssxx,usp_dim_sxblfylx,usp_dim_sxfsxx,usp_dim_sxlyxx,usp_dim_sxytxx,usp_dim_time,usp_dim_tsypbz
2019-05-29 13:00:14.593 [main] INFO  top.ruandb.init.TaskInit - 初始化job到调度器-------------------------------->jobname:usp_dim_rjssxx,usp_dim_sex,usp_dim_sfdxmk,usp_dim_sfxxmk,usp_dim_sf_cfsfjg,usp_dim_sf_cfwt,usp_dim_sf_cfwtfl,usp_dim_sf_cfwtjb,usp_dim_sf_ypyfk,usp_dim_ssbw,usp_dim_ssflxx
2019-05-29 13:00:14.608 [main] INFO  top.ruandb.init.TaskInit - 初始化job到调度器-------------------------------->jobname:usp_dim_lclj,usp_dim_lcsfxmk,usp_dim_lis_instrument,usp_dim_lyfs,usp_dim_mjzbz,usp_dim_mzfs,usp_dim_mzzy,usp_dim_nld,usp_dim_qkdj,usp_dim_qzts,usp_dim_ris_instrument,usp_dim_rjssbz
2019-05-29 13:00:14.615 [main] INFO  top.ruandb.init.TaskInit - 初始化job到调度器-------------------------------->jobname:usp_dim_jsk_ysyy,usp_dim_jsk_ztsxfs,usp_dim_jylb,usp_dim_jzzy_bqfj,usp_dim_jzzy_brqx,usp_dim_jzzy_cyfs,usp_dim_kfyxk_bfzlx,usp_dim_kfyxk_kflx,usp_dim_kssjb,usp_dim_ksxx_ba
2019-05-29 13:00:14.623 [main] INFO  top.ruandb.init.TaskInit - 初始化job到调度器-------------------------------->jobname:usp_dim_aers_warningeventtype,usp_dim_bqdmk_ba,usp_dim_cflx,usp_dim_cfz,usp_dim_cyfs,usp_dim_czryk,usp_dim_ddshcdjb,usp_dim_ddyy,usp_dim_drgs_fxpgdj,usp_dim_fyck,usp_dim_ghlb
2019-05-29 13:00:14.629 [main] INFO  top.ruandb.init.TaskInit - 初始化job到调度器-------------------------------->jobname:usp_dim_ghtj,usp_dim_ghyysjc,usp_dim_gysxx,usp_dim_hour,usp_dim_hsxm,usp_dim_jclb,usp_dim_jsk_txfs,usp_dim_jsk_xgtllb,usp_dim_jsk_xtzlfs,usp_dim_jsk_ysfs,usp_dim_jsk_ysgj
2019-05-29 13:00:14.639 [main] INFO  top.ruandb.init.TaskInit - 初始化job到调度器-------------------------------->jobname:usp_dim_aers_eventyzcd,usp_dim_aers_medevent_ss_cwlx,usp_dim_aers_medicaleventtype,usp_dim_aers_nursevt_gl_bfzlx,usp_dim_aers_nursingeventtype,usp_dim_aers_ryzc
2019-05-29 13:00:14.643 [main] INFO  top.ruandb.init.TaskInit - 初始化job到调度器-------------------------------->jobname:usp_dim_aers_bloodeventtype,usp_dim_aers_drugseventtype,usp_dim_aers_eventclfs,usp_dim_aers_eventconsequence,usp_dim_aers_eventdj,usp_dim_aers_eventtype
2019-05-29 13:00:14.648 [main] INFO  top.ruandb.init.TaskInit - 初始化job到调度器-------------------------------->jobname:usp_fat_bacwsyqk,usp_fat_basyjb,usp_fat_basyss,usp_fat_basyzd,usp_fat_bq_brcwxxk
2019-05-29 13:00:14.655 [main] INFO  top.ruandb.init.TaskInit - 初始化job到调度器-------------------------------->jobname:usp_fat_jcbgmx,usp_fat_jybgmx,usp_fat_mz_yffymx,usp_fat_sxxx,usp_fat_wzsb_sb_byxx,usp_fat_wzsb_sb_jlxx
2019-05-29 13:00:14.660 [main] INFO  top.ruandb.init.TaskInit - 初始化job到调度器-------------------------------->jobname:usp_fat_wzsb_sb_srxx,usp_fat_wzsb_sb_wxxx,usp_fat_wzsb_sb_zjxx,usp_fat_wzsb_wz_bsxx,usp_fat_wzsb_wz_ckxx
2019-05-29 13:00:14.665 [main] INFO  top.ruandb.init.TaskInit - 初始化job到调度器-------------------------------->jobname:usp_fat_wzsb_wz_qlxx,usp_fat_wzsb_wz_rkxx,usp_fat_wzsb_wz_wtdxxx,usp_fat_wzsb_wz_xhxx,usp_fat_wzsb_wz_ykxx
2019-05-29 13:00:14.693 [main] INFO  top.ruandb.init.TaskInit - 初始化job到调度器-------------------------------->jobname:usp_fat_wzsb_wz_zgxx,usp_fat_yf_ypczmx,usp_fat_yk_ypczmx,usp_fat_yygh_pbxx,usp_fat_yy_mz_yyrc
2019-05-29 13:00:14.698 [main] INFO  top.ruandb.init.TaskInit - 初始化job到调度器-------------------------------->jobname:usp_fat_zlzb_zlgl_lcjybb,usp_fat_zlzb_zlgl_lcjyzk,usp_fat_zy_cwsyqk,usp_fat_zy_rjssbrfy_fat
2019-05-29 13:00:14.705 [main] INFO  top.ruandb.init.TaskInit - 初始化job到调度器-------------------------------->jobname:usp_fat_zy_rjsshzxx,usp_fat_zy_rjssxx,usp_fat_zy_ryywl,usp_fat_zy_yffymx,usp_fat_zy_zyfy_zy
2019-05-29 13:00:14.710 [main] INFO  top.ruandb.init.TaskInit - 初始化job到调度器-------------------------------->jobname:usp_fat_mz_ybjsxx,usp_fat_mz_mzfy,usp_fat_mz_mzywl
2019-05-29 13:00:14.715 [main] INFO  top.ruandb.init.TaskInit - 初始化job到调度器-------------------------------->jobname:usp_fat_zy_ybjsxx,usp_fat_zy_zyfy,usp_fat_zy_zyywl
2019-05-29 13:00:14.720 [main] INFO  top.ruandb.init.TaskInit - 初始化job到调度器-------------------------------->jobname:usp_fact_yy_mz_jzrc_fat,usp_fact_yy_mz_patid_fat,usp_fact_yy_mz_yyrc_fat,usp_fact_yygh_pbxx_fat,usp_fact_yy_mz_tjrc_fat
2019-05-29 13:00:14.725 [main] INFO  top.ruandb.init.TaskInit - 初始化job到调度器-------------------------------->jobname:usp_fact_fy_mz_fyfx_fat,usp_fact_fy_zy_fyfx_fat,usp_fact_fy_zy_fyfx_zxrq_fat,usp_fact_yy_zy_cyywlfx_fat,usp_fact_yy_zy_ryywlfx_fat
2019-05-29 13:00:14.730 [main] INFO  top.ruandb.init.TaskInit - 初始化job到调度器-------------------------------->jobname:usp_fact_yp_cflfx_fat,usp_fact_yp_zy_fyfx_fat,usp_fact_yp_zy_fyfx_zxrq_fat,usp_fact_yp_mz_yffygzl_fat,usp_fact_yp_zy_yffygzl_fat
2019-05-29 13:00:14.748 [main] INFO  top.ruandb.init.TaskInit - 初始化job到调度器-------------------------------->jobname:usp_fact_yy_zy_lcljfx_fat,usp_fact_yy_zy_zrzcfx_fat,usp_fact_yb_mz_fyfx_fat,usp_fact_yb_zy_fyfx_fat,usp_fact_yb_ybzkfx_fat
2019-05-29 13:00:14.757 [main] INFO  top.ruandb.init.TaskInit - 初始化job到调度器-------------------------------->jobname:usp_fact_yy_zybrzyl_fat,usp_fact_zy_zycwxl,usp_fact_yy_zy_cwsyqk_fat,usp_fact_yp_mz_fyfx_fat
2019-05-29 13:00:14.765 [main] INFO  top.ruandb.init.TaskInit - 初始化job到调度器-------------------------------->jobname:usp_fact_yp_jxcfx_yf_fat,usp_fact_yp_jxcfx_yk_fat,usp_fact_ba_ss_zyssywlfx_fat,usp_fact_yy_ss_mzssywlfx_fat,usp_fact_yy_ss_rjssywlfx_fat
2019-05-29 13:00:14.772 [main] INFO  top.ruandb.init.TaskInit - 初始化job到调度器-------------------------------->jobname:usp_fact_ba_zy_back15_30_fat,usp_fact_ba_zy_cwsyqk_fat,usp_fact_ba_zy_cyywlfx_fat,usp_fact_lis_list_fat,usp_fact_lis_list_mx_fat
2019-05-29 13:00:14.778 [main] INFO  top.ruandb.init.TaskInit - 初始化job到调度器-------------------------------->jobname:usp_fact_ris_list_fat,usp_fact_ris_list_mx_fat,usp_fact_xk_sxfx_fat,usp_fact_zqhy_jzrc_fat,usp_fact_zqhy_mzpatid_fat
2019-05-29 13:00:14.785 [main] INFO  top.ruandb.init.TaskInit - 初始化job到调度器-------------------------------->jobname:usp_fact_wzsb_sb_sbgzl_fat,usp_fact_wzsb_wz_bsxx_fat,usp_fact_wzsb_wz_ckxx_fat,usp_fact_wzsb_wz_qlxx_fat,usp_fact_wzsb_wz_rkxx_fat
2019-05-29 13:00:14.792 [main] INFO  top.ruandb.init.TaskInit - 初始化job到调度器-------------------------------->jobname:usp_fact_wzsb_wz_wtdxxx_fat,usp_fact_wzsb_wz_xhxx_fat,usp_fact_wzsb_wz_ykxx_fat,usp_fact_wzsb_wz_zgxx_fat
2019-05-29 13:00:14.802 [main] INFO  top.ruandb.init.TaskInit - 初始化job到调度器-------------------------------->jobname:usp_hd_zbmx_hz,usp_hd_zbmx_hz_ys
2019-05-29 13:00:14.809 [main] INFO  top.ruandb.init.TaskInit - 初始化job到调度器-------------------------------->jobname:usp_producure_log
2019-05-29 13:00:14.816 [main] INFO  top.ruandb.init.TaskInit - 初始化job到调度器-------------------------------->jobname:usp_fact_dim_yp_dim
2019-05-29 13:00:15.500 [main] INFO  top.ruandb.init.TaskInit - ----------------------->依赖初始化开始
2019-05-29 13:00:15.511 [main] INFO  top.ruandb.init.TaskInit - jobMap--->{22=PENDDING, 44=PENDDING, 23=PENDDING, 45=PENDDING, 24=PENDDING, 46=PENDDING, 25=PENDDING, 47=PENDDING, 26=PENDDING, 48=PENDDING, 27=PENDDING, 28=PENDDING, 29=PENDDING, 30=PENDDING, 31=PENDDING, 32=PENDDING, 33=PENDDING, 34=PENDDING, 13=PENDDING, 35=PENDDING, 14=PENDDING, 36=PENDDING, 15=PENDDING, 16=PENDDING, 38=PENDDING, 17=PENDDING, 39=PENDDING, 18=PENDDING, 19=PENDDING, 40=PENDDING, 41=PENDDING, 20=PENDDING, 42=PENDDING, 21=PENDDING, 43=PENDDING}
2019-05-29 13:00:15.511 [main] INFO  top.ruandb.init.TaskInit - groupMap--->{A=[13, 14, 15, 16, 17, 18, 19, 20, 21, 22, 23, 24, 25], B=[26, 27, 28, 29, 30, 31, 32, 33, 34], C=[35, 36, 40, 38, 39, 41, 42, 43, 44, 45, 48], D=[46, 47]}
2019-05-29 13:00:15.512 [main] INFO  top.ruandb.init.TaskInit - jobMap,groupMap----------------------->依赖初始化成功
2019-05-29 13:00:15.512 [main] INFO  top.ruandb.init.TaskInit - ----------------------->定时依赖初始化开始
2019-05-29 13:00:15.530 [main] INFO  top.ruandb.init.TaskInit - ----------------------->定时依赖初始化结束
2019-05-29 13:00:56.049 [http-nio-8080-exec-1] INFO  org.apache.catalina.core.ContainerBase.[Tomcat].[localhost].[/] - Initializing Spring DispatcherServlet 'dispatcherServlet'
2019-05-29 13:00:56.050 [http-nio-8080-exec-1] INFO  org.springframework.web.servlet.DispatcherServlet - Initializing Servlet 'dispatcherServlet'
2019-05-29 13:00:56.063 [http-nio-8080-exec-1] INFO  org.springframework.web.servlet.DispatcherServlet - Completed initialization in 13 ms
2019-05-29 13:02:41.812 [http-nio-8080-exec-4] INFO  top.ruandb.service.impl.JobMonitorServiceImpl - jobMap--->{22=PENDDING, 44=PENDDING, 23=PENDDING, 45=PENDDING, 24=PENDDING, 46=PENDDING, 25=PENDDING, 47=PENDDING, 26=PENDDING, 48=PENDDING, 27=PENDDING, 28=PENDDING, 29=PENDDING, 51=PENDDING, 30=PENDDING, 52=PENDDING, 31=PENDDING, 32=PENDDING, 33=PENDDING, 34=PENDDING, 13=PENDDING, 35=PENDDING, 14=PENDDING, 36=PENDDING, 15=PENDDING, 16=PENDDING, 38=PENDDING, 17=PENDDING, 39=PENDDING, 18=PENDDING, 19=PENDDING, 40=PENDDING, 41=PENDDING, 20=PENDDING, 42=PENDDING, 21=PENDDING, 43=PENDDING}
2019-05-29 13:02:41.813 [http-nio-8080-exec-4] INFO  top.ruandb.service.impl.JobMonitorServiceImpl - groupMap--->{A=[13, 14, 15, 16, 17, 18, 19, 20, 21, 22, 23, 24, 25], B=[26, 27, 28, 29, 30, 31, 32, 33, 34], C=[35, 36, 40, 38, 39, 41, 42, 43, 44, 45, 48], D=[46, 47]}
2019-05-29 13:02:41.813 [http-nio-8080-exec-4] INFO  top.ruandb.service.impl.JobMonitorServiceImpl - jobMap,groupMap----------------------->初始化成功
2019-05-29 13:02:41.820 [http-nio-8080-exec-3] INFO  top.ruandb.service.impl.JobMonitorServiceImpl - jobMap--->{22=PENDDING, 44=PENDDING, 23=PENDDING, 45=PENDDING, 24=PENDDING, 46=PENDDING, 25=PENDDING, 47=PENDDING, 26=PENDDING, 48=PENDDING, 27=PENDDING, 28=PENDDING, 29=PENDDING, 51=PENDDING, 30=PENDDING, 52=PENDDING, 31=PENDDING, 32=PENDDING, 33=PENDDING, 34=PENDDING, 13=PENDDING, 35=PENDDING, 14=PENDDING, 36=PENDDING, 15=PENDDING, 16=PENDDING, 38=PENDDING, 17=PENDDING, 39=PENDDING, 18=PENDDING, 19=PENDDING, 40=PENDDING, 41=PENDDING, 20=PENDDING, 42=PENDDING, 21=PENDDING, 43=PENDDING}
2019-05-29 13:02:41.821 [http-nio-8080-exec-3] INFO  top.ruandb.service.impl.JobMonitorServiceImpl - groupMap--->{A=[13, 14, 15, 16, 17, 18, 19, 20, 21, 22, 23, 24, 25], B=[26, 27, 28, 29, 30, 31, 32, 33, 34], C=[35, 36, 40, 38, 39, 41, 42, 43, 44, 45, 48], D=[46, 47]}
2019-05-29 13:02:41.821 [http-nio-8080-exec-3] INFO  top.ruandb.service.impl.JobMonitorServiceImpl - jobMap,groupMap----------------------->初始化成功
2019-05-29 13:02:53.060 [http-nio-8080-exec-3] INFO  top.ruandb.service.impl.JobMonitorServiceImpl - jobMap--->{22=PENDDING, 44=PENDDING, 23=PENDDING, 45=PENDDING, 24=PENDDING, 46=PENDDING, 25=PENDDING, 47=PENDDING, 26=PENDDING, 48=PENDDING, 27=PENDDING, 28=PENDDING, 29=PENDDING, 51=PENDDING, 30=PENDDING, 31=PENDDING, 32=PENDDING, 33=PENDDING, 34=PENDDING, 13=PENDDING, 35=PENDDING, 14=PENDDING, 36=PENDDING, 15=PENDDING, 16=PENDDING, 38=PENDDING, 17=PENDDING, 39=PENDDING, 18=PENDDING, 19=PENDDING, 40=PENDDING, 41=PENDDING, 20=PENDDING, 42=PENDDING, 21=PENDDING, 43=PENDDING}
2019-05-29 13:02:53.060 [http-nio-8080-exec-3] INFO  top.ruandb.service.impl.JobMonitorServiceImpl - groupMap--->{A=[13, 14, 15, 16, 17, 18, 19, 20, 21, 22, 23, 24, 25], B=[26, 27, 28, 29, 30, 31, 32, 33, 34], C=[35, 36, 40, 38, 39, 41, 42, 43, 44, 45, 48], D=[46, 47]}
2019-05-29 13:02:53.060 [http-nio-8080-exec-3] INFO  top.ruandb.service.impl.JobMonitorServiceImpl - jobMap,groupMap----------------------->初始化成功
2019-05-29 13:03:15.110 [SchedulerFactory_Worker-1] INFO  top.ruandb.Job.KettleJob - D:\\Soft\\Kettle\\SK_HDW_Repository\HLDDPGD\JB_HLHT_HLDDPGD.kjb----------------->开始运行
2019-05-29 13:03:15.117 [Thread-9] WARN  org.pentaho.di.job.Job - [/HLDDPGD/null]  开始执行任务
2019-05-29 13:03:15.126 [Thread-9] INFO  org.pentaho.di.job.Job - [/HLDDPGD/null]  开始项[创建临时表]
2019-05-29 13:03:15.475 [Thread-9] INFO  org.pentaho.di.job.Job - [/HLDDPGD/null]  开始项[检验字段的值]
2019-05-29 13:03:15.475 [Thread-9] INFO  org.pentaho.di.job.Job - [/HLDDPGD/null]  开始项[获取增量点]
2019-05-29 13:03:20.396 [Thread-9] INFO  org.pentaho.di.job.Job - [/HLDDPGD/null]  Using run configuration [Pentaho local]
2019-05-29 13:03:20.398 [Thread-9] INFO  org.pentaho.di.job.Job - [/HLDDPGD/null]  Using legacy execution engine
2019-05-29 13:03:20.403 [Thread-9] INFO  org.pentaho.di.trans.Trans - [/HLDDPGD/null  /UTILS/null]  为了转换解除补丁开始  [TR_GET_GXRQ]
2019-05-29 13:03:20.533 [TR_GET_GXRQ - 表输入] INFO  org.pentaho.di.trans.Trans - [/HLDDPGD/null  /UTILS/null]  Finished reading query, closing connection.
2019-05-29 13:03:20.543 [TR_GET_GXRQ - 表输入] INFO  org.pentaho.di.trans.Trans - [/HLDDPGD/null  /UTILS/null]  完成处理 (I=1, O=0, R=0, W=1, U=0, E=0)
2019-05-29 13:03:20.545 [TR_GET_GXRQ - 设置变量] INFO  org.pentaho.di.trans.Trans - [/HLDDPGD/null  /UTILS/null]  Setting environment variables...
2019-05-29 13:03:20.546 [TR_GET_GXRQ - 设置变量] INFO  org.pentaho.di.trans.Trans - [/HLDDPGD/null  /UTILS/null]  Set variable kssj to value [1900-01-01 00:00:00]
2019-05-29 13:03:20.550 [TR_GET_GXRQ - 设置变量] INFO  org.pentaho.di.trans.Trans - [/HLDDPGD/null  /UTILS/null]  Finished after 1 rows.
2019-05-29 13:03:20.550 [TR_GET_GXRQ - 设置变量] INFO  org.pentaho.di.trans.Trans - [/HLDDPGD/null  /UTILS/null]  完成处理 (I=0, O=0, R=1, W=1, U=0, E=0)
2019-05-29 13:03:20.553 [Thread-9] INFO  org.pentaho.di.job.Job - [/HLDDPGD/null]  开始项[增量抽取]
2019-05-29 13:03:20.772 [Thread-9] INFO  org.pentaho.di.job.Job - [/HLDDPGD/null]  Using run configuration [Pentaho local]
2019-05-29 13:03:20.772 [Thread-9] INFO  org.pentaho.di.job.Job - [/HLDDPGD/null]  Using legacy execution engine
2019-05-29 13:03:20.773 [Thread-9] INFO  org.pentaho.di.trans.Trans - [/HLDDPGD/null  /HLDDPGD/null]  为了转换解除补丁开始  [TR_HLHT_HLDDPGD_Z]
2019-05-29 13:03:20.785 [init of 表输出.0 (Thread-15)] INFO  org.pentaho.di.trans.Trans - [/HLDDPGD/null  /HLDDPGD/null]  Connected to database [SK_Mssql] (commit=2000)
2019-05-29 13:03:21.108 [TR_HLHT_HLDDPGD_Z - 表输入] INFO  org.pentaho.di.trans.Trans - [/HLDDPGD/null  /HLDDPGD/null]  Finished reading query, closing connection.
2019-05-29 13:03:21.133 [Thread-9] INFO  org.pentaho.di.job.Job - [/HLDDPGD/null]  开始项[临时表数据同步到正式表]
2019-05-29 13:03:21.413 [Thread-9] INFO  org.pentaho.di.job.Job - [/HLDDPGD/null]  Using run configuration [Pentaho local]
2019-05-29 13:03:21.413 [Thread-9] INFO  org.pentaho.di.job.Job - [/HLDDPGD/null]  Using legacy execution engine
2019-05-29 13:03:21.414 [Thread-9] INFO  org.pentaho.di.trans.Trans - [/HLDDPGD/null  /HLDDPGD/null]  为了转换解除补丁开始  [TR_REDUCE_DATA]
2019-05-29 13:03:21.446 [TR_REDUCE_DATA - 获取变量] INFO  org.pentaho.di.trans.Trans - [/HLDDPGD/null  /HLDDPGD/null]  完成处理 (I=0, O=0, R=1, W=1, U=0, E=0)
2019-05-29 13:03:21.515 [TR_REDUCE_DATA - 调用DB存储过程] INFO  org.pentaho.di.trans.Trans - [/HLDDPGD/null  /HLDDPGD/null]  完成处理 (I=0, O=0, R=1, W=1, U=0, E=0)
2019-05-29 13:03:21.518 [TR_REDUCE_DATA - Switch / case] INFO  org.pentaho.di.trans.Trans - [/HLDDPGD/null  /HLDDPGD/null]  完成处理 (I=0, O=0, R=1, W=1, U=0, E=0)
2019-05-29 13:03:21.522 [TR_REDUCE_DATA - 空操作 (什么也不做)] INFO  org.pentaho.di.trans.Trans - [/HLDDPGD/null  /HLDDPGD/null]  完成处理 (I=0, O=0, R=1, W=1, U=0, E=0)
2019-05-29 13:03:21.527 [Thread-9] INFO  org.pentaho.di.job.Job - [/HLDDPGD/null]  开始项[成功]
2019-05-29 13:03:21.528 [Thread-9] INFO  org.pentaho.di.job.Job - [/HLDDPGD/null]  完成作业项[成功] (结果=[true])
2019-05-29 13:03:21.528 [Thread-9] INFO  org.pentaho.di.job.Job - [/HLDDPGD/null]  完成作业项[临时表数据同步到正式表] (结果=[true])
2019-05-29 13:03:21.528 [Thread-9] INFO  org.pentaho.di.job.Job - [/HLDDPGD/null]  完成作业项[增量抽取] (结果=[true])
2019-05-29 13:03:21.528 [Thread-9] INFO  org.pentaho.di.job.Job - [/HLDDPGD/null]  完成作业项[获取增量点] (结果=[true])
2019-05-29 13:03:21.529 [Thread-9] INFO  org.pentaho.di.job.Job - [/HLDDPGD/null]  完成作业项[检验字段的值] (结果=[true])
2019-05-29 13:03:21.529 [Thread-9] INFO  org.pentaho.di.job.Job - [/HLDDPGD/null]  完成作业项[创建临时表] (结果=[true])
2019-05-29 13:03:21.529 [Thread-9] WARN  org.pentaho.di.job.Job - [/HLDDPGD/null]  任务执行完毕
2019-05-29 13:03:21.531 [SchedulerFactory_Worker-1] INFO  top.ruandb.Job.KettleJob - D:\\Soft\\Kettle\\SK_HDW_Repository\HLDDPGD\JB_HLHT_HLDDPGD.kjb----------------->运行成功
2019-05-29 13:04:36.812 [SchedulerFactory_Worker-2] INFO  top.ruandb.Job.KettleJob - D:\\Soft\\Kettle\\SK_HDW_Repository\HLDDPGD\JB_HLHT_HLDDPGD.kjb----------------->开始运行
2019-05-29 13:04:36.814 [Thread-30] WARN  org.pentaho.di.job.Job - [/HLDDPGD/null]  开始执行任务
2019-05-29 13:04:36.816 [Thread-30] INFO  org.pentaho.di.job.Job - [/HLDDPGD/null]  开始项[创建临时表]
2019-05-29 13:04:37.779 [Thread-30] INFO  org.pentaho.di.job.Job - [/HLDDPGD/null]  开始项[检验字段的值]
2019-05-29 13:04:37.781 [Thread-30] INFO  org.pentaho.di.job.Job - [/HLDDPGD/null]  开始项[获取增量点]
2019-05-29 13:04:38.044 [Thread-30] INFO  org.pentaho.di.job.Job - [/HLDDPGD/null]  Using run configuration [Pentaho local]
2019-05-29 13:04:38.044 [Thread-30] INFO  org.pentaho.di.job.Job - [/HLDDPGD/null]  Using legacy execution engine
2019-05-29 13:04:38.045 [Thread-30] INFO  org.pentaho.di.trans.Trans - [/HLDDPGD/null  /UTILS/null]  为了转换解除补丁开始  [TR_GET_GXRQ]
2019-05-29 13:04:38.057 [TR_GET_GXRQ - 表输入] INFO  org.pentaho.di.trans.Trans - [/HLDDPGD/null  /UTILS/null]  Finished reading query, closing connection.
2019-05-29 13:04:38.058 [TR_GET_GXRQ - 表输入] INFO  org.pentaho.di.trans.Trans - [/HLDDPGD/null  /UTILS/null]  完成处理 (I=1, O=0, R=0, W=1, U=0, E=0)
2019-05-29 13:04:38.058 [TR_GET_GXRQ - 设置变量] INFO  org.pentaho.di.trans.Trans - [/HLDDPGD/null  /UTILS/null]  Setting environment variables...
2019-05-29 13:04:38.059 [TR_GET_GXRQ - 设置变量] INFO  org.pentaho.di.trans.Trans - [/HLDDPGD/null  /UTILS/null]  Set variable kssj to value [1900-01-01 00:00:00]
2019-05-29 13:04:38.062 [TR_GET_GXRQ - 设置变量] INFO  org.pentaho.di.trans.Trans - [/HLDDPGD/null  /UTILS/null]  Finished after 1 rows.
2019-05-29 13:04:38.062 [TR_GET_GXRQ - 设置变量] INFO  org.pentaho.di.trans.Trans - [/HLDDPGD/null  /UTILS/null]  完成处理 (I=0, O=0, R=1, W=1, U=0, E=0)
2019-05-29 13:04:38.066 [Thread-30] INFO  org.pentaho.di.job.Job - [/HLDDPGD/null]  开始项[增量抽取]
2019-05-29 13:04:38.318 [Thread-30] INFO  org.pentaho.di.job.Job - [/HLDDPGD/null]  Using run configuration [Pentaho local]
2019-05-29 13:04:38.318 [Thread-30] INFO  org.pentaho.di.job.Job - [/HLDDPGD/null]  Using legacy execution engine
2019-05-29 13:04:38.319 [Thread-30] INFO  org.pentaho.di.trans.Trans - [/HLDDPGD/null  /HLDDPGD/null]  为了转换解除补丁开始  [TR_HLHT_HLDDPGD_Z]
2019-05-29 13:04:38.326 [init of 表输出.0 (Thread-36)] INFO  org.pentaho.di.trans.Trans - [/HLDDPGD/null  /HLDDPGD/null]  Connected to database [SK_Mssql] (commit=2000)
2019-05-29 13:04:40.644 [TR_HLHT_HLDDPGD_Z - 表输入] INFO  org.pentaho.di.trans.Trans - [/HLDDPGD/null  /HLDDPGD/null]  Finished reading query, closing connection.
2019-05-29 13:04:40.795 [TR_HLHT_HLDDPGD_Z - 表输入] INFO  org.pentaho.di.trans.Trans - [/HLDDPGD/null  /HLDDPGD/null]  完成处理 (I=9615, O=0, R=0, W=9615, U=0, E=0)
2019-05-29 13:04:44.371 [TR_HLHT_HLDDPGD_Z - 表输出] INFO  org.pentaho.di.trans.Trans - [/HLDDPGD/null  /HLDDPGD/null]  完成处理 (I=0, O=9615, R=9615, W=9615, U=0, E=0)
2019-05-29 13:04:44.373 [Thread-30] INFO  org.pentaho.di.job.Job - [/HLDDPGD/null]  开始项[临时表数据同步到正式表]
2019-05-29 13:04:44.603 [Thread-30] INFO  org.pentaho.di.job.Job - [/HLDDPGD/null]  Using run configuration [Pentaho local]
2019-05-29 13:04:44.604 [Thread-30] INFO  org.pentaho.di.job.Job - [/HLDDPGD/null]  Using legacy execution engine
2019-05-29 13:04:44.604 [Thread-30] INFO  org.pentaho.di.trans.Trans - [/HLDDPGD/null  /HLDDPGD/null]  为了转换解除补丁开始  [TR_REDUCE_DATA]
2019-05-29 13:04:44.616 [TR_REDUCE_DATA - 获取变量] INFO  org.pentaho.di.trans.Trans - [/HLDDPGD/null  /HLDDPGD/null]  完成处理 (I=0, O=0, R=1, W=1, U=0, E=0)
2019-05-29 13:04:44.756 [TR_REDUCE_DATA - 调用DB存储过程] INFO  org.pentaho.di.trans.Trans - [/HLDDPGD/null  /HLDDPGD/null]  完成处理 (I=0, O=0, R=1, W=1, U=0, E=0)
2019-05-29 13:04:44.759 [TR_REDUCE_DATA - Switch / case] INFO  org.pentaho.di.trans.Trans - [/HLDDPGD/null  /HLDDPGD/null]  完成处理 (I=0, O=0, R=1, W=1, U=0, E=0)
2019-05-29 13:04:44.760 [TR_REDUCE_DATA - 写日志] INFO  org.pentaho.di.trans.Trans - [/HLDDPGD/null  /HLDDPGD/null]  
------------> 行号 1------------------------------
存储过程异常

extract_style =  000000000001
table_name = HLHT_HLDDPGD
result = 0
rst = 1

====================
2019-05-29 13:04:44.764 [TR_REDUCE_DATA - 写日志] INFO  org.pentaho.di.trans.Trans - [/HLDDPGD/null  /HLDDPGD/null]  完成处理 (I=0, O=0, R=1, W=1, U=0, E=0)
2019-05-29 13:04:44.770 [TR_REDUCE_DATA - 中止] ERROR org.pentaho.di.trans.Trans - [/HLDDPGD/null  /HLDDPGD/null]  第1行造成中止 : Abort the running transformation
2019-05-29 13:04:44.771 [TR_REDUCE_DATA - 中止] ERROR org.pentaho.di.trans.Trans - [/HLDDPGD/null  /HLDDPGD/null]  第1行后中止
2019-05-29 13:04:44.772 [TR_REDUCE_DATA - 中止] INFO  org.pentaho.di.trans.Trans - [/HLDDPGD/null  /HLDDPGD/null]  完成处理 (I=0, O=0, R=1, W=1, U=0, E=0)
2019-05-29 13:04:44.775 [Thread-30] INFO  org.pentaho.di.job.Job - [/HLDDPGD/null]  开始项[成功]
2019-05-29 13:04:44.775 [Thread-30] INFO  org.pentaho.di.job.Job - [/HLDDPGD/null]  完成作业项[成功] (结果=[true])
2019-05-29 13:04:44.776 [Thread-30] INFO  org.pentaho.di.job.Job - [/HLDDPGD/null]  完成作业项[临时表数据同步到正式表] (结果=[true])
2019-05-29 13:04:44.776 [Thread-30] INFO  org.pentaho.di.job.Job - [/HLDDPGD/null]  完成作业项[增量抽取] (结果=[true])
2019-05-29 13:04:44.776 [Thread-30] INFO  org.pentaho.di.job.Job - [/HLDDPGD/null]  完成作业项[获取增量点] (结果=[true])
2019-05-29 13:04:44.776 [Thread-30] INFO  org.pentaho.di.job.Job - [/HLDDPGD/null]  完成作业项[检验字段的值] (结果=[true])
2019-05-29 13:04:44.776 [Thread-30] INFO  org.pentaho.di.job.Job - [/HLDDPGD/null]  完成作业项[创建临时表] (结果=[true])
2019-05-29 13:04:44.777 [Thread-30] WARN  org.pentaho.di.job.Job - [/HLDDPGD/null]  任务执行完毕
2019-05-29 13:04:44.779 [SchedulerFactory_Worker-2] INFO  top.ruandb.Job.KettleJob - D:\\Soft\\Kettle\\SK_HDW_Repository\HLDDPGD\JB_HLHT_HLDDPGD.kjb----------------->运行成功
2019-05-29 13:07:00.704 [RMI TCP Connection(2)-127.0.0.1] INFO  org.springframework.boot.admin.SpringApplicationAdminMXBeanRegistrar$SpringApplicationAdmin - Application shutdown requested.
2019-05-29 13:07:00.707 [RMI TCP Connection(2)-127.0.0.1] INFO  org.quartz.core.QuartzScheduler - Scheduler SchedulerFactory_$_ETLScheduler paused.
2019-05-29 13:07:00.708 [RMI TCP Connection(2)-127.0.0.1] INFO  org.springframework.scheduling.concurrent.ThreadPoolTaskExecutor - Shutting down ExecutorService 'applicationTaskExecutor'
2019-05-29 13:07:00.709 [RMI TCP Connection(2)-127.0.0.1] INFO  org.quartz.core.QuartzScheduler - Scheduler SchedulerFactory_$_ETLScheduler shutting down.
2019-05-29 13:07:00.709 [RMI TCP Connection(2)-127.0.0.1] INFO  org.quartz.core.QuartzScheduler - Scheduler SchedulerFactory_$_ETLScheduler paused.
2019-05-29 13:07:00.729 [RMI TCP Connection(2)-127.0.0.1] INFO  com.alibaba.druid.pool.DruidDataSource - {dataSource-2} closed
2019-05-29 13:07:00.730 [RMI TCP Connection(2)-127.0.0.1] INFO  org.quartz.core.QuartzScheduler - Scheduler SchedulerFactory_$_ETLScheduler shutdown complete.
2019-05-29 13:07:00.730 [RMI TCP Connection(2)-127.0.0.1] INFO  org.springframework.scheduling.quartz.SchedulerFactoryBean - Shutting down Quartz Scheduler
2019-05-29 13:07:00.732 [RMI TCP Connection(2)-127.0.0.1] INFO  org.springframework.orm.jpa.LocalContainerEntityManagerFactoryBean - Closing JPA EntityManagerFactory for persistence unit 'default'
2019-05-29 13:07:00.758 [RMI TCP Connection(2)-127.0.0.1] INFO  com.alibaba.druid.pool.DruidDataSource - {dataSource-1} closed
2019-05-29 13:17:52.052 [main] INFO  top.ruandb.EtlSchedulerApplication - Starting EtlSchedulerApplication on LAPTOP-MK6P63H0 with PID 17104 (C:\Java\eclipse-workspace2\ETLScheduler\target\classes started by rdb in C:\Java\eclipse-workspace2\ETLScheduler)
2019-05-29 13:17:52.058 [main] INFO  top.ruandb.EtlSchedulerApplication - No active profile set, falling back to default profiles: default
2019-05-29 13:17:52.991 [main] INFO  org.springframework.data.repository.config.RepositoryConfigurationDelegate - Bootstrapping Spring Data repositories in DEFAULT mode.
2019-05-29 13:17:53.287 [main] INFO  org.springframework.data.repository.config.RepositoryConfigurationDelegate - Finished Spring Data repository scanning in 286ms. Found 4 repository interfaces.
2019-05-29 13:17:53.665 [main] INFO  org.springframework.context.support.PostProcessorRegistrationDelegate$BeanPostProcessorChecker - Bean 'org.springframework.transaction.annotation.ProxyTransactionManagementConfiguration' of type [org.springframework.transaction.annotation.ProxyTransactionManagementConfiguration$$EnhancerBySpringCGLIB$$367deff7] is not eligible for getting processed by all BeanPostProcessors (for example: not eligible for auto-proxying)
2019-05-29 13:17:53.688 [main] INFO  org.springframework.context.support.PostProcessorRegistrationDelegate$BeanPostProcessorChecker - Bean 'shiroConfig' of type [top.ruandb.config.ShiroConfig$$EnhancerBySpringCGLIB$$61db234a] is not eligible for getting processed by all BeanPostProcessors (for example: not eligible for auto-proxying)
2019-05-29 13:17:54.095 [main] INFO  org.springframework.context.support.PostProcessorRegistrationDelegate$BeanPostProcessorChecker - Bean 'myRealm' of type [top.ruandb.config.MyRealm] is not eligible for getting processed by all BeanPostProcessors (for example: not eligible for auto-proxying)
2019-05-29 13:17:54.107 [main] INFO  org.springframework.context.support.PostProcessorRegistrationDelegate$BeanPostProcessorChecker - Bean 'securityManager' of type [org.apache.shiro.web.mgt.DefaultWebSecurityManager] is not eligible for getting processed by all BeanPostProcessors (for example: not eligible for auto-proxying)
2019-05-29 13:17:54.489 [main] INFO  org.springframework.boot.web.embedded.tomcat.TomcatWebServer - Tomcat initialized with port(s): 8080 (http)
2019-05-29 13:17:54.504 [main] INFO  org.apache.coyote.http11.Http11NioProtocol - Initializing ProtocolHandler ["http-nio-8080"]
2019-05-29 13:17:54.514 [main] INFO  org.apache.catalina.core.StandardService - Starting service [Tomcat]
2019-05-29 13:17:54.514 [main] INFO  org.apache.catalina.core.StandardEngine - Starting Servlet Engine: Apache Tomcat/9.0.13
2019-05-29 13:17:54.520 [main] INFO  org.apache.catalina.core.AprLifecycleListener - Loaded APR based Apache Tomcat Native library [1.2.19] using APR version [1.6.5].
2019-05-29 13:17:54.521 [main] INFO  org.apache.catalina.core.AprLifecycleListener - APR capabilities: IPv6 [true], sendfile [true], accept filters [false], random [true].
2019-05-29 13:17:54.521 [main] INFO  org.apache.catalina.core.AprLifecycleListener - APR/OpenSSL configuration: useAprConnector [false], useOpenSSL [true]
2019-05-29 13:17:55.569 [main] INFO  org.apache.catalina.core.AprLifecycleListener - OpenSSL successfully initialized [OpenSSL 1.0.2q  20 Nov 2018]
2019-05-29 13:17:55.738 [main] INFO  org.apache.catalina.core.ContainerBase.[Tomcat].[localhost].[/] - Initializing Spring embedded WebApplicationContext
2019-05-29 13:17:55.739 [main] INFO  org.springframework.web.context.ContextLoader - Root WebApplicationContext: initialization completed in 3562 ms
2019-05-29 13:17:56.114 [main] INFO  com.alibaba.druid.pool.DruidDataSource - {dataSource-1} inited
2019-05-29 13:17:56.381 [main] INFO  org.hibernate.jpa.internal.util.LogHelper - HHH000204: Processing PersistenceUnitInfo [
	name: default
	...]
2019-05-29 13:17:56.458 [main] INFO  org.hibernate.Version - HHH000412: Hibernate Core {5.3.7.Final}
2019-05-29 13:17:56.460 [main] INFO  org.hibernate.cfg.Environment - HHH000206: hibernate.properties not found
2019-05-29 13:17:56.610 [main] INFO  org.hibernate.annotations.common.Version - HCANN000001: Hibernate Commons Annotations {5.0.4.Final}
2019-05-29 13:17:57.069 [main] INFO  org.hibernate.dialect.Dialect - HHH000400: Using dialect: org.hibernate.dialect.Oracle12cDialect
2019-05-29 13:17:57.172 [main] INFO  org.hibernate.type.BasicTypeRegistry - HHH000270: Type registration [byte[]] overrides previous : org.hibernate.type.BinaryType@40729f01
2019-05-29 13:17:57.172 [main] INFO  org.hibernate.type.BasicTypeRegistry - HHH000270: Type registration [[B] overrides previous : org.hibernate.type.BinaryType@40729f01
2019-05-29 13:17:57.173 [main] INFO  org.hibernate.type.BasicTypeRegistry - HHH000270: Type registration [Byte[]] overrides previous : org.hibernate.type.WrapperBinaryType@9e54c59
2019-05-29 13:17:57.174 [main] INFO  org.hibernate.type.BasicTypeRegistry - HHH000270: Type registration [[Ljava.lang.Byte;] overrides previous : org.hibernate.type.WrapperBinaryType@9e54c59
2019-05-29 13:17:58.416 [main] INFO  org.springframework.orm.jpa.LocalContainerEntityManagerFactoryBean - Initialized JPA EntityManagerFactory for persistence unit 'default'
2019-05-29 13:17:58.466 [main] INFO  org.springframework.beans.factory.annotation.AutowiredAnnotationBeanPostProcessor - Autowired annotation is not supported on static methods: public static void top.ruandb.config.ProcedureConfig.setPROCEDURE_PRO(java.lang.String)
2019-05-29 13:17:58.760 [main] INFO  org.hibernate.hql.internal.QueryTranslatorFactoryInitiator - HHH000397: Using ASTQueryTranslatorFactory
2019-05-29 13:17:58.941 [main] INFO  org.quartz.impl.StdSchedulerFactory - Using default implementation for ThreadExecutor
2019-05-29 13:17:58.954 [main] INFO  org.quartz.core.SchedulerSignalerImpl - Initialized Scheduler Signaller of type: class org.quartz.core.SchedulerSignalerImpl
2019-05-29 13:17:58.954 [main] INFO  org.quartz.core.QuartzScheduler - Quartz Scheduler v.2.2.1 created.
2019-05-29 13:17:58.955 [main] INFO  org.quartz.core.QuartzScheduler - JobFactory set to: org.quartz.simpl.SimpleJobFactory@639cb788
2019-05-29 13:17:58.955 [main] INFO  org.quartz.impl.jdbcjobstore.JobStoreTX - Using thread monitor-based data access locking (synchronization).
2019-05-29 13:17:58.956 [main] INFO  org.quartz.impl.jdbcjobstore.JobStoreTX - JobStoreTX initialized.
2019-05-29 13:17:58.957 [main] INFO  org.quartz.core.QuartzScheduler - Scheduler meta-data: Quartz Scheduler (v2.2.1) 'SchedulerFactory' with instanceId 'ETLScheduler'
  Scheduler class: 'org.quartz.core.QuartzScheduler' - running locally.
  NOT STARTED.
  Currently in standby mode.
  Number of jobs executed: 0
  Using thread pool 'org.quartz.simpl.SimpleThreadPool' - with 5 threads.
  Using job-store 'org.quartz.impl.jdbcjobstore.JobStoreTX' - which supports persistence. and is not clustered.

2019-05-29 13:17:58.957 [main] INFO  org.quartz.impl.StdSchedulerFactory - Quartz scheduler 'SchedulerFactory' initialized from an externally provided properties instance.
2019-05-29 13:17:58.958 [main] INFO  org.quartz.impl.StdSchedulerFactory - Quartz scheduler version: 2.2.1
2019-05-29 13:17:58.959 [main] INFO  org.quartz.core.QuartzScheduler - JobFactory set to: top.ruandb.config.MyJobFactory@251a90ce
2019-05-29 13:17:59.281 [main] INFO  org.springframework.scheduling.concurrent.ThreadPoolTaskExecutor - Initializing ExecutorService 'applicationTaskExecutor'
2019-05-29 13:17:59.778 [main] INFO  org.springframework.scheduling.quartz.SchedulerFactoryBean - Starting Quartz Scheduler now
2019-05-29 13:17:59.780 [main] INFO  com.alibaba.druid.pool.DruidDataSource - {dataSource-2} inited
2019-05-29 13:17:59.816 [main] INFO  org.quartz.impl.jdbcjobstore.JobStoreTX - Freed 0 triggers from 'acquired' / 'blocked' state.
2019-05-29 13:17:59.819 [main] INFO  org.quartz.impl.jdbcjobstore.JobStoreTX - Recovering 0 jobs that were in-progress at the time of the last shut-down.
2019-05-29 13:17:59.820 [main] INFO  org.quartz.impl.jdbcjobstore.JobStoreTX - Recovery complete.
2019-05-29 13:17:59.821 [main] INFO  org.quartz.impl.jdbcjobstore.JobStoreTX - Removed 0 'complete' triggers.
2019-05-29 13:17:59.822 [main] INFO  org.quartz.impl.jdbcjobstore.JobStoreTX - Removed 0 stale fired job entries.
2019-05-29 13:17:59.824 [main] INFO  org.quartz.core.QuartzScheduler - Scheduler SchedulerFactory_$_ETLScheduler started.
2019-05-29 13:17:59.836 [main] INFO  org.apache.coyote.http11.Http11NioProtocol - Starting ProtocolHandler ["http-nio-8080"]
2019-05-29 13:17:59.848 [main] INFO  org.apache.tomcat.util.net.NioSelectorPool - Using a shared selector for servlet write/read
2019-05-29 13:17:59.871 [main] INFO  org.springframework.boot.web.embedded.tomcat.TomcatWebServer - Tomcat started on port(s): 8080 (http) with context path ''
2019-05-29 13:17:59.873 [main] INFO  top.ruandb.EtlSchedulerApplication - Started EtlSchedulerApplication in 8.437 seconds (JVM running for 9.691)
2019-05-29 13:17:59.875 [main] INFO  top.ruandb.init.TaskInit - kettle初始化开始-------------------------------------------------------->
2019-05-29 13:18:01.563 [main] INFO  top.ruandb.init.TaskInit - kettle初始化结束-------------------------------------------------------->
2019-05-29 13:18:01.564 [main] INFO  top.ruandb.init.TaskInit - 重新启动清空scheduler
2019-05-29 13:18:03.259 [main] INFO  top.ruandb.init.TaskInit - 初始化job到调度器-------------------------------->jobname:usp_dim_zlzb_jbbz_zkks,usp_dim_zlzb_zlgl_lcjybb,usp_dim_zlzb_zlgl_lcjyzk,usp_dim_zyts,usp_dim_zy_ypyfk,usp_dim_zy_zlzxx,usp_dim_zy_zlzxx_ys
2019-05-29 13:18:04.855 [main] INFO  top.ruandb.init.TaskInit - 初始化job到调度器-------------------------------->jobname:usp_dim_yyxx,usp_dim_zddmk_ba,usp_dim_zdjb,usp_dim_zdss,usp_dim_zljg,usp_dim_zlzb_bfzlx,usp_dim_zlzb_fmfs,usp_dim_zlzb_jbbz_dbz,usp_dim_zlzb_jbbz_dq,usp_dim_zlzb_jbbz_xzljs
2019-05-29 13:18:05.783 [main] INFO  top.ruandb.init.TaskInit - 初始化job到调度器-------------------------------->jobname:usp_dim_yk_czdmk,usp_dim_ypdl,usp_dim_ypfl,usp_dim_ypjx,usp_dim_ypxx,usp_dim_ysxx_ba,usp_dim_yyfs,usp_dim_yygr_dcnyjxx,usp_dim_yygr_xgdgbw,usp_dim_yylb,usp_dim_yymd,usp_dim_yysjd
2019-05-29 13:18:05.815 [main] INFO  top.ruandb.init.TaskInit - 初始化job到调度器-------------------------------->jobname:usp_dim_xydl,usp_dim_xyzlxx,usp_dim_ybflxx,usp_dim_yb_yblx,usp_dim_ycbw,usp_dim_ycfj,usp_dim_ycly,usp_dim_yfdmk,usp_dim_yf_czdmk,usp_dim_yg_ssfxdj,usp_dim_yg_ssgrbw,usp_dim_ykdmk
2019-05-29 13:18:05.866 [main] INFO  top.ruandb.init.TaskInit - 初始化job到调度器-------------------------------->jobname:usp_dim_wzjb,usp_dim_wzsb_cblx,usp_dim_wzsb_kfxx,usp_dim_wzsb_wzkpxx,usp_dim_wzsb_wzpmggxx,usp_dim_wzsb_wz_djlb,usp_dim_wzsb_wz_ghdwxx,usp_dim_wzsb_wz_rkfs,usp_dim_xxxx
2019-05-29 13:18:05.895 [main] INFO  top.ruandb.init.TaskInit - 初始化job到调度器-------------------------------->jobname:usp_dim_ssjb,usp_dim_ssmz_asamzfj,usp_dim_ssmz_mzfsfl,usp_dim_ssmz_sssjlx,usp_dim_ssxx,usp_dim_sxblfylx,usp_dim_sxfsxx,usp_dim_sxlyxx,usp_dim_sxytxx,usp_dim_time,usp_dim_tsypbz
2019-05-29 13:18:05.904 [main] INFO  top.ruandb.init.TaskInit - 初始化job到调度器-------------------------------->jobname:usp_dim_rjssxx,usp_dim_sex,usp_dim_sfdxmk,usp_dim_sfxxmk,usp_dim_sf_cfsfjg,usp_dim_sf_cfwt,usp_dim_sf_cfwtfl,usp_dim_sf_cfwtjb,usp_dim_sf_ypyfk,usp_dim_ssbw,usp_dim_ssflxx
2019-05-29 13:18:05.914 [main] INFO  top.ruandb.init.TaskInit - 初始化job到调度器-------------------------------->jobname:usp_dim_lclj,usp_dim_lcsfxmk,usp_dim_lis_instrument,usp_dim_lyfs,usp_dim_mjzbz,usp_dim_mzfs,usp_dim_mzzy,usp_dim_nld,usp_dim_qkdj,usp_dim_qzts,usp_dim_ris_instrument,usp_dim_rjssbz
2019-05-29 13:18:05.922 [main] INFO  top.ruandb.init.TaskInit - 初始化job到调度器-------------------------------->jobname:usp_dim_jsk_ysyy,usp_dim_jsk_ztsxfs,usp_dim_jylb,usp_dim_jzzy_bqfj,usp_dim_jzzy_brqx,usp_dim_jzzy_cyfs,usp_dim_kfyxk_bfzlx,usp_dim_kfyxk_kflx,usp_dim_kssjb,usp_dim_ksxx_ba
2019-05-29 13:18:05.931 [main] INFO  top.ruandb.init.TaskInit - 初始化job到调度器-------------------------------->jobname:usp_dim_aers_warningeventtype,usp_dim_bqdmk_ba,usp_dim_cflx,usp_dim_cfz,usp_dim_cyfs,usp_dim_czryk,usp_dim_ddshcdjb,usp_dim_ddyy,usp_dim_drgs_fxpgdj,usp_dim_fyck,usp_dim_ghlb
2019-05-29 13:18:05.938 [main] INFO  top.ruandb.init.TaskInit - 初始化job到调度器-------------------------------->jobname:usp_dim_ghtj,usp_dim_ghyysjc,usp_dim_gysxx,usp_dim_hour,usp_dim_hsxm,usp_dim_jclb,usp_dim_jsk_txfs,usp_dim_jsk_xgtllb,usp_dim_jsk_xtzlfs,usp_dim_jsk_ysfs,usp_dim_jsk_ysgj
2019-05-29 13:18:05.947 [main] INFO  top.ruandb.init.TaskInit - 初始化job到调度器-------------------------------->jobname:usp_dim_aers_eventyzcd,usp_dim_aers_medevent_ss_cwlx,usp_dim_aers_medicaleventtype,usp_dim_aers_nursevt_gl_bfzlx,usp_dim_aers_nursingeventtype,usp_dim_aers_ryzc
2019-05-29 13:18:05.958 [main] INFO  top.ruandb.init.TaskInit - 初始化job到调度器-------------------------------->jobname:usp_dim_aers_bloodeventtype,usp_dim_aers_drugseventtype,usp_dim_aers_eventclfs,usp_dim_aers_eventconsequence,usp_dim_aers_eventdj,usp_dim_aers_eventtype
2019-05-29 13:18:05.970 [main] INFO  top.ruandb.init.TaskInit - 初始化job到调度器-------------------------------->jobname:usp_fat_bacwsyqk,usp_fat_basyjb,usp_fat_basyss,usp_fat_basyzd,usp_fat_bq_brcwxxk
2019-05-29 13:18:05.979 [main] INFO  top.ruandb.init.TaskInit - 初始化job到调度器-------------------------------->jobname:usp_fat_jcbgmx,usp_fat_jybgmx,usp_fat_mz_yffymx,usp_fat_sxxx,usp_fat_wzsb_sb_byxx,usp_fat_wzsb_sb_jlxx
2019-05-29 13:18:05.988 [main] INFO  top.ruandb.init.TaskInit - 初始化job到调度器-------------------------------->jobname:usp_fat_wzsb_sb_srxx,usp_fat_wzsb_sb_wxxx,usp_fat_wzsb_sb_zjxx,usp_fat_wzsb_wz_bsxx,usp_fat_wzsb_wz_ckxx
2019-05-29 13:18:05.995 [main] INFO  top.ruandb.init.TaskInit - 初始化job到调度器-------------------------------->jobname:usp_fat_wzsb_wz_qlxx,usp_fat_wzsb_wz_rkxx,usp_fat_wzsb_wz_wtdxxx,usp_fat_wzsb_wz_xhxx,usp_fat_wzsb_wz_ykxx
2019-05-29 13:18:06.004 [main] INFO  top.ruandb.init.TaskInit - 初始化job到调度器-------------------------------->jobname:usp_fat_wzsb_wz_zgxx,usp_fat_yf_ypczmx,usp_fat_yk_ypczmx,usp_fat_yygh_pbxx,usp_fat_yy_mz_yyrc
2019-05-29 13:18:06.011 [main] INFO  top.ruandb.init.TaskInit - 初始化job到调度器-------------------------------->jobname:usp_fat_zlzb_zlgl_lcjybb,usp_fat_zlzb_zlgl_lcjyzk,usp_fat_zy_cwsyqk,usp_fat_zy_rjssbrfy_fat
2019-05-29 13:18:06.017 [main] INFO  top.ruandb.init.TaskInit - 初始化job到调度器-------------------------------->jobname:usp_fat_zy_rjsshzxx,usp_fat_zy_rjssxx,usp_fat_zy_ryywl,usp_fat_zy_yffymx,usp_fat_zy_zyfy_zy
2019-05-29 13:18:06.024 [main] INFO  top.ruandb.init.TaskInit - 初始化job到调度器-------------------------------->jobname:usp_fat_mz_ybjsxx,usp_fat_mz_mzfy,usp_fat_mz_mzywl
2019-05-29 13:18:06.031 [main] INFO  top.ruandb.init.TaskInit - 初始化job到调度器-------------------------------->jobname:usp_fat_zy_ybjsxx,usp_fat_zy_zyfy,usp_fat_zy_zyywl
2019-05-29 13:18:06.038 [main] INFO  top.ruandb.init.TaskInit - 初始化job到调度器-------------------------------->jobname:usp_fact_yy_mz_jzrc_fat,usp_fact_yy_mz_patid_fat,usp_fact_yy_mz_yyrc_fat,usp_fact_yygh_pbxx_fat,usp_fact_yy_mz_tjrc_fat
2019-05-29 13:18:06.044 [main] INFO  top.ruandb.init.TaskInit - 初始化job到调度器-------------------------------->jobname:usp_fact_fy_mz_fyfx_fat,usp_fact_fy_zy_fyfx_fat,usp_fact_fy_zy_fyfx_zxrq_fat,usp_fact_yy_zy_cyywlfx_fat,usp_fact_yy_zy_ryywlfx_fat
2019-05-29 13:18:06.087 [main] INFO  top.ruandb.init.TaskInit - 初始化job到调度器-------------------------------->jobname:usp_fact_yp_cflfx_fat,usp_fact_yp_zy_fyfx_fat,usp_fact_yp_zy_fyfx_zxrq_fat,usp_fact_yp_mz_yffygzl_fat,usp_fact_yp_zy_yffygzl_fat
2019-05-29 13:18:06.092 [main] INFO  top.ruandb.init.TaskInit - 初始化job到调度器-------------------------------->jobname:usp_fact_yy_zy_lcljfx_fat,usp_fact_yy_zy_zrzcfx_fat,usp_fact_yb_mz_fyfx_fat,usp_fact_yb_zy_fyfx_fat,usp_fact_yb_ybzkfx_fat
2019-05-29 13:18:06.100 [main] INFO  top.ruandb.init.TaskInit - 初始化job到调度器-------------------------------->jobname:usp_fact_yy_zybrzyl_fat,usp_fact_zy_zycwxl,usp_fact_yy_zy_cwsyqk_fat,usp_fact_yp_mz_fyfx_fat
2019-05-29 13:18:06.107 [main] INFO  top.ruandb.init.TaskInit - 初始化job到调度器-------------------------------->jobname:usp_fact_yp_jxcfx_yf_fat,usp_fact_yp_jxcfx_yk_fat,usp_fact_ba_ss_zyssywlfx_fat,usp_fact_yy_ss_mzssywlfx_fat,usp_fact_yy_ss_rjssywlfx_fat
2019-05-29 13:18:06.114 [main] INFO  top.ruandb.init.TaskInit - 初始化job到调度器-------------------------------->jobname:usp_fact_ba_zy_back15_30_fat,usp_fact_ba_zy_cwsyqk_fat,usp_fact_ba_zy_cyywlfx_fat,usp_fact_lis_list_fat,usp_fact_lis_list_mx_fat
2019-05-29 13:18:06.122 [main] INFO  top.ruandb.init.TaskInit - 初始化job到调度器-------------------------------->jobname:usp_fact_ris_list_fat,usp_fact_ris_list_mx_fat,usp_fact_xk_sxfx_fat,usp_fact_zqhy_jzrc_fat,usp_fact_zqhy_mzpatid_fat
2019-05-29 13:18:06.128 [main] INFO  top.ruandb.init.TaskInit - 初始化job到调度器-------------------------------->jobname:usp_fact_wzsb_sb_sbgzl_fat,usp_fact_wzsb_wz_bsxx_fat,usp_fact_wzsb_wz_ckxx_fat,usp_fact_wzsb_wz_qlxx_fat,usp_fact_wzsb_wz_rkxx_fat
2019-05-29 13:18:06.138 [main] INFO  top.ruandb.init.TaskInit - 初始化job到调度器-------------------------------->jobname:usp_fact_wzsb_wz_wtdxxx_fat,usp_fact_wzsb_wz_xhxx_fat,usp_fact_wzsb_wz_ykxx_fat,usp_fact_wzsb_wz_zgxx_fat
2019-05-29 13:18:06.145 [main] INFO  top.ruandb.init.TaskInit - 初始化job到调度器-------------------------------->jobname:usp_hd_zbmx_hz,usp_hd_zbmx_hz_ys
2019-05-29 13:18:06.164 [main] INFO  top.ruandb.init.TaskInit - 初始化job到调度器-------------------------------->jobname:usp_producure_log
2019-05-29 13:18:06.171 [main] INFO  top.ruandb.init.TaskInit - 初始化job到调度器-------------------------------->jobname:usp_fact_dim_yp_dim
2019-05-29 13:18:06.178 [main] INFO  top.ruandb.init.TaskInit - 初始化job到调度器-------------------------------->jobname:JB_HLHT_HLDDPGD
2019-05-29 13:18:06.624 [main] INFO  top.ruandb.init.TaskInit - ----------------------->依赖初始化开始
2019-05-29 13:18:06.633 [main] INFO  top.ruandb.init.TaskInit - jobMap--->{22=PENDDING, 44=PENDDING, 23=PENDDING, 45=PENDDING, 24=PENDDING, 46=PENDDING, 25=PENDDING, 47=PENDDING, 26=PENDDING, 48=PENDDING, 27=PENDDING, 28=PENDDING, 29=PENDDING, 51=PENDDING, 30=PENDDING, 31=PENDDING, 32=PENDDING, 33=PENDDING, 34=PENDDING, 13=PENDDING, 35=PENDDING, 14=PENDDING, 36=PENDDING, 15=PENDDING, 16=PENDDING, 38=PENDDING, 17=PENDDING, 39=PENDDING, 18=PENDDING, 19=PENDDING, 40=PENDDING, 41=PENDDING, 20=PENDDING, 42=PENDDING, 21=PENDDING, 43=PENDDING}
2019-05-29 13:18:06.634 [main] INFO  top.ruandb.init.TaskInit - groupMap--->{A=[13, 14, 15, 16, 17, 18, 19, 20, 21, 22, 23, 24, 25], B=[26, 27, 28, 29, 30, 31, 32, 33, 34], C=[35, 36, 40, 38, 39, 41, 42, 43, 44, 45, 48], D=[46, 47]}
2019-05-29 13:18:06.634 [main] INFO  top.ruandb.init.TaskInit - jobMap,groupMap----------------------->依赖初始化成功
2019-05-29 13:18:06.634 [main] INFO  top.ruandb.init.TaskInit - ----------------------->定时依赖初始化开始
2019-05-29 13:18:06.641 [main] INFO  top.ruandb.init.TaskInit - ----------------------->定时依赖初始化结束
2019-05-29 13:18:32.913 [http-nio-8080-exec-1] INFO  org.apache.catalina.core.ContainerBase.[Tomcat].[localhost].[/] - Initializing Spring DispatcherServlet 'dispatcherServlet'
2019-05-29 13:18:32.914 [http-nio-8080-exec-1] INFO  org.springframework.web.servlet.DispatcherServlet - Initializing Servlet 'dispatcherServlet'
2019-05-29 13:18:32.923 [http-nio-8080-exec-1] INFO  org.springframework.web.servlet.DispatcherServlet - Completed initialization in 9 ms
2019-05-29 13:18:46.544 [SchedulerFactory_Worker-1] INFO  top.ruandb.Job.KettleJob - D:\\Soft\\Kettle\\SK_HDW_Repository\HLDDPGD\JB_HLHT_HLDDPGD.kjb----------------->开始运行
2019-05-29 13:18:46.550 [Thread-10] WARN  org.pentaho.di.job.Job - [/HLDDPGD/null]  开始执行任务
2019-05-29 13:18:46.555 [Thread-10] INFO  org.pentaho.di.job.Job - [/HLDDPGD/null]  开始项[创建临时表]
2019-05-29 13:18:46.789 [Thread-10] INFO  org.pentaho.di.job.Job - [/HLDDPGD/null]  开始项[检验字段的值]
2019-05-29 13:18:46.790 [Thread-10] INFO  org.pentaho.di.job.Job - [/HLDDPGD/null]  开始项[获取增量点]
2019-05-29 13:18:52.233 [Thread-10] INFO  org.pentaho.di.job.Job - [/HLDDPGD/null]  Using run configuration [Pentaho local]
2019-05-29 13:18:52.235 [Thread-10] INFO  org.pentaho.di.job.Job - [/HLDDPGD/null]  Using legacy execution engine
2019-05-29 13:18:52.241 [Thread-10] INFO  org.pentaho.di.trans.Trans - [/HLDDPGD/null  /UTILS/null]  为了转换解除补丁开始  [TR_GET_GXRQ]
2019-05-29 13:18:52.361 [TR_GET_GXRQ - 表输入] INFO  org.pentaho.di.trans.Trans - [/HLDDPGD/null  /UTILS/null]  Finished reading query, closing connection.
2019-05-29 13:18:52.369 [TR_GET_GXRQ - 表输入] INFO  org.pentaho.di.trans.Trans - [/HLDDPGD/null  /UTILS/null]  完成处理 (I=1, O=0, R=0, W=1, U=0, E=0)
2019-05-29 13:18:52.370 [TR_GET_GXRQ - 设置变量] INFO  org.pentaho.di.trans.Trans - [/HLDDPGD/null  /UTILS/null]  Setting environment variables...
2019-05-29 13:18:52.371 [TR_GET_GXRQ - 设置变量] INFO  org.pentaho.di.trans.Trans - [/HLDDPGD/null  /UTILS/null]  Set variable kssj to value [1900-01-01 00:00:00]
2019-05-29 13:18:52.375 [TR_GET_GXRQ - 设置变量] INFO  org.pentaho.di.trans.Trans - [/HLDDPGD/null  /UTILS/null]  Finished after 1 rows.
2019-05-29 13:18:52.375 [TR_GET_GXRQ - 设置变量] INFO  org.pentaho.di.trans.Trans - [/HLDDPGD/null  /UTILS/null]  完成处理 (I=0, O=0, R=1, W=1, U=0, E=0)
2019-05-29 13:18:52.378 [Thread-10] INFO  org.pentaho.di.job.Job - [/HLDDPGD/null]  开始项[增量抽取]
2019-05-29 13:18:52.660 [Thread-10] INFO  org.pentaho.di.job.Job - [/HLDDPGD/null]  Using run configuration [Pentaho local]
2019-05-29 13:18:52.660 [Thread-10] INFO  org.pentaho.di.job.Job - [/HLDDPGD/null]  Using legacy execution engine
2019-05-29 13:18:52.662 [Thread-10] INFO  org.pentaho.di.trans.Trans - [/HLDDPGD/null  /HLDDPGD/null]  为了转换解除补丁开始  [TR_HLHT_HLDDPGD_Z]
2019-05-29 13:18:52.678 [init of 表输出.0 (Thread-16)] INFO  org.pentaho.di.trans.Trans - [/HLDDPGD/null  /HLDDPGD/null]  Connected to database [SK_Mssql] (commit=2000)
2019-05-29 13:18:55.150 [TR_HLHT_HLDDPGD_Z - 表输入] INFO  org.pentaho.di.trans.Trans - [/HLDDPGD/null  /HLDDPGD/null]  Finished reading query, closing connection.
2019-05-29 13:18:55.190 [TR_HLHT_HLDDPGD_Z - 表输入] INFO  org.pentaho.di.trans.Trans - [/HLDDPGD/null  /HLDDPGD/null]  完成处理 (I=9615, O=0, R=0, W=9615, U=0, E=0)
2019-05-29 13:18:55.787 [TR_HLHT_HLDDPGD_Z - 表输出] INFO  org.pentaho.di.trans.Trans - [/HLDDPGD/null  /HLDDPGD/null]  完成处理 (I=0, O=9615, R=9615, W=9615, U=0, E=0)
2019-05-29 13:18:55.790 [Thread-10] INFO  org.pentaho.di.job.Job - [/HLDDPGD/null]  开始项[临时表数据同步到正式表]
2019-05-29 13:18:56.036 [Thread-10] INFO  org.pentaho.di.job.Job - [/HLDDPGD/null]  Using run configuration [Pentaho local]
2019-05-29 13:18:56.036 [Thread-10] INFO  org.pentaho.di.job.Job - [/HLDDPGD/null]  Using legacy execution engine
2019-05-29 13:18:56.037 [Thread-10] INFO  org.pentaho.di.trans.Trans - [/HLDDPGD/null  /HLDDPGD/null]  为了转换解除补丁开始  [TR_REDUCE_DATA]
2019-05-29 13:18:56.055 [TR_REDUCE_DATA - 获取变量] INFO  org.pentaho.di.trans.Trans - [/HLDDPGD/null  /HLDDPGD/null]  完成处理 (I=0, O=0, R=1, W=1, U=0, E=0)
2019-05-29 13:18:57.049 [TR_REDUCE_DATA - 调用DB存储过程] INFO  org.pentaho.di.trans.Trans - [/HLDDPGD/null  /HLDDPGD/null]  完成处理 (I=0, O=0, R=1, W=1, U=0, E=0)
2019-05-29 13:18:57.054 [TR_REDUCE_DATA - Switch / case] INFO  org.pentaho.di.trans.Trans - [/HLDDPGD/null  /HLDDPGD/null]  完成处理 (I=0, O=0, R=1, W=1, U=0, E=0)
2019-05-29 13:18:57.057 [TR_REDUCE_DATA - 写日志] INFO  org.pentaho.di.trans.Trans - [/HLDDPGD/null  /HLDDPGD/null]  
------------> 行号 1------------------------------
存储过程异常

extract_style =  000000000001
table_name = HLHT_HLDDPGD
result = 0
rst = 1

====================
2019-05-29 13:18:57.061 [TR_REDUCE_DATA - 写日志] INFO  org.pentaho.di.trans.Trans - [/HLDDPGD/null  /HLDDPGD/null]  完成处理 (I=0, O=0, R=1, W=1, U=0, E=0)
2019-05-29 13:18:57.066 [TR_REDUCE_DATA - 中止] ERROR org.pentaho.di.trans.Trans - [/HLDDPGD/null  /HLDDPGD/null]  第1行造成中止 : Abort the running transformation
2019-05-29 13:18:57.066 [TR_REDUCE_DATA - 中止] ERROR org.pentaho.di.trans.Trans - [/HLDDPGD/null  /HLDDPGD/null]  第1行后中止
2019-05-29 13:18:57.068 [TR_REDUCE_DATA - 中止] INFO  org.pentaho.di.trans.Trans - [/HLDDPGD/null  /HLDDPGD/null]  完成处理 (I=0, O=0, R=1, W=1, U=0, E=0)
2019-05-29 13:18:57.071 [Thread-10] INFO  org.pentaho.di.job.Job - [/HLDDPGD/null]  开始项[成功]
2019-05-29 13:18:57.072 [Thread-10] INFO  org.pentaho.di.job.Job - [/HLDDPGD/null]  完成作业项[成功] (结果=[true])
2019-05-29 13:18:57.073 [Thread-10] INFO  org.pentaho.di.job.Job - [/HLDDPGD/null]  完成作业项[临时表数据同步到正式表] (结果=[true])
2019-05-29 13:18:57.073 [Thread-10] INFO  org.pentaho.di.job.Job - [/HLDDPGD/null]  完成作业项[增量抽取] (结果=[true])
2019-05-29 13:18:57.074 [Thread-10] INFO  org.pentaho.di.job.Job - [/HLDDPGD/null]  完成作业项[获取增量点] (结果=[true])
2019-05-29 13:18:57.074 [Thread-10] INFO  org.pentaho.di.job.Job - [/HLDDPGD/null]  完成作业项[检验字段的值] (结果=[true])
2019-05-29 13:18:57.074 [Thread-10] INFO  org.pentaho.di.job.Job - [/HLDDPGD/null]  完成作业项[创建临时表] (结果=[true])
2019-05-29 13:18:57.074 [Thread-10] WARN  org.pentaho.di.job.Job - [/HLDDPGD/null]  任务执行完毕
2019-05-29 13:18:57.076 [SchedulerFactory_Worker-1] ERROR top.ruandb.Job.KettleJob - D:\\Soft\\Kettle\\SK_HDW_Repository\HLDDPGD\JB_HLHT_HLDDPGD.kjb----------------->运行失败，请查阅日志
2019-05-29 19:32:43.376 [RMI TCP Connection(2)-127.0.0.1] INFO  org.springframework.boot.admin.SpringApplicationAdminMXBeanRegistrar$SpringApplicationAdmin - Application shutdown requested.
2019-05-29 19:32:43.402 [RMI TCP Connection(2)-127.0.0.1] INFO  org.quartz.core.QuartzScheduler - Scheduler SchedulerFactory_$_ETLScheduler paused.
2019-05-29 19:32:43.405 [RMI TCP Connection(2)-127.0.0.1] INFO  org.springframework.scheduling.concurrent.ThreadPoolTaskExecutor - Shutting down ExecutorService 'applicationTaskExecutor'
2019-05-29 19:32:43.407 [RMI TCP Connection(2)-127.0.0.1] INFO  org.quartz.core.QuartzScheduler - Scheduler SchedulerFactory_$_ETLScheduler shutting down.
2019-05-29 19:32:43.407 [RMI TCP Connection(2)-127.0.0.1] INFO  org.quartz.core.QuartzScheduler - Scheduler SchedulerFactory_$_ETLScheduler paused.
2019-05-29 19:32:43.415 [RMI TCP Connection(2)-127.0.0.1] INFO  com.alibaba.druid.pool.DruidDataSource - {dataSource-2} closed
2019-05-29 19:32:43.416 [RMI TCP Connection(2)-127.0.0.1] INFO  org.quartz.core.QuartzScheduler - Scheduler SchedulerFactory_$_ETLScheduler shutdown complete.
2019-05-29 19:32:43.416 [RMI TCP Connection(2)-127.0.0.1] INFO  org.springframework.scheduling.quartz.SchedulerFactoryBean - Shutting down Quartz Scheduler
2019-05-29 19:32:43.417 [RMI TCP Connection(2)-127.0.0.1] INFO  org.springframework.orm.jpa.LocalContainerEntityManagerFactoryBean - Closing JPA EntityManagerFactory for persistence unit 'default'
2019-05-29 19:32:43.474 [RMI TCP Connection(2)-127.0.0.1] INFO  com.alibaba.druid.pool.DruidDataSource - {dataSource-1} closed
