2019-06-18 10:53:07.194 [main] INFO  top.ruandb.EtlSchedulerApplication - Starting EtlSchedulerApplication on LAPTOP-MK6P63H0 with PID 10668 (C:\Java\eclipse-workspace2\ETLScheduler\target\classes started by rdb in C:\Java\eclipse-workspace2\ETLScheduler)
2019-06-18 10:53:07.199 [main] INFO  top.ruandb.EtlSchedulerApplication - No active profile set, falling back to default profiles: default
2019-06-18 10:53:08.974 [main] INFO  org.springframework.data.repository.config.RepositoryConfigurationDelegate - Bootstrapping Spring Data repositories in DEFAULT mode.
2019-06-18 10:53:09.269 [main] INFO  org.springframework.data.repository.config.RepositoryConfigurationDelegate - Finished Spring Data repository scanning in 282ms. Found 4 repository interfaces.
2019-06-18 10:53:09.721 [main] INFO  org.springframework.context.support.PostProcessorRegistrationDelegate$BeanPostProcessorChecker - Bean 'org.springframework.transaction.annotation.ProxyTransactionManagementConfiguration' of type [org.springframework.transaction.annotation.ProxyTransactionManagementConfiguration$$EnhancerBySpringCGLIB$$ce65c097] is not eligible for getting processed by all BeanPostProcessors (for example: not eligible for auto-proxying)
2019-06-18 10:53:09.744 [main] INFO  org.springframework.context.support.PostProcessorRegistrationDelegate$BeanPostProcessorChecker - Bean 'shiroConfig' of type [top.ruandb.config.ShiroConfig$$EnhancerBySpringCGLIB$$f9c2f3ea] is not eligible for getting processed by all BeanPostProcessors (for example: not eligible for auto-proxying)
2019-06-18 10:53:10.186 [main] INFO  org.springframework.context.support.PostProcessorRegistrationDelegate$BeanPostProcessorChecker - Bean 'myRealm' of type [top.ruandb.config.MyRealm] is not eligible for getting processed by all BeanPostProcessors (for example: not eligible for auto-proxying)
2019-06-18 10:53:10.195 [main] INFO  org.springframework.context.support.PostProcessorRegistrationDelegate$BeanPostProcessorChecker - Bean 'securityManager' of type [org.apache.shiro.web.mgt.DefaultWebSecurityManager] is not eligible for getting processed by all BeanPostProcessors (for example: not eligible for auto-proxying)
2019-06-18 10:53:13.559 [main] INFO  org.springframework.boot.web.embedded.tomcat.TomcatWebServer - Tomcat initialized with port(s): 8080 (http)
2019-06-18 10:53:13.578 [main] INFO  org.apache.coyote.http11.Http11NioProtocol - Initializing ProtocolHandler ["http-nio-8080"]
2019-06-18 10:53:13.609 [main] INFO  org.apache.catalina.core.StandardService - Starting service [Tomcat]
2019-06-18 10:53:13.609 [main] INFO  org.apache.catalina.core.StandardEngine - Starting Servlet Engine: Apache Tomcat/9.0.13
2019-06-18 10:53:13.618 [main] INFO  org.apache.catalina.core.AprLifecycleListener - Loaded APR based Apache Tomcat Native library [1.2.19] using APR version [1.6.5].
2019-06-18 10:53:13.619 [main] INFO  org.apache.catalina.core.AprLifecycleListener - APR capabilities: IPv6 [true], sendfile [true], accept filters [false], random [true].
2019-06-18 10:53:13.620 [main] INFO  org.apache.catalina.core.AprLifecycleListener - APR/OpenSSL configuration: useAprConnector [false], useOpenSSL [true]
2019-06-18 10:53:14.682 [main] INFO  org.apache.catalina.core.AprLifecycleListener - OpenSSL successfully initialized [OpenSSL 1.0.2q  20 Nov 2018]
2019-06-18 10:53:17.790 [main] INFO  org.apache.catalina.core.ContainerBase.[Tomcat].[localhost].[/] - Initializing Spring embedded WebApplicationContext
2019-06-18 10:53:17.790 [main] INFO  org.springframework.web.context.ContextLoader - Root WebApplicationContext: initialization completed in 10475 ms
2019-06-18 10:53:18.531 [main] INFO  com.alibaba.druid.pool.DruidDataSource - {dataSource-1} inited
2019-06-18 10:53:18.833 [main] INFO  org.hibernate.jpa.internal.util.LogHelper - HHH000204: Processing PersistenceUnitInfo [
	name: default
	...]
2019-06-18 10:53:18.955 [main] INFO  org.hibernate.Version - HHH000412: Hibernate Core {5.3.7.Final}
2019-06-18 10:53:18.957 [main] INFO  org.hibernate.cfg.Environment - HHH000206: hibernate.properties not found
2019-06-18 10:53:19.323 [main] INFO  org.hibernate.annotations.common.Version - HCANN000001: Hibernate Commons Annotations {5.0.4.Final}
2019-06-18 10:53:29.528 [main] INFO  org.hibernate.dialect.Dialect - HHH000400: Using dialect: org.hibernate.dialect.SQLServer2012Dialect
2019-06-18 10:53:31.192 [main] INFO  org.springframework.orm.jpa.LocalContainerEntityManagerFactoryBean - Initialized JPA EntityManagerFactory for persistence unit 'default'
2019-06-18 10:53:31.248 [main] INFO  org.springframework.beans.factory.annotation.AutowiredAnnotationBeanPostProcessor - Autowired annotation is not supported on static methods: public static void top.ruandb.config.ProcedureConfig.setPROCEDURE_PRO(java.lang.String)
2019-06-18 10:53:31.730 [main] INFO  org.hibernate.hql.internal.QueryTranslatorFactoryInitiator - HHH000397: Using ASTQueryTranslatorFactory
2019-06-18 10:53:32.086 [main] INFO  org.quartz.impl.StdSchedulerFactory - Using default implementation for ThreadExecutor
2019-06-18 10:53:32.138 [main] INFO  org.quartz.core.SchedulerSignalerImpl - Initialized Scheduler Signaller of type: class org.quartz.core.SchedulerSignalerImpl
2019-06-18 10:53:32.138 [main] INFO  org.quartz.core.QuartzScheduler - Quartz Scheduler v.2.2.1 created.
2019-06-18 10:53:32.140 [main] INFO  org.quartz.core.QuartzScheduler - JobFactory set to: org.quartz.simpl.SimpleJobFactory@1247c72e
2019-06-18 10:53:32.141 [main] INFO  org.quartz.impl.jdbcjobstore.JobStoreTX - Using thread monitor-based data access locking (synchronization).
2019-06-18 10:53:32.142 [main] INFO  org.quartz.impl.jdbcjobstore.JobStoreTX - JobStoreTX initialized.
2019-06-18 10:53:32.143 [main] INFO  org.quartz.core.QuartzScheduler - Scheduler meta-data: Quartz Scheduler (v2.2.1) 'SchedulerFactory' with instanceId 'ETLScheduler'
  Scheduler class: 'org.quartz.core.QuartzScheduler' - running locally.
  NOT STARTED.
  Currently in standby mode.
  Number of jobs executed: 0
  Using thread pool 'org.quartz.simpl.SimpleThreadPool' - with 5 threads.
  Using job-store 'org.quartz.impl.jdbcjobstore.JobStoreTX' - which supports persistence. and is not clustered.

2019-06-18 10:53:32.143 [main] INFO  org.quartz.impl.StdSchedulerFactory - Quartz scheduler 'SchedulerFactory' initialized from an externally provided properties instance.
2019-06-18 10:53:32.143 [main] INFO  org.quartz.impl.StdSchedulerFactory - Quartz scheduler version: 2.2.1
2019-06-18 10:53:32.144 [main] INFO  org.quartz.core.QuartzScheduler - JobFactory set to: top.ruandb.config.MyJobFactory@61da0413
2019-06-18 10:53:32.505 [main] INFO  org.springframework.scheduling.concurrent.ThreadPoolTaskExecutor - Initializing ExecutorService 'applicationTaskExecutor'
2019-06-18 10:53:33.037 [main] INFO  org.springframework.scheduling.quartz.SchedulerFactoryBean - Starting Quartz Scheduler now
2019-06-18 10:53:33.038 [main] INFO  com.alibaba.druid.pool.DruidDataSource - {dataSource-2} inited
2019-06-18 10:53:33.061 [main] INFO  org.quartz.impl.jdbcjobstore.JobStoreTX - Freed 0 triggers from 'acquired' / 'blocked' state.
2019-06-18 10:53:33.063 [main] INFO  org.quartz.impl.jdbcjobstore.JobStoreTX - Handling 36 trigger(s) that missed their scheduled fire-time.
2019-06-18 10:53:33.318 [main] INFO  org.quartz.impl.jdbcjobstore.JobStoreTX - Recovering 0 jobs that were in-progress at the time of the last shut-down.
2019-06-18 10:53:33.319 [main] INFO  org.quartz.impl.jdbcjobstore.JobStoreTX - Recovery complete.
2019-06-18 10:53:33.321 [main] INFO  org.quartz.impl.jdbcjobstore.JobStoreTX - Removed 0 'complete' triggers.
2019-06-18 10:53:33.321 [main] INFO  org.quartz.impl.jdbcjobstore.JobStoreTX - Removed 0 stale fired job entries.
2019-06-18 10:53:33.323 [main] INFO  org.quartz.core.QuartzScheduler - Scheduler SchedulerFactory_$_ETLScheduler started.
2019-06-18 10:53:33.333 [main] INFO  org.apache.coyote.http11.Http11NioProtocol - Starting ProtocolHandler ["http-nio-8080"]
2019-06-18 10:53:33.351 [main] INFO  org.apache.tomcat.util.net.NioSelectorPool - Using a shared selector for servlet write/read
2019-06-18 10:53:33.371 [main] INFO  org.springframework.boot.web.embedded.tomcat.TomcatWebServer - Tomcat started on port(s): 8080 (http) with context path ''
2019-06-18 10:53:33.375 [main] INFO  top.ruandb.EtlSchedulerApplication - Started EtlSchedulerApplication in 27.202 seconds (JVM running for 28.763)
2019-06-18 10:53:33.378 [main] INFO  top.ruandb.init.TaskInit - kettle初始化开始-------------------------------------------------------->
2019-06-18 10:53:33.998 [main] INFO  top.ruandb.init.TaskInit - kettle初始化结束-------------------------------------------------------->
2019-06-18 10:53:33.998 [main] INFO  top.ruandb.init.TaskInit - 重新启动清空scheduler
2019-06-18 10:53:34.119 [main] INFO  top.ruandb.init.TaskInit - 初始化job到调度器-------------------------------->jobname:usp_dim_zlzb_jbbz_zkks,usp_dim_zlzb_zlgl_lcjybb,usp_dim_zlzb_zlgl_lcjyzk,usp_dim_zyts,usp_dim_zy_ypyfk,usp_dim_zy_zlzxx,usp_dim_zy_zlzxx_ys
2019-06-18 10:53:34.136 [main] INFO  top.ruandb.init.TaskInit - 初始化job到调度器-------------------------------->jobname:usp_dim_yyxx,usp_dim_zddmk_ba,usp_dim_zdjb,usp_dim_zdss,usp_dim_zljg,usp_dim_zlzb_bfzlx,usp_dim_zlzb_fmfs,usp_dim_zlzb_jbbz_dbz,usp_dim_zlzb_jbbz_dq,usp_dim_zlzb_jbbz_xzljs
2019-06-18 10:53:34.165 [main] INFO  top.ruandb.init.TaskInit - 初始化job到调度器-------------------------------->jobname:usp_dim_yk_czdmk,usp_dim_ypdl,usp_dim_ypfl,usp_dim_ypjx,usp_dim_ypxx,usp_dim_ysxx_ba,usp_dim_yyfs,usp_dim_yygr_dcnyjxx,usp_dim_yygr_xgdgbw,usp_dim_yylb,usp_dim_yymd,usp_dim_yysjd
2019-06-18 10:53:34.172 [main] INFO  top.ruandb.init.TaskInit - 初始化job到调度器-------------------------------->jobname:usp_dim_xydl,usp_dim_xyzlxx,usp_dim_ybflxx,usp_dim_yb_yblx,usp_dim_ycbw,usp_dim_ycfj,usp_dim_ycly,usp_dim_yfdmk,usp_dim_yf_czdmk,usp_dim_yg_ssfxdj,usp_dim_yg_ssgrbw,usp_dim_ykdmk
2019-06-18 10:53:34.181 [main] INFO  top.ruandb.init.TaskInit - 初始化job到调度器-------------------------------->jobname:usp_dim_wzjb,usp_dim_wzsb_cblx,usp_dim_wzsb_kfxx,usp_dim_wzsb_wzkpxx,usp_dim_wzsb_wzpmggxx,usp_dim_wzsb_wz_djlb,usp_dim_wzsb_wz_ghdwxx,usp_dim_wzsb_wz_rkfs,usp_dim_xxxx
2019-06-18 10:53:34.190 [main] INFO  top.ruandb.init.TaskInit - 初始化job到调度器-------------------------------->jobname:usp_dim_ssjb,usp_dim_ssmz_asamzfj,usp_dim_ssmz_mzfsfl,usp_dim_ssmz_sssjlx,usp_dim_ssxx,usp_dim_sxblfylx,usp_dim_sxfsxx,usp_dim_sxlyxx,usp_dim_sxytxx,usp_dim_time,usp_dim_tsypbz
2019-06-18 10:53:34.197 [main] INFO  top.ruandb.init.TaskInit - 初始化job到调度器-------------------------------->jobname:usp_dim_rjssxx,usp_dim_sex,usp_dim_sfdxmk,usp_dim_sfxxmk,usp_dim_sf_cfsfjg,usp_dim_sf_cfwt,usp_dim_sf_cfwtfl,usp_dim_sf_cfwtjb,usp_dim_sf_ypyfk,usp_dim_ssbw,usp_dim_ssflxx
2019-06-18 10:53:34.203 [main] INFO  top.ruandb.init.TaskInit - 初始化job到调度器-------------------------------->jobname:usp_dim_lclj,usp_dim_lcsfxmk,usp_dim_lis_instrument,usp_dim_lyfs,usp_dim_mjzbz,usp_dim_mzfs,usp_dim_mzzy,usp_dim_nld,usp_dim_qkdj,usp_dim_qzts,usp_dim_ris_instrument,usp_dim_rjssbz
2019-06-18 10:53:34.209 [main] INFO  top.ruandb.init.TaskInit - 初始化job到调度器-------------------------------->jobname:usp_dim_jsk_ysyy,usp_dim_jsk_ztsxfs,usp_dim_jylb,usp_dim_jzzy_bqfj,usp_dim_jzzy_brqx,usp_dim_jzzy_cyfs,usp_dim_kfyxk_bfzlx,usp_dim_kfyxk_kflx,usp_dim_kssjb,usp_dim_ksxx_ba
2019-06-18 10:53:34.216 [main] INFO  top.ruandb.init.TaskInit - 初始化job到调度器-------------------------------->jobname:usp_dim_aers_warningeventtype,usp_dim_bqdmk_ba,usp_dim_cflx,usp_dim_cfz,usp_dim_cyfs,usp_dim_czryk,usp_dim_ddshcdjb,usp_dim_ddyy,usp_dim_drgs_fxpgdj,usp_dim_fyck,usp_dim_ghlb
2019-06-18 10:53:34.239 [main] INFO  top.ruandb.init.TaskInit - 初始化job到调度器-------------------------------->jobname:usp_dim_ghtj,usp_dim_ghyysjc,usp_dim_gysxx,usp_dim_hour,usp_dim_hsxm,usp_dim_jclb,usp_dim_jsk_txfs,usp_dim_jsk_xgtllb,usp_dim_jsk_xtzlfs,usp_dim_jsk_ysfs,usp_dim_jsk_ysgj
2019-06-18 10:53:34.246 [main] INFO  top.ruandb.init.TaskInit - 初始化job到调度器-------------------------------->jobname:usp_dim_aers_eventyzcd,usp_dim_aers_medevent_ss_cwlx,usp_dim_aers_medicaleventtype,usp_dim_aers_nursevt_gl_bfzlx,usp_dim_aers_nursingeventtype,usp_dim_aers_ryzc
2019-06-18 10:53:34.252 [main] INFO  top.ruandb.init.TaskInit - 初始化job到调度器-------------------------------->jobname:usp_dim_aers_bloodeventtype,usp_dim_aers_drugseventtype,usp_dim_aers_eventclfs,usp_dim_aers_eventconsequence,usp_dim_aers_eventdj,usp_dim_aers_eventtype
2019-06-18 10:53:34.258 [main] INFO  top.ruandb.init.TaskInit - 初始化job到调度器-------------------------------->jobname:usp_fat_bacwsyqk,usp_fat_basyjb,usp_fat_basyss,usp_fat_basyzd,usp_fat_bq_brcwxxk
2019-06-18 10:53:34.281 [main] INFO  top.ruandb.init.TaskInit - 初始化job到调度器-------------------------------->jobname:usp_fat_jcbgmx,usp_fat_jybgmx,usp_fat_mz_yffymx,usp_fat_sxxx,usp_fat_wzsb_sb_byxx,usp_fat_wzsb_sb_jlxx
2019-06-18 10:53:34.288 [main] INFO  top.ruandb.init.TaskInit - 初始化job到调度器-------------------------------->jobname:usp_fat_wzsb_sb_srxx,usp_fat_wzsb_sb_wxxx,usp_fat_wzsb_sb_zjxx,usp_fat_wzsb_wz_bsxx,usp_fat_wzsb_wz_ckxx
2019-06-18 10:53:34.299 [main] INFO  top.ruandb.init.TaskInit - 初始化job到调度器-------------------------------->jobname:usp_fat_wzsb_wz_qlxx,usp_fat_wzsb_wz_rkxx,usp_fat_wzsb_wz_wtdxxx,usp_fat_wzsb_wz_xhxx,usp_fat_wzsb_wz_ykxx
2019-06-18 10:53:34.308 [main] INFO  top.ruandb.init.TaskInit - 初始化job到调度器-------------------------------->jobname:usp_fat_wzsb_wz_zgxx,usp_fat_yf_ypczmx,usp_fat_yk_ypczmx,usp_fat_yygh_pbxx,usp_fat_yy_mz_yyrc
2019-06-18 10:53:34.320 [main] INFO  top.ruandb.init.TaskInit - 初始化job到调度器-------------------------------->jobname:usp_fat_zlzb_zlgl_lcjybb,usp_fat_zlzb_zlgl_lcjyzk,usp_fat_zy_cwsyqk,usp_fat_zy_rjssbrfy_fat
2019-06-18 10:53:34.332 [main] INFO  top.ruandb.init.TaskInit - 初始化job到调度器-------------------------------->jobname:usp_fat_zy_rjsshzxx,usp_fat_zy_rjssxx,usp_fat_zy_ryywl,usp_fat_zy_yffymx,usp_fat_zy_zyfy_zy
2019-06-18 10:53:34.340 [main] INFO  top.ruandb.init.TaskInit - 初始化job到调度器-------------------------------->jobname:usp_fat_mz_ybjsxx,usp_fat_mz_mzfy,usp_fat_mz_mzywl
2019-06-18 10:53:34.347 [main] INFO  top.ruandb.init.TaskInit - 初始化job到调度器-------------------------------->jobname:usp_fat_zy_ybjsxx,usp_fat_zy_zyfy,usp_fat_zy_zyywl
2019-06-18 10:53:34.353 [main] INFO  top.ruandb.init.TaskInit - 初始化job到调度器-------------------------------->jobname:usp_fact_yy_mz_jzrc_fat,usp_fact_yy_mz_patid_fat,usp_fact_yy_mz_yyrc_fat,usp_fact_yygh_pbxx_fat,usp_fact_yy_mz_tjrc_fat
2019-06-18 10:53:34.359 [main] INFO  top.ruandb.init.TaskInit - 初始化job到调度器-------------------------------->jobname:usp_fact_fy_mz_fyfx_fat,usp_fact_fy_zy_fyfx_fat,usp_fact_fy_zy_fyfx_zxrq_fat,usp_fact_yy_zy_cyywlfx_fat,usp_fact_yy_zy_ryywlfx_fat
2019-06-18 10:53:34.376 [main] INFO  top.ruandb.init.TaskInit - 初始化job到调度器-------------------------------->jobname:usp_fact_yy_zy_lcljfx_fat,usp_fact_yy_zy_zrzcfx_fat,usp_fact_yb_mz_fyfx_fat,usp_fact_yb_zy_fyfx_fat,usp_fact_yb_ybzkfx_fat
2019-06-18 10:53:34.386 [main] INFO  top.ruandb.init.TaskInit - 初始化job到调度器-------------------------------->jobname:usp_fact_yy_zybrzyl_fat,usp_fact_zy_zycwxl,usp_fact_yy_zy_cwsyqk_fat,usp_fact_yp_mz_fyfx_fat
2019-06-18 10:53:34.393 [main] INFO  top.ruandb.init.TaskInit - 初始化job到调度器-------------------------------->jobname:usp_fact_yp_cflfx_fat,usp_fact_yp_zy_fyfx_fat,usp_fact_yp_zy_fyfx_zxrq_fat,usp_fact_yp_mz_yffygzl_fat,usp_fact_yp_zy_yffygzl_fat
2019-06-18 10:53:34.400 [main] INFO  top.ruandb.init.TaskInit - 初始化job到调度器-------------------------------->jobname:usp_fact_yp_jxcfx_yf_fat,usp_fact_yp_jxcfx_yk_fat,usp_fact_ba_ss_zyssywlfx_fat,usp_fact_yy_ss_mzssywlfx_fat,usp_fact_yy_ss_rjssywlfx_fat
2019-06-18 10:53:34.408 [main] INFO  top.ruandb.init.TaskInit - 初始化job到调度器-------------------------------->jobname:usp_fact_ba_zy_back15_30_fat,usp_fact_ba_zy_cwsyqk_fat,usp_fact_ba_zy_cyywlfx_fat,usp_fact_lis_list_fat,usp_fact_lis_list_mx_fat
2019-06-18 10:53:34.417 [main] INFO  top.ruandb.init.TaskInit - 初始化job到调度器-------------------------------->jobname:usp_fact_ris_list_fat,usp_fact_ris_list_mx_fat,usp_fact_xk_sxfx_fat,usp_fact_zqhy_jzrc_fat,usp_fact_zqhy_mzpatid_fat
2019-06-18 10:53:34.426 [main] INFO  top.ruandb.init.TaskInit - 初始化job到调度器-------------------------------->jobname:usp_fact_wzsb_sb_sbgzl_fat,usp_fact_wzsb_wz_bsxx_fat,usp_fact_wzsb_wz_ckxx_fat,usp_fact_wzsb_wz_qlxx_fat,usp_fact_wzsb_wz_rkxx_fat
2019-06-18 10:53:34.435 [main] INFO  top.ruandb.init.TaskInit - 初始化job到调度器-------------------------------->jobname:usp_fact_wzsb_wz_wtdxxx_fat,usp_fact_wzsb_wz_xhxx_fat,usp_fact_wzsb_wz_ykxx_fat,usp_fact_wzsb_wz_zgxx_fat
2019-06-18 10:53:34.443 [main] INFO  top.ruandb.init.TaskInit - 初始化job到调度器-------------------------------->jobname:usp_hd_zbmx_hz,usp_hd_zbmx_hz_ys
2019-06-18 10:53:34.453 [main] INFO  top.ruandb.init.TaskInit - 初始化job到调度器-------------------------------->jobname:usp_producure_log
2019-06-18 10:53:34.460 [main] INFO  top.ruandb.init.TaskInit - 初始化job到调度器-------------------------------->jobname:usp_fact_dim_yp_dim
2019-06-18 10:53:35.149 [main] INFO  top.ruandb.init.TaskInit - ----------------------->依赖初始化开始
2019-06-18 10:53:35.157 [main] INFO  top.ruandb.init.TaskInit - jobMap--->{22=PENDDING, 44=PENDDING, 23=PENDDING, 45=PENDDING, 24=PENDDING, 46=PENDDING, 25=PENDDING, 47=PENDDING, 26=PENDDING, 48=PENDDING, 27=PENDDING, 28=PENDDING, 29=PENDDING, 30=PENDDING, 31=PENDDING, 32=PENDDING, 33=PENDDING, 34=PENDDING, 13=PENDDING, 35=PENDDING, 14=PENDDING, 36=PENDDING, 15=PENDDING, 16=PENDDING, 38=PENDDING, 17=PENDDING, 39=PENDDING, 18=PENDDING, 19=PENDDING, 40=PENDDING, 41=PENDDING, 20=PENDDING, 42=PENDDING, 21=PENDDING, 43=PENDDING}
2019-06-18 10:53:35.158 [main] INFO  top.ruandb.init.TaskInit - groupMap--->{A=[13, 14, 15, 16, 17, 18, 19, 20, 21, 22, 23, 24, 25], B=[26, 27, 28, 29, 30, 31, 32, 33, 34], C=[35, 36, 38, 39, 40, 41, 42, 43, 44, 45, 48], D=[46, 47]}
2019-06-18 10:53:35.158 [main] INFO  top.ruandb.init.TaskInit - jobMap,groupMap----------------------->依赖初始化成功
2019-06-18 10:53:35.158 [main] INFO  top.ruandb.init.TaskInit - ----------------------->定时依赖初始化开始
2019-06-18 10:53:35.166 [main] INFO  top.ruandb.init.TaskInit - ----------------------->定时依赖初始化结束
2019-06-18 10:53:51.057 [http-nio-8080-exec-2] INFO  org.apache.catalina.core.ContainerBase.[Tomcat].[localhost].[/] - Initializing Spring DispatcherServlet 'dispatcherServlet'
2019-06-18 10:53:51.059 [http-nio-8080-exec-2] INFO  org.springframework.web.servlet.DispatcherServlet - Initializing Servlet 'dispatcherServlet'
2019-06-18 10:53:51.073 [http-nio-8080-exec-2] INFO  org.springframework.web.servlet.DispatcherServlet - Completed initialization in 13 ms
2019-06-18 11:08:35.890 [SchedulerFactory_Worker-1] INFO  top.ruandb.Job.SqlServerProcedureJob - usp_dim_zlzb_jbbz_zkks,usp_dim_zlzb_zlgl_lcjybb,usp_dim_zlzb_zlgl_lcjyzk,usp_dim_zyts,usp_dim_zy_ypyfk,usp_dim_zy_zlzxx,usp_dim_zy_zlzxx_ys---------------------------------------->开始运行
2019-06-18 11:08:35.891 [SchedulerFactory_Worker-1] INFO  top.ruandb.Job.SqlServerProcedureJob - usp_dim_zlzb_jbbz_zkks----------------->开始运行
2019-06-18 11:08:36.059 [SchedulerFactory_Worker-1] ERROR top.ruandb.Job.SqlServerProcedureJob - usp_dim_zlzb_jbbz_zkks----------------->运行失败，请查阅日志
2019-06-18 11:08:36.059 [SchedulerFactory_Worker-1] INFO  top.ruandb.Job.SqlServerProcedureJob - usp_dim_zlzb_jbbz_zkks----------------->运行成功
2019-06-18 11:08:36.060 [SchedulerFactory_Worker-1] INFO  top.ruandb.Job.SqlServerProcedureJob - usp_dim_zlzb_zlgl_lcjybb----------------->开始运行
2019-06-18 11:08:36.094 [SchedulerFactory_Worker-1] ERROR top.ruandb.Job.SqlServerProcedureJob - usp_dim_zlzb_zlgl_lcjybb----------------->运行失败，请查阅日志
2019-06-18 11:08:36.094 [SchedulerFactory_Worker-1] INFO  top.ruandb.Job.SqlServerProcedureJob - usp_dim_zlzb_zlgl_lcjybb----------------->运行成功
2019-06-18 11:08:36.094 [SchedulerFactory_Worker-1] INFO  top.ruandb.Job.SqlServerProcedureJob - usp_dim_zlzb_zlgl_lcjyzk----------------->开始运行
2019-06-18 11:08:36.116 [SchedulerFactory_Worker-1] ERROR top.ruandb.Job.SqlServerProcedureJob - usp_dim_zlzb_zlgl_lcjyzk----------------->运行失败，请查阅日志
2019-06-18 11:08:36.116 [SchedulerFactory_Worker-1] INFO  top.ruandb.Job.SqlServerProcedureJob - usp_dim_zlzb_zlgl_lcjyzk----------------->运行成功
2019-06-18 11:08:36.116 [SchedulerFactory_Worker-1] INFO  top.ruandb.Job.SqlServerProcedureJob - usp_dim_zyts----------------->开始运行
2019-06-18 11:08:36.145 [SchedulerFactory_Worker-1] ERROR top.ruandb.Job.SqlServerProcedureJob - usp_dim_zyts----------------->运行失败，请查阅日志
2019-06-18 11:08:36.145 [SchedulerFactory_Worker-1] INFO  top.ruandb.Job.SqlServerProcedureJob - usp_dim_zyts----------------->运行成功
2019-06-18 11:08:36.146 [SchedulerFactory_Worker-1] INFO  top.ruandb.Job.SqlServerProcedureJob - usp_dim_zy_ypyfk----------------->开始运行
2019-06-18 11:08:36.377 [SchedulerFactory_Worker-1] INFO  top.ruandb.Job.SqlServerProcedureJob - usp_dim_zy_ypyfk----------------->运行成功
2019-06-18 11:08:36.377 [SchedulerFactory_Worker-1] INFO  top.ruandb.Job.SqlServerProcedureJob - usp_dim_zy_zlzxx----------------->开始运行
2019-06-18 11:08:36.510 [SchedulerFactory_Worker-1] ERROR top.ruandb.Job.SqlServerProcedureJob - usp_dim_zy_zlzxx----------------->运行失败，请查阅日志
2019-06-18 11:08:36.510 [SchedulerFactory_Worker-1] INFO  top.ruandb.Job.SqlServerProcedureJob - usp_dim_zy_zlzxx_ys----------------->开始运行
2019-06-18 11:08:36.513 [SchedulerFactory_Worker-1] ERROR top.ruandb.Job.SqlServerProcedureJob - usp_dim_zy_zlzxx_ys----------------->运行失败，请查阅日志
2019-06-18 11:08:36.513 [SchedulerFactory_Worker-1] INFO  top.ruandb.Job.SqlServerProcedureJob - usp_dim_zlzb_jbbz_zkks,usp_dim_zlzb_zlgl_lcjybb,usp_dim_zlzb_zlgl_lcjyzk,usp_dim_zyts,usp_dim_zy_ypyfk,usp_dim_zy_zlzxx,usp_dim_zy_zlzxx_ys--------------------------------------->运行结束
2019-06-18 13:46:15.045 [RMI TCP Connection(2)-127.0.0.1] INFO  org.springframework.boot.admin.SpringApplicationAdminMXBeanRegistrar$SpringApplicationAdmin - Application shutdown requested.
2019-06-18 13:46:15.093 [RMI TCP Connection(2)-127.0.0.1] INFO  org.quartz.core.QuartzScheduler - Scheduler SchedulerFactory_$_ETLScheduler paused.
2019-06-18 13:46:15.096 [RMI TCP Connection(2)-127.0.0.1] INFO  org.springframework.scheduling.concurrent.ThreadPoolTaskExecutor - Shutting down ExecutorService 'applicationTaskExecutor'
2019-06-18 13:46:15.110 [RMI TCP Connection(2)-127.0.0.1] INFO  org.quartz.core.QuartzScheduler - Scheduler SchedulerFactory_$_ETLScheduler shutting down.
2019-06-18 13:46:15.110 [RMI TCP Connection(2)-127.0.0.1] INFO  org.quartz.core.QuartzScheduler - Scheduler SchedulerFactory_$_ETLScheduler paused.
2019-06-18 13:46:15.121 [RMI TCP Connection(2)-127.0.0.1] INFO  com.alibaba.druid.pool.DruidDataSource - {dataSource-2} closed
2019-06-18 13:46:15.122 [RMI TCP Connection(2)-127.0.0.1] INFO  org.quartz.core.QuartzScheduler - Scheduler SchedulerFactory_$_ETLScheduler shutdown complete.
2019-06-18 13:46:15.123 [RMI TCP Connection(2)-127.0.0.1] INFO  org.springframework.scheduling.quartz.SchedulerFactoryBean - Shutting down Quartz Scheduler
2019-06-18 13:46:15.124 [RMI TCP Connection(2)-127.0.0.1] INFO  org.springframework.orm.jpa.LocalContainerEntityManagerFactoryBean - Closing JPA EntityManagerFactory for persistence unit 'default'
2019-06-18 13:46:15.153 [RMI TCP Connection(2)-127.0.0.1] INFO  com.alibaba.druid.pool.DruidDataSource - {dataSource-1} closed
2019-06-18 13:46:24.874 [main] INFO  top.ruandb.EtlSchedulerApplication - Starting EtlSchedulerApplication on LAPTOP-MK6P63H0 with PID 17812 (C:\Java\eclipse-workspace2\ETLScheduler\target\classes started by rdb in C:\Java\eclipse-workspace2\ETLScheduler)
2019-06-18 13:46:24.879 [main] INFO  top.ruandb.EtlSchedulerApplication - No active profile set, falling back to default profiles: default
2019-06-18 13:46:26.087 [main] INFO  org.springframework.data.repository.config.RepositoryConfigurationDelegate - Bootstrapping Spring Data repositories in DEFAULT mode.
2019-06-18 13:46:26.319 [main] INFO  org.springframework.data.repository.config.RepositoryConfigurationDelegate - Finished Spring Data repository scanning in 221ms. Found 4 repository interfaces.
2019-06-18 13:46:26.772 [main] INFO  org.springframework.context.support.PostProcessorRegistrationDelegate$BeanPostProcessorChecker - Bean 'org.springframework.transaction.annotation.ProxyTransactionManagementConfiguration' of type [org.springframework.transaction.annotation.ProxyTransactionManagementConfiguration$$EnhancerBySpringCGLIB$$58b69901] is not eligible for getting processed by all BeanPostProcessors (for example: not eligible for auto-proxying)
2019-06-18 13:46:26.797 [main] INFO  org.springframework.context.support.PostProcessorRegistrationDelegate$BeanPostProcessorChecker - Bean 'shiroConfig' of type [top.ruandb.config.ShiroConfig$$EnhancerBySpringCGLIB$$8413cc54] is not eligible for getting processed by all BeanPostProcessors (for example: not eligible for auto-proxying)
2019-06-18 13:46:27.208 [main] INFO  org.springframework.context.support.PostProcessorRegistrationDelegate$BeanPostProcessorChecker - Bean 'myRealm' of type [top.ruandb.config.MyRealm] is not eligible for getting processed by all BeanPostProcessors (for example: not eligible for auto-proxying)
2019-06-18 13:46:27.215 [main] INFO  org.springframework.context.support.PostProcessorRegistrationDelegate$BeanPostProcessorChecker - Bean 'securityManager' of type [org.apache.shiro.web.mgt.DefaultWebSecurityManager] is not eligible for getting processed by all BeanPostProcessors (for example: not eligible for auto-proxying)
2019-06-18 13:46:27.655 [main] INFO  org.springframework.boot.web.embedded.tomcat.TomcatWebServer - Tomcat initialized with port(s): 8080 (http)
2019-06-18 13:46:27.675 [main] INFO  org.apache.coyote.http11.Http11NioProtocol - Initializing ProtocolHandler ["http-nio-8080"]
2019-06-18 13:46:27.705 [main] INFO  org.apache.catalina.core.StandardService - Starting service [Tomcat]
2019-06-18 13:46:27.706 [main] INFO  org.apache.catalina.core.StandardEngine - Starting Servlet Engine: Apache Tomcat/9.0.13
2019-06-18 13:46:27.717 [main] INFO  org.apache.catalina.core.AprLifecycleListener - Loaded APR based Apache Tomcat Native library [1.2.19] using APR version [1.6.5].
2019-06-18 13:46:27.717 [main] INFO  org.apache.catalina.core.AprLifecycleListener - APR capabilities: IPv6 [true], sendfile [true], accept filters [false], random [true].
2019-06-18 13:46:27.717 [main] INFO  org.apache.catalina.core.AprLifecycleListener - APR/OpenSSL configuration: useAprConnector [false], useOpenSSL [true]
2019-06-18 13:46:28.847 [main] INFO  org.apache.catalina.core.AprLifecycleListener - OpenSSL successfully initialized [OpenSSL 1.0.2q  20 Nov 2018]
2019-06-18 13:46:29.056 [main] INFO  org.apache.catalina.core.ContainerBase.[Tomcat].[localhost].[/] - Initializing Spring embedded WebApplicationContext
2019-06-18 13:46:29.057 [main] INFO  org.springframework.web.context.ContextLoader - Root WebApplicationContext: initialization completed in 4058 ms
2019-06-18 13:46:29.542 [main] INFO  com.alibaba.druid.pool.DruidDataSource - {dataSource-1} inited
2019-06-18 13:46:29.829 [main] INFO  org.hibernate.jpa.internal.util.LogHelper - HHH000204: Processing PersistenceUnitInfo [
	name: default
	...]
2019-06-18 13:46:29.939 [main] INFO  org.hibernate.Version - HHH000412: Hibernate Core {5.3.7.Final}
2019-06-18 13:46:29.943 [main] INFO  org.hibernate.cfg.Environment - HHH000206: hibernate.properties not found
2019-06-18 13:46:30.116 [main] INFO  org.hibernate.annotations.common.Version - HCANN000001: Hibernate Commons Annotations {5.0.4.Final}
2019-06-18 13:46:30.680 [main] INFO  org.hibernate.dialect.Dialect - HHH000400: Using dialect: org.hibernate.dialect.SQLServer2012Dialect
2019-06-18 13:46:31.890 [main] INFO  org.springframework.orm.jpa.LocalContainerEntityManagerFactoryBean - Initialized JPA EntityManagerFactory for persistence unit 'default'
2019-06-18 13:46:31.934 [main] INFO  org.springframework.beans.factory.annotation.AutowiredAnnotationBeanPostProcessor - Autowired annotation is not supported on static methods: public static void top.ruandb.config.ProcedureConfig.setPROCEDURE_PRO(java.lang.String)
2019-06-18 13:46:32.252 [main] INFO  org.hibernate.hql.internal.QueryTranslatorFactoryInitiator - HHH000397: Using ASTQueryTranslatorFactory
2019-06-18 13:46:32.506 [main] INFO  org.quartz.impl.StdSchedulerFactory - Using default implementation for ThreadExecutor
2019-06-18 13:46:32.523 [main] INFO  org.quartz.core.SchedulerSignalerImpl - Initialized Scheduler Signaller of type: class org.quartz.core.SchedulerSignalerImpl
2019-06-18 13:46:32.523 [main] INFO  org.quartz.core.QuartzScheduler - Quartz Scheduler v.2.2.1 created.
2019-06-18 13:46:32.525 [main] INFO  org.quartz.core.QuartzScheduler - JobFactory set to: org.quartz.simpl.SimpleJobFactory@6e2eead5
2019-06-18 13:46:32.525 [main] INFO  org.quartz.impl.jdbcjobstore.JobStoreTX - Using thread monitor-based data access locking (synchronization).
2019-06-18 13:46:32.526 [main] INFO  org.quartz.impl.jdbcjobstore.JobStoreTX - JobStoreTX initialized.
2019-06-18 13:46:32.527 [main] INFO  org.quartz.core.QuartzScheduler - Scheduler meta-data: Quartz Scheduler (v2.2.1) 'SchedulerFactory' with instanceId 'ETLScheduler'
  Scheduler class: 'org.quartz.core.QuartzScheduler' - running locally.
  NOT STARTED.
  Currently in standby mode.
  Number of jobs executed: 0
  Using thread pool 'org.quartz.simpl.SimpleThreadPool' - with 5 threads.
  Using job-store 'org.quartz.impl.jdbcjobstore.JobStoreTX' - which supports persistence. and is not clustered.

2019-06-18 13:46:32.528 [main] INFO  org.quartz.impl.StdSchedulerFactory - Quartz scheduler 'SchedulerFactory' initialized from an externally provided properties instance.
2019-06-18 13:46:32.528 [main] INFO  org.quartz.impl.StdSchedulerFactory - Quartz scheduler version: 2.2.1
2019-06-18 13:46:32.529 [main] INFO  org.quartz.core.QuartzScheduler - JobFactory set to: top.ruandb.config.MyJobFactory@79195c22
2019-06-18 13:46:32.895 [main] INFO  org.springframework.scheduling.concurrent.ThreadPoolTaskExecutor - Initializing ExecutorService 'applicationTaskExecutor'
2019-06-18 13:46:33.441 [main] INFO  org.springframework.scheduling.quartz.SchedulerFactoryBean - Starting Quartz Scheduler now
2019-06-18 13:46:33.443 [main] INFO  com.alibaba.druid.pool.DruidDataSource - {dataSource-2} inited
2019-06-18 13:46:33.473 [main] INFO  org.quartz.impl.jdbcjobstore.JobStoreTX - Freed 0 triggers from 'acquired' / 'blocked' state.
2019-06-18 13:46:33.477 [main] INFO  org.quartz.impl.jdbcjobstore.JobStoreTX - Recovering 0 jobs that were in-progress at the time of the last shut-down.
2019-06-18 13:46:33.477 [main] INFO  org.quartz.impl.jdbcjobstore.JobStoreTX - Recovery complete.
2019-06-18 13:46:33.479 [main] INFO  org.quartz.impl.jdbcjobstore.JobStoreTX - Removed 0 'complete' triggers.
2019-06-18 13:46:33.481 [main] INFO  org.quartz.impl.jdbcjobstore.JobStoreTX - Removed 0 stale fired job entries.
2019-06-18 13:46:33.484 [main] INFO  org.quartz.core.QuartzScheduler - Scheduler SchedulerFactory_$_ETLScheduler started.
2019-06-18 13:46:33.503 [main] INFO  org.apache.coyote.http11.Http11NioProtocol - Starting ProtocolHandler ["http-nio-8080"]
2019-06-18 13:46:33.518 [main] INFO  org.apache.tomcat.util.net.NioSelectorPool - Using a shared selector for servlet write/read
2019-06-18 13:46:33.546 [main] INFO  org.springframework.boot.web.embedded.tomcat.TomcatWebServer - Tomcat started on port(s): 8080 (http) with context path ''
2019-06-18 13:46:33.550 [main] INFO  top.ruandb.EtlSchedulerApplication - Started EtlSchedulerApplication in 9.471 seconds (JVM running for 10.806)
2019-06-18 13:46:33.553 [main] INFO  top.ruandb.init.TaskInit - kettle初始化开始-------------------------------------------------------->
2019-06-18 13:46:34.119 [main] INFO  top.ruandb.init.TaskInit - kettle初始化结束-------------------------------------------------------->
2019-06-18 13:46:34.120 [main] INFO  top.ruandb.init.TaskInit - 重新启动清空scheduler
2019-06-18 13:46:34.261 [main] INFO  top.ruandb.init.TaskInit - 初始化job到调度器-------------------------------->jobname:usp_dim_zlzb_jbbz_zkks,usp_dim_zlzb_zlgl_lcjybb,usp_dim_zlzb_zlgl_lcjyzk,usp_dim_zyts,usp_dim_zy_ypyfk,usp_dim_zy_zlzxx,usp_dim_zy_zlzxx_ys
2019-06-18 13:46:34.297 [main] INFO  top.ruandb.init.TaskInit - 初始化job到调度器-------------------------------->jobname:usp_dim_yyxx,usp_dim_zddmk_ba,usp_dim_zdjb,usp_dim_zdss,usp_dim_zljg,usp_dim_zlzb_bfzlx,usp_dim_zlzb_fmfs,usp_dim_zlzb_jbbz_dbz,usp_dim_zlzb_jbbz_dq,usp_dim_zlzb_jbbz_xzljs
2019-06-18 13:46:34.337 [main] INFO  top.ruandb.init.TaskInit - 初始化job到调度器-------------------------------->jobname:usp_dim_yk_czdmk,usp_dim_ypdl,usp_dim_ypfl,usp_dim_ypjx,usp_dim_ypxx,usp_dim_ysxx_ba,usp_dim_yyfs,usp_dim_yygr_dcnyjxx,usp_dim_yygr_xgdgbw,usp_dim_yylb,usp_dim_yymd,usp_dim_yysjd
2019-06-18 13:46:34.354 [main] INFO  top.ruandb.init.TaskInit - 初始化job到调度器-------------------------------->jobname:usp_dim_xydl,usp_dim_xyzlxx,usp_dim_ybflxx,usp_dim_yb_yblx,usp_dim_ycbw,usp_dim_ycfj,usp_dim_ycly,usp_dim_yfdmk,usp_dim_yf_czdmk,usp_dim_yg_ssfxdj,usp_dim_yg_ssgrbw,usp_dim_ykdmk
2019-06-18 13:46:34.368 [main] INFO  top.ruandb.init.TaskInit - 初始化job到调度器-------------------------------->jobname:usp_dim_wzjb,usp_dim_wzsb_cblx,usp_dim_wzsb_kfxx,usp_dim_wzsb_wzkpxx,usp_dim_wzsb_wzpmggxx,usp_dim_wzsb_wz_djlb,usp_dim_wzsb_wz_ghdwxx,usp_dim_wzsb_wz_rkfs,usp_dim_xxxx
2019-06-18 13:46:34.379 [main] INFO  top.ruandb.init.TaskInit - 初始化job到调度器-------------------------------->jobname:usp_dim_ssjb,usp_dim_ssmz_asamzfj,usp_dim_ssmz_mzfsfl,usp_dim_ssmz_sssjlx,usp_dim_ssxx,usp_dim_sxblfylx,usp_dim_sxfsxx,usp_dim_sxlyxx,usp_dim_sxytxx,usp_dim_time,usp_dim_tsypbz
2019-06-18 13:46:34.389 [main] INFO  top.ruandb.init.TaskInit - 初始化job到调度器-------------------------------->jobname:usp_dim_rjssxx,usp_dim_sex,usp_dim_sfdxmk,usp_dim_sfxxmk,usp_dim_sf_cfsfjg,usp_dim_sf_cfwt,usp_dim_sf_cfwtfl,usp_dim_sf_cfwtjb,usp_dim_sf_ypyfk,usp_dim_ssbw,usp_dim_ssflxx
2019-06-18 13:46:34.399 [main] INFO  top.ruandb.init.TaskInit - 初始化job到调度器-------------------------------->jobname:usp_dim_lclj,usp_dim_lcsfxmk,usp_dim_lis_instrument,usp_dim_lyfs,usp_dim_mjzbz,usp_dim_mzfs,usp_dim_mzzy,usp_dim_nld,usp_dim_qkdj,usp_dim_qzts,usp_dim_ris_instrument,usp_dim_rjssbz
2019-06-18 13:46:34.419 [main] INFO  top.ruandb.init.TaskInit - 初始化job到调度器-------------------------------->jobname:usp_dim_jsk_ysyy,usp_dim_jsk_ztsxfs,usp_dim_jylb,usp_dim_jzzy_bqfj,usp_dim_jzzy_brqx,usp_dim_jzzy_cyfs,usp_dim_kfyxk_bfzlx,usp_dim_kfyxk_kflx,usp_dim_kssjb,usp_dim_ksxx_ba
2019-06-18 13:46:34.430 [main] INFO  top.ruandb.init.TaskInit - 初始化job到调度器-------------------------------->jobname:usp_dim_aers_warningeventtype,usp_dim_bqdmk_ba,usp_dim_cflx,usp_dim_cfz,usp_dim_cyfs,usp_dim_czryk,usp_dim_ddshcdjb,usp_dim_ddyy,usp_dim_drgs_fxpgdj,usp_dim_fyck,usp_dim_ghlb
2019-06-18 13:46:34.453 [main] INFO  top.ruandb.init.TaskInit - 初始化job到调度器-------------------------------->jobname:usp_dim_ghtj,usp_dim_ghyysjc,usp_dim_gysxx,usp_dim_hour,usp_dim_hsxm,usp_dim_jclb,usp_dim_jsk_txfs,usp_dim_jsk_xgtllb,usp_dim_jsk_xtzlfs,usp_dim_jsk_ysfs,usp_dim_jsk_ysgj
2019-06-18 13:46:34.469 [main] INFO  top.ruandb.init.TaskInit - 初始化job到调度器-------------------------------->jobname:usp_dim_aers_eventyzcd,usp_dim_aers_medevent_ss_cwlx,usp_dim_aers_medicaleventtype,usp_dim_aers_nursevt_gl_bfzlx,usp_dim_aers_nursingeventtype,usp_dim_aers_ryzc
2019-06-18 13:46:34.480 [main] INFO  top.ruandb.init.TaskInit - 初始化job到调度器-------------------------------->jobname:usp_dim_aers_bloodeventtype,usp_dim_aers_drugseventtype,usp_dim_aers_eventclfs,usp_dim_aers_eventconsequence,usp_dim_aers_eventdj,usp_dim_aers_eventtype
2019-06-18 13:46:34.501 [main] INFO  top.ruandb.init.TaskInit - 初始化job到调度器-------------------------------->jobname:usp_fat_bacwsyqk,usp_fat_basyjb,usp_fat_basyss,usp_fat_basyzd,usp_fat_bq_brcwxxk
2019-06-18 13:46:34.515 [main] INFO  top.ruandb.init.TaskInit - 初始化job到调度器-------------------------------->jobname:usp_fat_jcbgmx,usp_fat_jybgmx,usp_fat_mz_yffymx,usp_fat_sxxx,usp_fat_wzsb_sb_byxx,usp_fat_wzsb_sb_jlxx
2019-06-18 13:46:34.527 [main] INFO  top.ruandb.init.TaskInit - 初始化job到调度器-------------------------------->jobname:usp_fat_wzsb_sb_srxx,usp_fat_wzsb_sb_wxxx,usp_fat_wzsb_sb_zjxx,usp_fat_wzsb_wz_bsxx,usp_fat_wzsb_wz_ckxx
2019-06-18 13:46:34.540 [main] INFO  top.ruandb.init.TaskInit - 初始化job到调度器-------------------------------->jobname:usp_fat_wzsb_wz_qlxx,usp_fat_wzsb_wz_rkxx,usp_fat_wzsb_wz_wtdxxx,usp_fat_wzsb_wz_xhxx,usp_fat_wzsb_wz_ykxx
2019-06-18 13:46:34.557 [main] INFO  top.ruandb.init.TaskInit - 初始化job到调度器-------------------------------->jobname:usp_fat_wzsb_wz_zgxx,usp_fat_yf_ypczmx,usp_fat_yk_ypczmx,usp_fat_yygh_pbxx,usp_fat_yy_mz_yyrc
2019-06-18 13:46:34.568 [main] INFO  top.ruandb.init.TaskInit - 初始化job到调度器-------------------------------->jobname:usp_fat_zlzb_zlgl_lcjybb,usp_fat_zlzb_zlgl_lcjyzk,usp_fat_zy_cwsyqk,usp_fat_zy_rjssbrfy_fat
2019-06-18 13:46:34.582 [main] INFO  top.ruandb.init.TaskInit - 初始化job到调度器-------------------------------->jobname:usp_fat_zy_rjsshzxx,usp_fat_zy_rjssxx,usp_fat_zy_ryywl,usp_fat_zy_yffymx,usp_fat_zy_zyfy_zy
2019-06-18 13:46:34.591 [main] INFO  top.ruandb.init.TaskInit - 初始化job到调度器-------------------------------->jobname:usp_fat_mz_ybjsxx,usp_fat_mz_mzfy,usp_fat_mz_mzywl
2019-06-18 13:46:34.600 [main] INFO  top.ruandb.init.TaskInit - 初始化job到调度器-------------------------------->jobname:usp_fat_zy_ybjsxx,usp_fat_zy_zyfy,usp_fat_zy_zyywl
2019-06-18 13:46:34.621 [main] INFO  top.ruandb.init.TaskInit - 初始化job到调度器-------------------------------->jobname:usp_fact_yy_mz_jzrc_fat,usp_fact_yy_mz_patid_fat,usp_fact_yy_mz_yyrc_fat,usp_fact_yygh_pbxx_fat,usp_fact_yy_mz_tjrc_fat
2019-06-18 13:46:34.677 [main] INFO  top.ruandb.init.TaskInit - 初始化job到调度器-------------------------------->jobname:usp_fact_fy_mz_fyfx_fat,usp_fact_fy_zy_fyfx_fat,usp_fact_fy_zy_fyfx_zxrq_fat,usp_fact_yy_zy_cyywlfx_fat,usp_fact_yy_zy_ryywlfx_fat
2019-06-18 13:46:34.698 [main] INFO  top.ruandb.init.TaskInit - 初始化job到调度器-------------------------------->jobname:usp_fact_yy_zy_lcljfx_fat,usp_fact_yy_zy_zrzcfx_fat,usp_fact_yb_mz_fyfx_fat,usp_fact_yb_zy_fyfx_fat,usp_fact_yb_ybzkfx_fat
2019-06-18 13:46:34.710 [main] INFO  top.ruandb.init.TaskInit - 初始化job到调度器-------------------------------->jobname:usp_fact_yy_zybrzyl_fat,usp_fact_zy_zycwxl,usp_fact_yy_zy_cwsyqk_fat,usp_fact_yp_mz_fyfx_fat
2019-06-18 13:46:34.723 [main] INFO  top.ruandb.init.TaskInit - 初始化job到调度器-------------------------------->jobname:usp_fact_yp_cflfx_fat,usp_fact_yp_zy_fyfx_fat,usp_fact_yp_zy_fyfx_zxrq_fat,usp_fact_yp_mz_yffygzl_fat,usp_fact_yp_zy_yffygzl_fat
2019-06-18 13:46:34.736 [main] INFO  top.ruandb.init.TaskInit - 初始化job到调度器-------------------------------->jobname:usp_fact_yp_jxcfx_yf_fat,usp_fact_yp_jxcfx_yk_fat,usp_fact_ba_ss_zyssywlfx_fat,usp_fact_yy_ss_mzssywlfx_fat,usp_fact_yy_ss_rjssywlfx_fat
2019-06-18 13:46:34.744 [main] INFO  top.ruandb.init.TaskInit - 初始化job到调度器-------------------------------->jobname:usp_fact_ba_zy_back15_30_fat,usp_fact_ba_zy_cwsyqk_fat,usp_fact_ba_zy_cyywlfx_fat,usp_fact_lis_list_fat,usp_fact_lis_list_mx_fat
2019-06-18 13:46:34.752 [main] INFO  top.ruandb.init.TaskInit - 初始化job到调度器-------------------------------->jobname:usp_fact_ris_list_fat,usp_fact_ris_list_mx_fat,usp_fact_xk_sxfx_fat,usp_fact_zqhy_jzrc_fat,usp_fact_zqhy_mzpatid_fat
2019-06-18 13:46:34.760 [main] INFO  top.ruandb.init.TaskInit - 初始化job到调度器-------------------------------->jobname:usp_fact_wzsb_sb_sbgzl_fat,usp_fact_wzsb_wz_bsxx_fat,usp_fact_wzsb_wz_ckxx_fat,usp_fact_wzsb_wz_qlxx_fat,usp_fact_wzsb_wz_rkxx_fat
2019-06-18 13:46:34.768 [main] INFO  top.ruandb.init.TaskInit - 初始化job到调度器-------------------------------->jobname:usp_fact_wzsb_wz_wtdxxx_fat,usp_fact_wzsb_wz_xhxx_fat,usp_fact_wzsb_wz_ykxx_fat,usp_fact_wzsb_wz_zgxx_fat
2019-06-18 13:46:34.776 [main] INFO  top.ruandb.init.TaskInit - 初始化job到调度器-------------------------------->jobname:usp_hd_zbmx_hz,usp_hd_zbmx_hz_ys
2019-06-18 13:46:34.786 [main] INFO  top.ruandb.init.TaskInit - 初始化job到调度器-------------------------------->jobname:usp_producure_log
2019-06-18 13:46:34.794 [main] INFO  top.ruandb.init.TaskInit - 初始化job到调度器-------------------------------->jobname:usp_fact_dim_yp_dim
2019-06-18 13:46:35.326 [main] INFO  top.ruandb.init.TaskInit - ----------------------->依赖初始化开始
2019-06-18 13:46:35.332 [main] INFO  top.ruandb.init.TaskInit - jobMap--->{22=PENDDING, 44=PENDDING, 23=PENDDING, 45=PENDDING, 24=PENDDING, 46=PENDDING, 25=PENDDING, 47=PENDDING, 26=PENDDING, 48=PENDDING, 27=PENDDING, 28=PENDDING, 29=PENDDING, 30=PENDDING, 31=PENDDING, 32=PENDDING, 33=PENDDING, 34=PENDDING, 13=PENDDING, 35=PENDDING, 14=PENDDING, 36=PENDDING, 15=PENDDING, 16=PENDDING, 38=PENDDING, 17=PENDDING, 39=PENDDING, 18=PENDDING, 19=PENDDING, 40=PENDDING, 41=PENDDING, 20=PENDDING, 42=PENDDING, 21=PENDDING, 43=PENDDING}
2019-06-18 13:46:35.332 [main] INFO  top.ruandb.init.TaskInit - groupMap--->{A=[13, 14, 15, 16, 17, 18, 19, 20, 21, 22, 23, 24, 25], B=[26, 27, 28, 29, 30, 31, 32, 33, 34], C=[35, 36, 38, 39, 40, 41, 42, 43, 44, 45, 48], D=[46, 47]}
2019-06-18 13:46:35.333 [main] INFO  top.ruandb.init.TaskInit - jobMap,groupMap----------------------->依赖初始化成功
2019-06-18 13:46:35.333 [main] INFO  top.ruandb.init.TaskInit - ----------------------->定时依赖初始化开始
2019-06-18 13:46:35.339 [main] INFO  top.ruandb.init.TaskInit - ----------------------->定时依赖初始化结束
2019-06-18 13:46:39.914 [http-nio-8080-exec-1] INFO  org.apache.catalina.core.ContainerBase.[Tomcat].[localhost].[/] - Initializing Spring DispatcherServlet 'dispatcherServlet'
2019-06-18 13:46:39.915 [http-nio-8080-exec-1] INFO  org.springframework.web.servlet.DispatcherServlet - Initializing Servlet 'dispatcherServlet'
2019-06-18 13:46:39.929 [http-nio-8080-exec-1] INFO  org.springframework.web.servlet.DispatcherServlet - Completed initialization in 14 ms
2019-06-18 13:46:52.858 [SchedulerFactory_Worker-1] INFO  top.ruandb.Job.SqlServerProcedureJob - usp_dim_xydl,usp_dim_xyzlxx,usp_dim_ybflxx,usp_dim_yb_yblx,usp_dim_ycbw,usp_dim_ycfj,usp_dim_ycly,usp_dim_yfdmk,usp_dim_yf_czdmk,usp_dim_yg_ssfxdj,usp_dim_yg_ssgrbw,usp_dim_ykdmk---------------------------------------->开始运行
2019-06-18 13:46:52.858 [SchedulerFactory_Worker-1] INFO  top.ruandb.Job.SqlServerProcedureJob - usp_dim_xydl----------------->开始运行
2019-06-18 13:46:53.125 [SchedulerFactory_Worker-1] ERROR top.ruandb.Job.SqlServerProcedureJob - usp_dim_xydl----------------->运行失败，请查阅日志
2019-06-18 13:46:53.125 [SchedulerFactory_Worker-1] INFO  top.ruandb.Job.SqlServerProcedureJob - usp_dim_xydl----------------->运行成功
2019-06-18 13:46:53.125 [SchedulerFactory_Worker-1] INFO  top.ruandb.Job.SqlServerProcedureJob - usp_dim_xyzlxx----------------->开始运行
2019-06-18 13:46:53.163 [SchedulerFactory_Worker-1] INFO  top.ruandb.Job.SqlServerProcedureJob - usp_dim_xyzlxx----------------->运行成功
2019-06-18 13:46:53.164 [SchedulerFactory_Worker-1] INFO  top.ruandb.Job.SqlServerProcedureJob - usp_dim_ybflxx----------------->开始运行
2019-06-18 13:46:53.258 [SchedulerFactory_Worker-1] INFO  top.ruandb.Job.SqlServerProcedureJob - usp_dim_ybflxx----------------->运行成功
2019-06-18 13:46:53.258 [SchedulerFactory_Worker-1] INFO  top.ruandb.Job.SqlServerProcedureJob - usp_dim_yb_yblx----------------->开始运行
2019-06-18 13:46:53.297 [SchedulerFactory_Worker-1] INFO  top.ruandb.Job.SqlServerProcedureJob - usp_dim_yb_yblx----------------->运行成功
2019-06-18 13:46:53.297 [SchedulerFactory_Worker-1] INFO  top.ruandb.Job.SqlServerProcedureJob - usp_dim_ycbw----------------->开始运行
2019-06-18 13:46:53.305 [SchedulerFactory_Worker-1] ERROR top.ruandb.Job.SqlServerProcedureJob - usp_dim_ycbw----------------->运行失败，请查阅日志
2019-06-18 13:46:53.305 [SchedulerFactory_Worker-1] INFO  top.ruandb.Job.SqlServerProcedureJob - usp_dim_ycbw----------------->运行成功
2019-06-18 13:46:53.305 [SchedulerFactory_Worker-1] INFO  top.ruandb.Job.SqlServerProcedureJob - usp_dim_ycfj----------------->开始运行
2019-06-18 13:46:53.314 [SchedulerFactory_Worker-1] ERROR top.ruandb.Job.SqlServerProcedureJob - usp_dim_ycfj----------------->运行失败，请查阅日志
2019-06-18 13:46:53.314 [SchedulerFactory_Worker-1] INFO  top.ruandb.Job.SqlServerProcedureJob - usp_dim_ycfj----------------->运行成功
2019-06-18 13:46:53.314 [SchedulerFactory_Worker-1] INFO  top.ruandb.Job.SqlServerProcedureJob - usp_dim_ycly----------------->开始运行
2019-06-18 13:46:53.321 [SchedulerFactory_Worker-1] ERROR top.ruandb.Job.SqlServerProcedureJob - usp_dim_ycly----------------->运行失败，请查阅日志
2019-06-18 13:46:53.321 [SchedulerFactory_Worker-1] INFO  top.ruandb.Job.SqlServerProcedureJob - usp_dim_ycly----------------->运行成功
2019-06-18 13:46:53.321 [SchedulerFactory_Worker-1] INFO  top.ruandb.Job.SqlServerProcedureJob - usp_dim_yfdmk----------------->开始运行
2019-06-18 13:46:53.370 [SchedulerFactory_Worker-1] INFO  top.ruandb.Job.SqlServerProcedureJob - usp_dim_yfdmk----------------->运行成功
2019-06-18 13:46:53.371 [SchedulerFactory_Worker-1] INFO  top.ruandb.Job.SqlServerProcedureJob - usp_dim_yf_czdmk----------------->开始运行
2019-06-18 13:46:53.417 [SchedulerFactory_Worker-1] INFO  top.ruandb.Job.SqlServerProcedureJob - usp_dim_yf_czdmk----------------->运行成功
2019-06-18 13:46:53.417 [SchedulerFactory_Worker-1] INFO  top.ruandb.Job.SqlServerProcedureJob - usp_dim_yg_ssfxdj----------------->开始运行
2019-06-18 13:46:53.425 [SchedulerFactory_Worker-1] ERROR top.ruandb.Job.SqlServerProcedureJob - usp_dim_yg_ssfxdj----------------->运行失败，请查阅日志
2019-06-18 13:46:53.425 [SchedulerFactory_Worker-1] INFO  top.ruandb.Job.SqlServerProcedureJob - usp_dim_yg_ssfxdj----------------->运行成功
2019-06-18 13:46:53.425 [SchedulerFactory_Worker-1] INFO  top.ruandb.Job.SqlServerProcedureJob - usp_dim_yg_ssgrbw----------------->开始运行
2019-06-18 13:46:53.433 [SchedulerFactory_Worker-1] ERROR top.ruandb.Job.SqlServerProcedureJob - usp_dim_yg_ssgrbw----------------->运行失败，请查阅日志
2019-06-18 13:46:53.433 [SchedulerFactory_Worker-1] INFO  top.ruandb.Job.SqlServerProcedureJob - usp_dim_yg_ssgrbw----------------->运行成功
2019-06-18 13:46:53.433 [SchedulerFactory_Worker-1] INFO  top.ruandb.Job.SqlServerProcedureJob - usp_dim_ykdmk----------------->开始运行
2019-06-18 13:46:53.477 [SchedulerFactory_Worker-1] INFO  top.ruandb.Job.SqlServerProcedureJob - usp_dim_ykdmk----------------->运行成功
2019-06-18 13:46:53.477 [SchedulerFactory_Worker-1] INFO  top.ruandb.Job.SqlServerProcedureJob - usp_dim_xydl,usp_dim_xyzlxx,usp_dim_ybflxx,usp_dim_yb_yblx,usp_dim_ycbw,usp_dim_ycfj,usp_dim_ycly,usp_dim_yfdmk,usp_dim_yf_czdmk,usp_dim_yg_ssfxdj,usp_dim_yg_ssgrbw,usp_dim_ykdmk--------------------------------------->运行结束
2019-06-18 13:48:30.531 [SchedulerFactory_Worker-2] INFO  top.ruandb.Job.SqlServerProcedureJob - usp_fat_bacwsyqk,usp_fat_basyjb,usp_fat_basyss,usp_fat_basyzd,usp_fat_bq_brcwxxk---------------------------------------->开始运行
2019-06-18 13:48:30.532 [SchedulerFactory_Worker-2] INFO  top.ruandb.Job.SqlServerProcedureJob - usp_fat_bacwsyqk----------------->开始运行
2019-06-18 13:48:30.709 [SchedulerFactory_Worker-2] INFO  top.ruandb.Job.SqlServerProcedureJob - usp_fat_bacwsyqk----------------->运行成功
2019-06-18 13:48:30.710 [SchedulerFactory_Worker-2] INFO  top.ruandb.Job.SqlServerProcedureJob - usp_fat_basyjb----------------->开始运行
2019-06-18 13:48:31.358 [SchedulerFactory_Worker-2] INFO  top.ruandb.Job.SqlServerProcedureJob - usp_fat_basyjb----------------->运行成功
2019-06-18 13:48:31.358 [SchedulerFactory_Worker-2] INFO  top.ruandb.Job.SqlServerProcedureJob - usp_fat_basyss----------------->开始运行
2019-06-18 13:48:31.505 [SchedulerFactory_Worker-2] INFO  top.ruandb.Job.SqlServerProcedureJob - usp_fat_basyss----------------->运行成功
2019-06-18 13:48:31.505 [SchedulerFactory_Worker-2] INFO  top.ruandb.Job.SqlServerProcedureJob - usp_fat_basyzd----------------->开始运行
2019-06-18 13:48:31.558 [SchedulerFactory_Worker-2] INFO  top.ruandb.Job.SqlServerProcedureJob - usp_fat_basyzd----------------->运行成功
2019-06-18 13:48:31.558 [SchedulerFactory_Worker-2] INFO  top.ruandb.Job.SqlServerProcedureJob - usp_fat_bq_brcwxxk----------------->开始运行
2019-06-18 13:48:32.707 [SchedulerFactory_Worker-2] ERROR top.ruandb.Job.SqlServerProcedureJob - usp_fat_bq_brcwxxk----------------->运行失败，请查阅日志
2019-06-18 13:48:32.707 [SchedulerFactory_Worker-2] INFO  top.ruandb.Job.SqlServerProcedureJob - usp_fat_bacwsyqk,usp_fat_basyjb,usp_fat_basyss,usp_fat_basyzd,usp_fat_bq_brcwxxk--------------------------------------->运行结束
2019-06-18 14:05:51.140 [RMI TCP Connection(2)-127.0.0.1] INFO  org.springframework.boot.admin.SpringApplicationAdminMXBeanRegistrar$SpringApplicationAdmin - Application shutdown requested.
2019-06-18 14:05:51.143 [RMI TCP Connection(2)-127.0.0.1] INFO  org.quartz.core.QuartzScheduler - Scheduler SchedulerFactory_$_ETLScheduler paused.
2019-06-18 14:05:51.143 [RMI TCP Connection(2)-127.0.0.1] INFO  org.springframework.scheduling.concurrent.ThreadPoolTaskExecutor - Shutting down ExecutorService 'applicationTaskExecutor'
2019-06-18 14:05:51.144 [RMI TCP Connection(2)-127.0.0.1] INFO  org.quartz.core.QuartzScheduler - Scheduler SchedulerFactory_$_ETLScheduler shutting down.
2019-06-18 14:05:51.144 [RMI TCP Connection(2)-127.0.0.1] INFO  org.quartz.core.QuartzScheduler - Scheduler SchedulerFactory_$_ETLScheduler paused.
2019-06-18 14:05:51.147 [RMI TCP Connection(2)-127.0.0.1] INFO  com.alibaba.druid.pool.DruidDataSource - {dataSource-2} closed
2019-06-18 14:05:51.148 [RMI TCP Connection(2)-127.0.0.1] INFO  org.quartz.core.QuartzScheduler - Scheduler SchedulerFactory_$_ETLScheduler shutdown complete.
2019-06-18 14:05:51.148 [RMI TCP Connection(2)-127.0.0.1] INFO  org.springframework.scheduling.quartz.SchedulerFactoryBean - Shutting down Quartz Scheduler
2019-06-18 14:05:51.149 [RMI TCP Connection(2)-127.0.0.1] INFO  org.springframework.orm.jpa.LocalContainerEntityManagerFactoryBean - Closing JPA EntityManagerFactory for persistence unit 'default'
2019-06-18 14:05:51.154 [RMI TCP Connection(2)-127.0.0.1] INFO  com.alibaba.druid.pool.DruidDataSource - {dataSource-1} closed
2019-06-18 14:06:19.805 [main] INFO  top.ruandb.EtlSchedulerApplicationTests - Starting EtlSchedulerApplicationTests on LAPTOP-MK6P63H0 with PID 3236 (started by rdb in C:\Java\eclipse-workspace2\ETLScheduler)
2019-06-18 14:06:19.808 [main] INFO  top.ruandb.EtlSchedulerApplicationTests - No active profile set, falling back to default profiles: default
2019-06-18 14:06:21.926 [main] INFO  org.springframework.data.repository.config.RepositoryConfigurationDelegate - Bootstrapping Spring Data repositories in DEFAULT mode.
2019-06-18 14:06:22.234 [main] INFO  org.springframework.data.repository.config.RepositoryConfigurationDelegate - Finished Spring Data repository scanning in 290ms. Found 4 repository interfaces.
2019-06-18 14:06:23.342 [main] INFO  org.springframework.context.support.PostProcessorRegistrationDelegate$BeanPostProcessorChecker - Bean 'org.springframework.transaction.annotation.ProxyTransactionManagementConfiguration' of type [org.springframework.transaction.annotation.ProxyTransactionManagementConfiguration$$EnhancerBySpringCGLIB$$3047c33c] is not eligible for getting processed by all BeanPostProcessors (for example: not eligible for auto-proxying)
2019-06-18 14:06:23.455 [main] INFO  org.springframework.context.support.PostProcessorRegistrationDelegate$BeanPostProcessorChecker - Bean 'shiroConfig' of type [top.ruandb.config.ShiroConfig$$EnhancerBySpringCGLIB$$5ba4f68f] is not eligible for getting processed by all BeanPostProcessors (for example: not eligible for auto-proxying)
2019-06-18 14:06:24.428 [main] INFO  org.springframework.context.support.PostProcessorRegistrationDelegate$BeanPostProcessorChecker - Bean 'myRealm' of type [top.ruandb.config.MyRealm] is not eligible for getting processed by all BeanPostProcessors (for example: not eligible for auto-proxying)
2019-06-18 14:06:24.479 [main] INFO  org.springframework.context.support.PostProcessorRegistrationDelegate$BeanPostProcessorChecker - Bean 'securityManager' of type [org.apache.shiro.web.mgt.DefaultWebSecurityManager] is not eligible for getting processed by all BeanPostProcessors (for example: not eligible for auto-proxying)
2019-06-18 14:06:25.786 [main] INFO  com.alibaba.druid.pool.DruidDataSource - {dataSource-1} inited
2019-06-18 14:06:26.317 [main] INFO  org.hibernate.jpa.internal.util.LogHelper - HHH000204: Processing PersistenceUnitInfo [
	name: default
	...]
2019-06-18 14:06:26.634 [main] INFO  org.hibernate.Version - HHH000412: Hibernate Core {5.3.7.Final}
2019-06-18 14:06:26.639 [main] INFO  org.hibernate.cfg.Environment - HHH000206: hibernate.properties not found
2019-06-18 14:06:27.284 [main] INFO  org.hibernate.annotations.common.Version - HCANN000001: Hibernate Commons Annotations {5.0.4.Final}
2019-06-18 14:06:27.947 [main] INFO  org.hibernate.dialect.Dialect - HHH000400: Using dialect: org.hibernate.dialect.SQLServer2012Dialect
2019-06-18 14:06:30.236 [main] INFO  org.springframework.orm.jpa.LocalContainerEntityManagerFactoryBean - Initialized JPA EntityManagerFactory for persistence unit 'default'
2019-06-18 14:06:30.272 [main] INFO  org.springframework.beans.factory.annotation.AutowiredAnnotationBeanPostProcessor - Autowired annotation is not supported on static methods: public static void top.ruandb.config.ProcedureConfig.setPROCEDURE_PRO(java.lang.String)
2019-06-18 14:06:31.366 [main] INFO  org.hibernate.hql.internal.QueryTranslatorFactoryInitiator - HHH000397: Using ASTQueryTranslatorFactory
2019-06-18 14:06:32.291 [main] INFO  org.quartz.impl.StdSchedulerFactory - Using default implementation for ThreadExecutor
2019-06-18 14:06:32.374 [main] INFO  org.quartz.core.SchedulerSignalerImpl - Initialized Scheduler Signaller of type: class org.quartz.core.SchedulerSignalerImpl
2019-06-18 14:06:32.376 [main] INFO  org.quartz.core.QuartzScheduler - Quartz Scheduler v.2.2.1 created.
2019-06-18 14:06:32.380 [main] INFO  org.quartz.core.QuartzScheduler - JobFactory set to: org.quartz.simpl.SimpleJobFactory@660296d5
2019-06-18 14:06:32.381 [main] INFO  org.quartz.impl.jdbcjobstore.JobStoreTX - Using thread monitor-based data access locking (synchronization).
2019-06-18 14:06:32.382 [main] INFO  org.quartz.impl.jdbcjobstore.JobStoreTX - JobStoreTX initialized.
2019-06-18 14:06:32.385 [main] INFO  org.quartz.core.QuartzScheduler - Scheduler meta-data: Quartz Scheduler (v2.2.1) 'SchedulerFactory' with instanceId 'ETLScheduler'
  Scheduler class: 'org.quartz.core.QuartzScheduler' - running locally.
  NOT STARTED.
  Currently in standby mode.
  Number of jobs executed: 0
  Using thread pool 'org.quartz.simpl.SimpleThreadPool' - with 5 threads.
  Using job-store 'org.quartz.impl.jdbcjobstore.JobStoreTX' - which supports persistence. and is not clustered.

2019-06-18 14:06:32.445 [main] INFO  org.quartz.impl.StdSchedulerFactory - Quartz scheduler 'SchedulerFactory' initialized from an externally provided properties instance.
2019-06-18 14:06:32.447 [main] INFO  org.quartz.impl.StdSchedulerFactory - Quartz scheduler version: 2.2.1
2019-06-18 14:06:32.449 [main] INFO  org.quartz.core.QuartzScheduler - JobFactory set to: top.ruandb.config.MyJobFactory@5fb7ab9c
2019-06-18 14:06:34.999 [main] INFO  org.springframework.scheduling.concurrent.ThreadPoolTaskExecutor - Initializing ExecutorService 'applicationTaskExecutor'
2019-06-18 14:06:36.761 [main] INFO  org.springframework.scheduling.quartz.SchedulerFactoryBean - Starting Quartz Scheduler now
2019-06-18 14:06:36.770 [main] INFO  com.alibaba.druid.pool.DruidDataSource - {dataSource-2} inited
2019-06-18 14:06:36.834 [main] INFO  org.quartz.impl.jdbcjobstore.JobStoreTX - Freed 0 triggers from 'acquired' / 'blocked' state.
2019-06-18 14:06:36.838 [main] INFO  org.quartz.impl.jdbcjobstore.JobStoreTX - Recovering 0 jobs that were in-progress at the time of the last shut-down.
2019-06-18 14:06:36.839 [main] INFO  org.quartz.impl.jdbcjobstore.JobStoreTX - Recovery complete.
2019-06-18 14:06:36.843 [main] INFO  org.quartz.impl.jdbcjobstore.JobStoreTX - Removed 0 'complete' triggers.
2019-06-18 14:06:36.846 [main] INFO  org.quartz.impl.jdbcjobstore.JobStoreTX - Removed 0 stale fired job entries.
2019-06-18 14:06:36.849 [main] INFO  org.quartz.core.QuartzScheduler - Scheduler SchedulerFactory_$_ETLScheduler started.
2019-06-18 14:06:36.881 [main] INFO  top.ruandb.EtlSchedulerApplicationTests - Started EtlSchedulerApplicationTests in 18.346 seconds (JVM running for 20.592)
2019-06-18 14:06:36.885 [main] INFO  top.ruandb.init.TaskInit - kettleʼʼ-------------------------------------------------------->
2019-06-18 14:06:38.241 [main] INFO  top.ruandb.init.TaskInit - kettleʼ-------------------------------------------------------->
2019-06-18 14:06:38.243 [main] INFO  top.ruandb.init.TaskInit - scheduler
2019-06-18 14:06:38.492 [main] INFO  top.ruandb.init.TaskInit - ʼjob-------------------------------->jobname:usp_dim_zlzb_jbbz_zkks,usp_dim_zlzb_zlgl_lcjybb,usp_dim_zlzb_zlgl_lcjyzk,usp_dim_zyts,usp_dim_zy_ypyfk,usp_dim_zy_zlzxx,usp_dim_zy_zlzxx_ys
2019-06-18 14:06:38.561 [main] INFO  top.ruandb.init.TaskInit - ʼjob-------------------------------->jobname:usp_dim_yyxx,usp_dim_zddmk_ba,usp_dim_zdjb,usp_dim_zdss,usp_dim_zljg,usp_dim_zlzb_bfzlx,usp_dim_zlzb_fmfs,usp_dim_zlzb_jbbz_dbz,usp_dim_zlzb_jbbz_dq,usp_dim_zlzb_jbbz_xzljs
2019-06-18 14:06:38.595 [main] INFO  top.ruandb.init.TaskInit - ʼjob-------------------------------->jobname:usp_dim_yk_czdmk,usp_dim_ypdl,usp_dim_ypfl,usp_dim_ypjx,usp_dim_ypxx,usp_dim_ysxx_ba,usp_dim_yyfs,usp_dim_yygr_dcnyjxx,usp_dim_yygr_xgdgbw,usp_dim_yylb,usp_dim_yymd,usp_dim_yysjd
2019-06-18 14:06:38.661 [main] INFO  top.ruandb.init.TaskInit - ʼjob-------------------------------->jobname:usp_dim_xydl,usp_dim_xyzlxx,usp_dim_ybflxx,usp_dim_yb_yblx,usp_dim_ycbw,usp_dim_ycfj,usp_dim_ycly,usp_dim_yfdmk,usp_dim_yf_czdmk,usp_dim_yg_ssfxdj,usp_dim_yg_ssgrbw,usp_dim_ykdmk
2019-06-18 14:06:38.681 [main] INFO  top.ruandb.init.TaskInit - ʼjob-------------------------------->jobname:usp_dim_wzjb,usp_dim_wzsb_cblx,usp_dim_wzsb_kfxx,usp_dim_wzsb_wzkpxx,usp_dim_wzsb_wzpmggxx,usp_dim_wzsb_wz_djlb,usp_dim_wzsb_wz_ghdwxx,usp_dim_wzsb_wz_rkfs,usp_dim_xxxx
2019-06-18 14:06:38.695 [main] INFO  top.ruandb.init.TaskInit - ʼjob-------------------------------->jobname:usp_dim_ssjb,usp_dim_ssmz_asamzfj,usp_dim_ssmz_mzfsfl,usp_dim_ssmz_sssjlx,usp_dim_ssxx,usp_dim_sxblfylx,usp_dim_sxfsxx,usp_dim_sxlyxx,usp_dim_sxytxx,usp_dim_time,usp_dim_tsypbz
2019-06-18 14:06:38.725 [main] INFO  top.ruandb.init.TaskInit - ʼjob-------------------------------->jobname:usp_dim_rjssxx,usp_dim_sex,usp_dim_sfdxmk,usp_dim_sfxxmk,usp_dim_sf_cfsfjg,usp_dim_sf_cfwt,usp_dim_sf_cfwtfl,usp_dim_sf_cfwtjb,usp_dim_sf_ypyfk,usp_dim_ssbw,usp_dim_ssflxx
2019-06-18 14:06:38.747 [main] INFO  top.ruandb.init.TaskInit - ʼjob-------------------------------->jobname:usp_dim_lclj,usp_dim_lcsfxmk,usp_dim_lis_instrument,usp_dim_lyfs,usp_dim_mjzbz,usp_dim_mzfs,usp_dim_mzzy,usp_dim_nld,usp_dim_qkdj,usp_dim_qzts,usp_dim_ris_instrument,usp_dim_rjssbz
2019-06-18 14:06:38.764 [main] INFO  top.ruandb.init.TaskInit - ʼjob-------------------------------->jobname:usp_dim_jsk_ysyy,usp_dim_jsk_ztsxfs,usp_dim_jylb,usp_dim_jzzy_bqfj,usp_dim_jzzy_brqx,usp_dim_jzzy_cyfs,usp_dim_kfyxk_bfzlx,usp_dim_kfyxk_kflx,usp_dim_kssjb,usp_dim_ksxx_ba
2019-06-18 14:06:38.777 [main] INFO  top.ruandb.init.TaskInit - ʼjob-------------------------------->jobname:usp_dim_aers_warningeventtype,usp_dim_bqdmk_ba,usp_dim_cflx,usp_dim_cfz,usp_dim_cyfs,usp_dim_czryk,usp_dim_ddshcdjb,usp_dim_ddyy,usp_dim_drgs_fxpgdj,usp_dim_fyck,usp_dim_ghlb
2019-06-18 14:06:38.788 [main] INFO  top.ruandb.init.TaskInit - ʼjob-------------------------------->jobname:usp_dim_ghtj,usp_dim_ghyysjc,usp_dim_gysxx,usp_dim_hour,usp_dim_hsxm,usp_dim_jclb,usp_dim_jsk_txfs,usp_dim_jsk_xgtllb,usp_dim_jsk_xtzlfs,usp_dim_jsk_ysfs,usp_dim_jsk_ysgj
2019-06-18 14:06:38.802 [main] INFO  top.ruandb.init.TaskInit - ʼjob-------------------------------->jobname:usp_dim_aers_eventyzcd,usp_dim_aers_medevent_ss_cwlx,usp_dim_aers_medicaleventtype,usp_dim_aers_nursevt_gl_bfzlx,usp_dim_aers_nursingeventtype,usp_dim_aers_ryzc
2019-06-18 14:06:38.816 [main] INFO  top.ruandb.init.TaskInit - ʼjob-------------------------------->jobname:usp_dim_aers_bloodeventtype,usp_dim_aers_drugseventtype,usp_dim_aers_eventclfs,usp_dim_aers_eventconsequence,usp_dim_aers_eventdj,usp_dim_aers_eventtype
2019-06-18 14:06:38.896 [main] INFO  top.ruandb.init.TaskInit - ʼjob-------------------------------->jobname:usp_fat_bacwsyqk,usp_fat_basyjb,usp_fat_basyss,usp_fat_basyzd,usp_fat_bq_brcwxxk
2019-06-18 14:06:38.977 [main] INFO  top.ruandb.init.TaskInit - ʼjob-------------------------------->jobname:usp_fat_jcbgmx,usp_fat_jybgmx,usp_fat_mz_yffymx,usp_fat_sxxx,usp_fat_wzsb_sb_byxx,usp_fat_wzsb_sb_jlxx
2019-06-18 14:06:39.057 [main] INFO  top.ruandb.init.TaskInit - ʼjob-------------------------------->jobname:usp_fat_wzsb_sb_srxx,usp_fat_wzsb_sb_wxxx,usp_fat_wzsb_sb_zjxx,usp_fat_wzsb_wz_bsxx,usp_fat_wzsb_wz_ckxx
2019-06-18 14:06:39.107 [main] INFO  top.ruandb.init.TaskInit - ʼjob-------------------------------->jobname:usp_fat_wzsb_wz_qlxx,usp_fat_wzsb_wz_rkxx,usp_fat_wzsb_wz_wtdxxx,usp_fat_wzsb_wz_xhxx,usp_fat_wzsb_wz_ykxx
2019-06-18 14:06:39.121 [main] INFO  top.ruandb.init.TaskInit - ʼjob-------------------------------->jobname:usp_fat_wzsb_wz_zgxx,usp_fat_yf_ypczmx,usp_fat_yk_ypczmx,usp_fat_yygh_pbxx,usp_fat_yy_mz_yyrc
2019-06-18 14:06:39.138 [main] INFO  top.ruandb.init.TaskInit - ʼjob-------------------------------->jobname:usp_fat_zlzb_zlgl_lcjybb,usp_fat_zlzb_zlgl_lcjyzk,usp_fat_zy_cwsyqk,usp_fat_zy_rjssbrfy_fat
2019-06-18 14:06:39.148 [main] INFO  top.ruandb.init.TaskInit - ʼjob-------------------------------->jobname:usp_fat_zy_rjsshzxx,usp_fat_zy_rjssxx,usp_fat_zy_ryywl,usp_fat_zy_yffymx,usp_fat_zy_zyfy_zy
2019-06-18 14:06:39.162 [main] INFO  top.ruandb.init.TaskInit - ʼjob-------------------------------->jobname:usp_fat_mz_ybjsxx,usp_fat_mz_mzfy,usp_fat_mz_mzywl
2019-06-18 14:06:39.183 [main] INFO  top.ruandb.init.TaskInit - ʼjob-------------------------------->jobname:usp_fat_zy_ybjsxx,usp_fat_zy_zyfy,usp_fat_zy_zyywl
2019-06-18 14:06:39.198 [main] INFO  top.ruandb.init.TaskInit - ʼjob-------------------------------->jobname:usp_fact_yy_mz_jzrc_fat,usp_fact_yy_mz_patid_fat,usp_fact_yy_mz_yyrc_fat,usp_fact_yygh_pbxx_fat,usp_fact_yy_mz_tjrc_fat
2019-06-18 14:06:39.209 [main] INFO  top.ruandb.init.TaskInit - ʼjob-------------------------------->jobname:usp_fact_fy_mz_fyfx_fat,usp_fact_fy_zy_fyfx_fat,usp_fact_fy_zy_fyfx_zxrq_fat,usp_fact_yy_zy_cyywlfx_fat,usp_fact_yy_zy_ryywlfx_fat
2019-06-18 14:06:39.222 [main] INFO  top.ruandb.init.TaskInit - ʼjob-------------------------------->jobname:usp_fact_yy_zy_lcljfx_fat,usp_fact_yy_zy_zrzcfx_fat,usp_fact_yb_mz_fyfx_fat,usp_fact_yb_zy_fyfx_fat,usp_fact_yb_ybzkfx_fat
2019-06-18 14:06:39.296 [main] INFO  top.ruandb.init.TaskInit - ʼjob-------------------------------->jobname:usp_fact_yy_zybrzyl_fat,usp_fact_zy_zycwxl,usp_fact_yy_zy_cwsyqk_fat,usp_fact_yp_mz_fyfx_fat
2019-06-18 14:06:39.316 [main] INFO  top.ruandb.init.TaskInit - ʼjob-------------------------------->jobname:usp_fact_yp_cflfx_fat,usp_fact_yp_zy_fyfx_fat,usp_fact_yp_zy_fyfx_zxrq_fat,usp_fact_yp_mz_yffygzl_fat,usp_fact_yp_zy_yffygzl_fat
2019-06-18 14:06:39.327 [main] INFO  top.ruandb.init.TaskInit - ʼjob-------------------------------->jobname:usp_fact_yp_jxcfx_yf_fat,usp_fact_yp_jxcfx_yk_fat,usp_fact_ba_ss_zyssywlfx_fat,usp_fact_yy_ss_mzssywlfx_fat,usp_fact_yy_ss_rjssywlfx_fat
2019-06-18 14:06:39.338 [main] INFO  top.ruandb.init.TaskInit - ʼjob-------------------------------->jobname:usp_fact_ba_zy_back15_30_fat,usp_fact_ba_zy_cwsyqk_fat,usp_fact_ba_zy_cyywlfx_fat,usp_fact_lis_list_fat,usp_fact_lis_list_mx_fat
2019-06-18 14:06:39.348 [main] INFO  top.ruandb.init.TaskInit - ʼjob-------------------------------->jobname:usp_fact_ris_list_fat,usp_fact_ris_list_mx_fat,usp_fact_xk_sxfx_fat,usp_fact_zqhy_jzrc_fat,usp_fact_zqhy_mzpatid_fat
2019-06-18 14:06:39.387 [main] INFO  top.ruandb.init.TaskInit - ʼjob-------------------------------->jobname:usp_fact_wzsb_sb_sbgzl_fat,usp_fact_wzsb_wz_bsxx_fat,usp_fact_wzsb_wz_ckxx_fat,usp_fact_wzsb_wz_qlxx_fat,usp_fact_wzsb_wz_rkxx_fat
2019-06-18 14:06:39.399 [main] INFO  top.ruandb.init.TaskInit - ʼjob-------------------------------->jobname:usp_fact_wzsb_wz_wtdxxx_fat,usp_fact_wzsb_wz_xhxx_fat,usp_fact_wzsb_wz_ykxx_fat,usp_fact_wzsb_wz_zgxx_fat
2019-06-18 14:06:39.411 [main] INFO  top.ruandb.init.TaskInit - ʼjob-------------------------------->jobname:usp_hd_zbmx_hz,usp_hd_zbmx_hz_ys
2019-06-18 14:06:39.423 [main] INFO  top.ruandb.init.TaskInit - ʼjob-------------------------------->jobname:usp_producure_log
2019-06-18 14:06:39.432 [main] INFO  top.ruandb.init.TaskInit - ʼjob-------------------------------->jobname:usp_fact_dim_yp_dim
2019-06-18 14:06:40.122 [main] INFO  top.ruandb.init.TaskInit - ----------------------->ʼʼ
2019-06-18 14:06:40.131 [main] INFO  top.ruandb.init.TaskInit - jobMap--->{22=PENDDING, 44=PENDDING, 23=PENDDING, 45=PENDDING, 24=PENDDING, 46=PENDDING, 25=PENDDING, 47=PENDDING, 26=PENDDING, 48=PENDDING, 27=PENDDING, 28=PENDDING, 29=PENDDING, 30=PENDDING, 31=PENDDING, 32=PENDDING, 33=PENDDING, 34=PENDDING, 13=PENDDING, 35=PENDDING, 14=PENDDING, 36=PENDDING, 15=PENDDING, 16=PENDDING, 38=PENDDING, 17=PENDDING, 39=PENDDING, 18=PENDDING, 19=PENDDING, 40=PENDDING, 41=PENDDING, 20=PENDDING, 42=PENDDING, 21=PENDDING, 43=PENDDING}
2019-06-18 14:06:40.131 [main] INFO  top.ruandb.init.TaskInit - groupMap--->{A=[13, 14, 15, 16, 17, 18, 19, 20, 21, 22, 23, 24, 25], B=[26, 27, 28, 29, 30, 31, 32, 33, 34], C=[35, 36, 38, 39, 40, 41, 42, 43, 44, 45, 48], D=[46, 47]}
2019-06-18 14:06:40.131 [main] INFO  top.ruandb.init.TaskInit - jobMap,groupMap----------------------->ʼɹ
2019-06-18 14:06:40.131 [main] INFO  top.ruandb.init.TaskInit - ----------------------->ʱʼʼ
2019-06-18 14:06:40.145 [main] INFO  top.ruandb.init.TaskInit - ----------------------->ʱʼ
2019-06-18 14:06:40.578 [Thread-3] INFO  org.quartz.core.QuartzScheduler - Scheduler SchedulerFactory_$_ETLScheduler paused.
2019-06-18 14:06:40.583 [Thread-3] INFO  org.springframework.scheduling.concurrent.ThreadPoolTaskExecutor - Shutting down ExecutorService 'applicationTaskExecutor'
2019-06-18 14:06:40.587 [Thread-3] INFO  org.quartz.core.QuartzScheduler - Scheduler SchedulerFactory_$_ETLScheduler shutting down.
2019-06-18 14:06:40.587 [Thread-3] INFO  org.quartz.core.QuartzScheduler - Scheduler SchedulerFactory_$_ETLScheduler paused.
2019-06-18 14:06:40.595 [Thread-3] INFO  com.alibaba.druid.pool.DruidDataSource - {dataSource-2} closed
2019-06-18 14:06:40.595 [Thread-3] INFO  org.quartz.core.QuartzScheduler - Scheduler SchedulerFactory_$_ETLScheduler shutdown complete.
2019-06-18 14:06:40.596 [Thread-3] INFO  org.springframework.scheduling.quartz.SchedulerFactoryBean - Shutting down Quartz Scheduler
2019-06-18 14:06:40.597 [Thread-3] INFO  org.springframework.orm.jpa.LocalContainerEntityManagerFactoryBean - Closing JPA EntityManagerFactory for persistence unit 'default'
2019-06-18 14:06:40.600 [Thread-3] INFO  com.alibaba.druid.pool.DruidDataSource - {dataSource-1} closed
