2019-05-05 14:37:35.472 [main] INFO  top.ruandb.EtlSchedulerApplication - Starting EtlSchedulerApplication on LAPTOP-MK6P63H0 with PID 15728 (C:\Java\eclipse-workspace2\ETLScheduler\target\classes started by rdb in C:\Java\eclipse-workspace2\ETLScheduler)
2019-05-05 14:37:35.477 [main] INFO  top.ruandb.EtlSchedulerApplication - No active profile set, falling back to default profiles: default
2019-05-05 14:37:37.377 [main] INFO  org.springframework.data.repository.config.RepositoryConfigurationDelegate - Bootstrapping Spring Data repositories in DEFAULT mode.
2019-05-05 14:37:37.732 [main] INFO  org.springframework.data.repository.config.RepositoryConfigurationDelegate - Finished Spring Data repository scanning in 338ms. Found 4 repository interfaces.
2019-05-05 14:37:38.751 [main] INFO  org.springframework.context.support.PostProcessorRegistrationDelegate$BeanPostProcessorChecker - Bean 'org.springframework.transaction.annotation.ProxyTransactionManagementConfiguration' of type [org.springframework.transaction.annotation.ProxyTransactionManagementConfiguration$$EnhancerBySpringCGLIB$$f8da7af3] is not eligible for getting processed by all BeanPostProcessors (for example: not eligible for auto-proxying)
2019-05-05 14:37:38.778 [main] INFO  org.springframework.context.support.PostProcessorRegistrationDelegate$BeanPostProcessorChecker - Bean 'shiroConfig' of type [top.ruandb.config.ShiroConfig$$EnhancerBySpringCGLIB$$2437ae46] is not eligible for getting processed by all BeanPostProcessors (for example: not eligible for auto-proxying)
2019-05-05 14:37:39.452 [main] INFO  org.springframework.context.support.PostProcessorRegistrationDelegate$BeanPostProcessorChecker - Bean 'myRealm' of type [top.ruandb.config.MyRealm] is not eligible for getting processed by all BeanPostProcessors (for example: not eligible for auto-proxying)
2019-05-05 14:37:39.466 [main] INFO  org.springframework.context.support.PostProcessorRegistrationDelegate$BeanPostProcessorChecker - Bean 'securityManager' of type [org.apache.shiro.web.mgt.DefaultWebSecurityManager] is not eligible for getting processed by all BeanPostProcessors (for example: not eligible for auto-proxying)
2019-05-05 14:37:40.740 [main] INFO  org.springframework.boot.web.embedded.tomcat.TomcatWebServer - Tomcat initialized with port(s): 8080 (http)
2019-05-05 14:37:40.762 [main] INFO  org.apache.coyote.http11.Http11NioProtocol - Initializing ProtocolHandler ["http-nio-8080"]
2019-05-05 14:37:40.775 [main] INFO  org.apache.catalina.core.StandardService - Starting service [Tomcat]
2019-05-05 14:37:40.775 [main] INFO  org.apache.catalina.core.StandardEngine - Starting Servlet Engine: Apache Tomcat/9.0.13
2019-05-05 14:37:40.782 [main] INFO  org.apache.catalina.core.AprLifecycleListener - Loaded APR based Apache Tomcat Native library [1.2.19] using APR version [1.6.5].
2019-05-05 14:37:40.783 [main] INFO  org.apache.catalina.core.AprLifecycleListener - APR capabilities: IPv6 [true], sendfile [true], accept filters [false], random [true].
2019-05-05 14:37:40.783 [main] INFO  org.apache.catalina.core.AprLifecycleListener - APR/OpenSSL configuration: useAprConnector [false], useOpenSSL [true]
2019-05-05 14:37:41.848 [main] INFO  org.apache.catalina.core.AprLifecycleListener - OpenSSL successfully initialized [OpenSSL 1.0.2q  20 Nov 2018]
2019-05-05 14:37:42.215 [main] INFO  org.apache.catalina.core.ContainerBase.[Tomcat].[localhost].[/] - Initializing Spring embedded WebApplicationContext
2019-05-05 14:37:42.216 [main] INFO  org.springframework.web.context.ContextLoader - Root WebApplicationContext: initialization completed in 6649 ms
2019-05-05 14:37:43.504 [main] INFO  com.alibaba.druid.pool.DruidDataSource - {dataSource-1} inited
2019-05-05 14:37:46.290 [main] INFO  org.hibernate.jpa.internal.util.LogHelper - HHH000204: Processing PersistenceUnitInfo [
	name: default
	...]
2019-05-05 14:37:46.538 [main] INFO  org.hibernate.Version - HHH000412: Hibernate Core {5.3.7.Final}
2019-05-05 14:37:46.540 [main] INFO  org.hibernate.cfg.Environment - HHH000206: hibernate.properties not found
2019-05-05 14:37:47.708 [main] INFO  org.hibernate.annotations.common.Version - HCANN000001: Hibernate Commons Annotations {5.0.4.Final}
2019-05-05 14:37:48.473 [main] INFO  org.hibernate.dialect.Dialect - HHH000400: Using dialect: org.hibernate.dialect.Oracle12cDialect
2019-05-05 14:37:48.809 [main] INFO  org.hibernate.type.BasicTypeRegistry - HHH000270: Type registration [byte[]] overrides previous : org.hibernate.type.BinaryType@b3e86d5
2019-05-05 14:37:48.809 [main] INFO  org.hibernate.type.BasicTypeRegistry - HHH000270: Type registration [[B] overrides previous : org.hibernate.type.BinaryType@b3e86d5
2019-05-05 14:37:48.810 [main] INFO  org.hibernate.type.BasicTypeRegistry - HHH000270: Type registration [Byte[]] overrides previous : org.hibernate.type.WrapperBinaryType@4d0e54e0
2019-05-05 14:37:48.810 [main] INFO  org.hibernate.type.BasicTypeRegistry - HHH000270: Type registration [[Ljava.lang.Byte;] overrides previous : org.hibernate.type.WrapperBinaryType@4d0e54e0
2019-05-05 14:37:49.046 [main] WARN  org.hibernate.boot.internal.InFlightMetadataCollectorImpl - HHH000069: Duplicate generator name mseq
2019-05-05 14:37:52.821 [main] INFO  org.springframework.orm.jpa.LocalContainerEntityManagerFactoryBean - Initialized JPA EntityManagerFactory for persistence unit 'default'
2019-05-05 14:37:53.037 [main] INFO  org.springframework.beans.factory.annotation.AutowiredAnnotationBeanPostProcessor - Autowired annotation is not supported on static methods: public static void top.ruandb.config.ProcedureConfig.setPROCEDURE_PRO(java.lang.String)
2019-05-05 14:37:53.492 [main] INFO  org.hibernate.hql.internal.QueryTranslatorFactoryInitiator - HHH000397: Using ASTQueryTranslatorFactory
2019-05-05 14:37:53.826 [main] INFO  org.quartz.impl.StdSchedulerFactory - Using default implementation for ThreadExecutor
2019-05-05 14:37:53.846 [main] INFO  org.quartz.core.SchedulerSignalerImpl - Initialized Scheduler Signaller of type: class org.quartz.core.SchedulerSignalerImpl
2019-05-05 14:37:53.847 [main] INFO  org.quartz.core.QuartzScheduler - Quartz Scheduler v.2.2.1 created.
2019-05-05 14:37:53.848 [main] INFO  org.quartz.core.QuartzScheduler - JobFactory set to: org.quartz.simpl.SimpleJobFactory@53f7a906
2019-05-05 14:37:53.848 [main] INFO  org.quartz.impl.jdbcjobstore.JobStoreTX - Using thread monitor-based data access locking (synchronization).
2019-05-05 14:37:53.849 [main] INFO  org.quartz.impl.jdbcjobstore.JobStoreTX - JobStoreTX initialized.
2019-05-05 14:37:53.851 [main] INFO  org.quartz.core.QuartzScheduler - Scheduler meta-data: Quartz Scheduler (v2.2.1) 'SchedulerFactory' with instanceId 'ETLScheduler'
  Scheduler class: 'org.quartz.core.QuartzScheduler' - running locally.
  NOT STARTED.
  Currently in standby mode.
  Number of jobs executed: 0
  Using thread pool 'org.quartz.simpl.SimpleThreadPool' - with 5 threads.
  Using job-store 'org.quartz.impl.jdbcjobstore.JobStoreTX' - which supports persistence. and is not clustered.

2019-05-05 14:37:53.851 [main] INFO  org.quartz.impl.StdSchedulerFactory - Quartz scheduler 'SchedulerFactory' initialized from an externally provided properties instance.
2019-05-05 14:37:53.851 [main] INFO  org.quartz.impl.StdSchedulerFactory - Quartz scheduler version: 2.2.1
2019-05-05 14:37:53.852 [main] INFO  org.quartz.core.QuartzScheduler - JobFactory set to: top.ruandb.config.MyJobFactory@3f68a7f8
2019-05-05 14:37:54.601 [main] INFO  org.springframework.scheduling.concurrent.ThreadPoolTaskExecutor - Initializing ExecutorService 'applicationTaskExecutor'
2019-05-05 14:37:55.409 [main] INFO  org.springframework.scheduling.quartz.SchedulerFactoryBean - Starting Quartz Scheduler now
2019-05-05 14:37:55.411 [main] INFO  com.alibaba.druid.pool.DruidDataSource - {dataSource-2} inited
2019-05-05 14:37:56.300 [main] INFO  org.quartz.impl.jdbcjobstore.JobStoreTX - Freed 0 triggers from 'acquired' / 'blocked' state.
2019-05-05 14:37:56.304 [main] INFO  org.quartz.impl.jdbcjobstore.JobStoreTX - Handling 12 trigger(s) that missed their scheduled fire-time.
2019-05-05 14:37:57.215 [main] WARN  org.springframework.boot.web.servlet.context.AnnotationConfigServletWebServerApplicationContext - Exception encountered during context initialization - cancelling refresh attempt: org.springframework.context.ApplicationContextException: Failed to start bean 'SchedulerFactory'; nested exception is org.springframework.scheduling.SchedulingException: Could not start Quartz Scheduler; nested exception is org.quartz.SchedulerConfigException: Failure occured during job recovery. [See nested exception: org.quartz.JobPersistenceException: Couldn't store trigger 'KettleJob.trigger_12_JB_YK' for 'ruandb.Job.KettleJob.12_JB_YK' job:top.ruandb.entity.TaskCronJob; local class incompatible: stream classdesc serialVersionUID = -7650897035941831420, local class serialVersionUID = -7464684866777666331 [See nested exception: java.io.InvalidClassException: top.ruandb.entity.TaskCronJob; local class incompatible: stream classdesc serialVersionUID = -7650897035941831420, local class serialVersionUID = -7464684866777666331]]
2019-05-05 14:37:57.216 [main] INFO  org.springframework.scheduling.concurrent.ThreadPoolTaskExecutor - Shutting down ExecutorService 'applicationTaskExecutor'
2019-05-05 14:37:57.218 [main] INFO  org.quartz.core.QuartzScheduler - Scheduler SchedulerFactory_$_ETLScheduler shutting down.
2019-05-05 14:37:57.219 [main] INFO  org.quartz.core.QuartzScheduler - Scheduler SchedulerFactory_$_ETLScheduler paused.
2019-05-05 14:37:57.387 [main] INFO  com.alibaba.druid.pool.DruidDataSource - {dataSource-2} closed
2019-05-05 14:37:57.387 [main] INFO  org.quartz.core.QuartzScheduler - Scheduler SchedulerFactory_$_ETLScheduler shutdown complete.
2019-05-05 14:37:57.388 [main] INFO  org.springframework.scheduling.quartz.SchedulerFactoryBean - Shutting down Quartz Scheduler
2019-05-05 14:37:57.388 [main] INFO  org.springframework.orm.jpa.LocalContainerEntityManagerFactoryBean - Closing JPA EntityManagerFactory for persistence unit 'default'
2019-05-05 14:37:57.391 [main] INFO  com.alibaba.druid.pool.DruidDataSource - {dataSource-1} closed
2019-05-05 14:37:57.393 [main] INFO  org.apache.catalina.core.StandardService - Stopping service [Tomcat]
2019-05-05 14:37:57.789 [main] ERROR org.springframework.boot.SpringApplication - Application run failed
org.springframework.context.ApplicationContextException: Failed to start bean 'SchedulerFactory'; nested exception is org.springframework.scheduling.SchedulingException: Could not start Quartz Scheduler; nested exception is org.quartz.SchedulerConfigException: Failure occured during job recovery. [See nested exception: org.quartz.JobPersistenceException: Couldn't store trigger 'KettleJob.trigger_12_JB_YK' for 'ruandb.Job.KettleJob.12_JB_YK' job:top.ruandb.entity.TaskCronJob; local class incompatible: stream classdesc serialVersionUID = -7650897035941831420, local class serialVersionUID = -7464684866777666331 [See nested exception: java.io.InvalidClassException: top.ruandb.entity.TaskCronJob; local class incompatible: stream classdesc serialVersionUID = -7650897035941831420, local class serialVersionUID = -7464684866777666331]]
	at org.springframework.context.support.DefaultLifecycleProcessor.doStart(DefaultLifecycleProcessor.java:185)
	at org.springframework.context.support.DefaultLifecycleProcessor.access$200(DefaultLifecycleProcessor.java:53)
	at org.springframework.context.support.DefaultLifecycleProcessor$LifecycleGroup.start(DefaultLifecycleProcessor.java:360)
	at org.springframework.context.support.DefaultLifecycleProcessor.startBeans(DefaultLifecycleProcessor.java:158)
	at org.springframework.context.support.DefaultLifecycleProcessor.onRefresh(DefaultLifecycleProcessor.java:122)
	at org.springframework.context.support.AbstractApplicationContext.finishRefresh(AbstractApplicationContext.java:879)
	at org.springframework.boot.web.servlet.context.ServletWebServerApplicationContext.finishRefresh(ServletWebServerApplicationContext.java:163)
	at org.springframework.context.support.AbstractApplicationContext.refresh(AbstractApplicationContext.java:549)
	at org.springframework.boot.web.servlet.context.ServletWebServerApplicationContext.refresh(ServletWebServerApplicationContext.java:142)
	at org.springframework.boot.SpringApplication.refresh(SpringApplication.java:775)
	at org.springframework.boot.SpringApplication.refreshContext(SpringApplication.java:397)
	at org.springframework.boot.SpringApplication.run(SpringApplication.java:316)
	at org.springframework.boot.SpringApplication.run(SpringApplication.java:1260)
	at org.springframework.boot.SpringApplication.run(SpringApplication.java:1248)
	at top.ruandb.EtlSchedulerApplication.main(EtlSchedulerApplication.java:15)
Caused by: org.springframework.scheduling.SchedulingException: Could not start Quartz Scheduler; nested exception is org.quartz.SchedulerConfigException: Failure occured during job recovery. [See nested exception: org.quartz.JobPersistenceException: Couldn't store trigger 'KettleJob.trigger_12_JB_YK' for 'ruandb.Job.KettleJob.12_JB_YK' job:top.ruandb.entity.TaskCronJob; local class incompatible: stream classdesc serialVersionUID = -7650897035941831420, local class serialVersionUID = -7464684866777666331 [See nested exception: java.io.InvalidClassException: top.ruandb.entity.TaskCronJob; local class incompatible: stream classdesc serialVersionUID = -7650897035941831420, local class serialVersionUID = -7464684866777666331]]
	at org.springframework.scheduling.quartz.SchedulerFactoryBean.start(SchedulerFactoryBean.java:802)
	at org.springframework.context.support.DefaultLifecycleProcessor.doStart(DefaultLifecycleProcessor.java:182)
	... 14 common frames omitted
Caused by: org.quartz.SchedulerConfigException: Failure occured during job recovery.
	at org.quartz.impl.jdbcjobstore.JobStoreSupport.schedulerStarted(JobStoreSupport.java:692)
	at org.quartz.core.QuartzScheduler.start(QuartzScheduler.java:567)
	at org.quartz.impl.StdScheduler.start(StdScheduler.java:142)
	at org.springframework.scheduling.quartz.SchedulerFactoryBean.startScheduler(SchedulerFactoryBean.java:727)
	at org.springframework.scheduling.quartz.SchedulerFactoryBean.start(SchedulerFactoryBean.java:799)
	... 15 common frames omitted
Caused by: org.quartz.JobPersistenceException: Couldn't store trigger 'KettleJob.trigger_12_JB_YK' for 'ruandb.Job.KettleJob.12_JB_YK' job:top.ruandb.entity.TaskCronJob; local class incompatible: stream classdesc serialVersionUID = -7650897035941831420, local class serialVersionUID = -7464684866777666331
	at org.quartz.impl.jdbcjobstore.JobStoreSupport.storeTrigger(JobStoreSupport.java:1223)
	at org.quartz.impl.jdbcjobstore.JobStoreSupport.doUpdateOfMisfiredTrigger(JobStoreSupport.java:1037)
	at org.quartz.impl.jdbcjobstore.JobStoreSupport.recoverMisfiredJobs(JobStoreSupport.java:986)
	at org.quartz.impl.jdbcjobstore.JobStoreSupport.recoverJobs(JobStoreSupport.java:866)
	at org.quartz.impl.jdbcjobstore.JobStoreSupport$1.executeVoid(JobStoreSupport.java:838)
	at org.quartz.impl.jdbcjobstore.JobStoreSupport$VoidTransactionCallback.execute(JobStoreSupport.java:3703)
	at org.quartz.impl.jdbcjobstore.JobStoreSupport$VoidTransactionCallback.execute(JobStoreSupport.java:3701)
	at org.quartz.impl.jdbcjobstore.JobStoreSupport.executeInNonManagedTXLock(JobStoreSupport.java:3787)
	at org.quartz.impl.jdbcjobstore.JobStoreSupport.recoverJobs(JobStoreSupport.java:834)
	at org.quartz.impl.jdbcjobstore.JobStoreSupport.schedulerStarted(JobStoreSupport.java:690)
	... 19 common frames omitted
Caused by: java.io.InvalidClassException: top.ruandb.entity.TaskCronJob; local class incompatible: stream classdesc serialVersionUID = -7650897035941831420, local class serialVersionUID = -7464684866777666331
	at java.io.ObjectStreamClass.initNonProxy(ObjectStreamClass.java:687)
	at java.io.ObjectInputStream.readNonProxyDesc(ObjectInputStream.java:1883)
	at java.io.ObjectInputStream.readClassDesc(ObjectInputStream.java:1749)
	at java.io.ObjectInputStream.readOrdinaryObject(ObjectInputStream.java:2040)
	at java.io.ObjectInputStream.readObject0(ObjectInputStream.java:1571)
	at java.io.ObjectInputStream.readObject(ObjectInputStream.java:431)
	at java.util.HashMap.readObject(HashMap.java:1409)
	at sun.reflect.NativeMethodAccessorImpl.invoke0(Native Method)
	at sun.reflect.NativeMethodAccessorImpl.invoke(NativeMethodAccessorImpl.java:62)
	at sun.reflect.DelegatingMethodAccessorImpl.invoke(DelegatingMethodAccessorImpl.java:43)
	at java.lang.reflect.Method.invoke(Method.java:498)
	at java.io.ObjectStreamClass.invokeReadObject(ObjectStreamClass.java:1158)
	at java.io.ObjectInputStream.readSerialData(ObjectInputStream.java:2176)
	at java.io.ObjectInputStream.readOrdinaryObject(ObjectInputStream.java:2067)
	at java.io.ObjectInputStream.readObject0(ObjectInputStream.java:1571)
	at java.io.ObjectInputStream.defaultReadFields(ObjectInputStream.java:2285)
	at java.io.ObjectInputStream.readSerialData(ObjectInputStream.java:2209)
	at java.io.ObjectInputStream.readOrdinaryObject(ObjectInputStream.java:2067)
	at java.io.ObjectInputStream.readObject0(ObjectInputStream.java:1571)
	at java.io.ObjectInputStream.readObject(ObjectInputStream.java:431)
	at org.quartz.impl.jdbcjobstore.StdJDBCDelegate.getObjectFromBlob(StdJDBCDelegate.java:3201)
	at org.quartz.impl.jdbcjobstore.StdJDBCDelegate.selectJobDetail(StdJDBCDelegate.java:860)
	at org.quartz.impl.jdbcjobstore.JobStoreSupport.storeTrigger(JobStoreSupport.java:1205)
	... 28 common frames omitted
2019-05-05 14:41:57.190 [main] INFO  top.ruandb.EtlSchedulerApplication - Starting EtlSchedulerApplication on LAPTOP-MK6P63H0 with PID 10916 (C:\Java\eclipse-workspace2\ETLScheduler\target\classes started by rdb in C:\Java\eclipse-workspace2\ETLScheduler)
2019-05-05 14:41:57.195 [main] INFO  top.ruandb.EtlSchedulerApplication - No active profile set, falling back to default profiles: default
2019-05-05 14:41:58.085 [main] INFO  org.springframework.data.repository.config.RepositoryConfigurationDelegate - Bootstrapping Spring Data repositories in DEFAULT mode.
2019-05-05 14:41:58.277 [main] INFO  org.springframework.data.repository.config.RepositoryConfigurationDelegate - Finished Spring Data repository scanning in 184ms. Found 4 repository interfaces.
2019-05-05 14:41:58.650 [main] INFO  org.springframework.context.support.PostProcessorRegistrationDelegate$BeanPostProcessorChecker - Bean 'org.springframework.transaction.annotation.ProxyTransactionManagementConfiguration' of type [org.springframework.transaction.annotation.ProxyTransactionManagementConfiguration$$EnhancerBySpringCGLIB$$e8ddf9eb] is not eligible for getting processed by all BeanPostProcessors (for example: not eligible for auto-proxying)
2019-05-05 14:41:58.678 [main] INFO  org.springframework.context.support.PostProcessorRegistrationDelegate$BeanPostProcessorChecker - Bean 'shiroConfig' of type [top.ruandb.config.ShiroConfig$$EnhancerBySpringCGLIB$$143b2d3e] is not eligible for getting processed by all BeanPostProcessors (for example: not eligible for auto-proxying)
2019-05-05 14:41:59.065 [main] INFO  org.springframework.context.support.PostProcessorRegistrationDelegate$BeanPostProcessorChecker - Bean 'myRealm' of type [top.ruandb.config.MyRealm] is not eligible for getting processed by all BeanPostProcessors (for example: not eligible for auto-proxying)
2019-05-05 14:41:59.076 [main] INFO  org.springframework.context.support.PostProcessorRegistrationDelegate$BeanPostProcessorChecker - Bean 'securityManager' of type [org.apache.shiro.web.mgt.DefaultWebSecurityManager] is not eligible for getting processed by all BeanPostProcessors (for example: not eligible for auto-proxying)
2019-05-05 14:41:59.415 [main] INFO  org.springframework.boot.web.embedded.tomcat.TomcatWebServer - Tomcat initialized with port(s): 8080 (http)
2019-05-05 14:41:59.430 [main] INFO  org.apache.coyote.http11.Http11NioProtocol - Initializing ProtocolHandler ["http-nio-8080"]
2019-05-05 14:41:59.441 [main] INFO  org.apache.catalina.core.StandardService - Starting service [Tomcat]
2019-05-05 14:41:59.441 [main] INFO  org.apache.catalina.core.StandardEngine - Starting Servlet Engine: Apache Tomcat/9.0.13
2019-05-05 14:41:59.448 [main] INFO  org.apache.catalina.core.AprLifecycleListener - Loaded APR based Apache Tomcat Native library [1.2.19] using APR version [1.6.5].
2019-05-05 14:41:59.449 [main] INFO  org.apache.catalina.core.AprLifecycleListener - APR capabilities: IPv6 [true], sendfile [true], accept filters [false], random [true].
2019-05-05 14:41:59.449 [main] INFO  org.apache.catalina.core.AprLifecycleListener - APR/OpenSSL configuration: useAprConnector [false], useOpenSSL [true]
2019-05-05 14:42:00.522 [main] INFO  org.apache.catalina.core.AprLifecycleListener - OpenSSL successfully initialized [OpenSSL 1.0.2q  20 Nov 2018]
2019-05-05 14:42:00.716 [main] INFO  org.apache.catalina.core.ContainerBase.[Tomcat].[localhost].[/] - Initializing Spring embedded WebApplicationContext
2019-05-05 14:42:00.717 [main] INFO  org.springframework.web.context.ContextLoader - Root WebApplicationContext: initialization completed in 3426 ms
2019-05-05 14:42:01.095 [main] INFO  com.alibaba.druid.pool.DruidDataSource - {dataSource-1} inited
2019-05-05 14:42:01.351 [main] INFO  org.hibernate.jpa.internal.util.LogHelper - HHH000204: Processing PersistenceUnitInfo [
	name: default
	...]
2019-05-05 14:42:01.427 [main] INFO  org.hibernate.Version - HHH000412: Hibernate Core {5.3.7.Final}
2019-05-05 14:42:01.429 [main] INFO  org.hibernate.cfg.Environment - HHH000206: hibernate.properties not found
2019-05-05 14:42:01.587 [main] INFO  org.hibernate.annotations.common.Version - HCANN000001: Hibernate Commons Annotations {5.0.4.Final}
2019-05-05 14:42:01.984 [main] INFO  org.hibernate.dialect.Dialect - HHH000400: Using dialect: org.hibernate.dialect.Oracle12cDialect
2019-05-05 14:42:02.083 [main] INFO  org.hibernate.type.BasicTypeRegistry - HHH000270: Type registration [byte[]] overrides previous : org.hibernate.type.BinaryType@6d08b4e6
2019-05-05 14:42:02.083 [main] INFO  org.hibernate.type.BasicTypeRegistry - HHH000270: Type registration [[B] overrides previous : org.hibernate.type.BinaryType@6d08b4e6
2019-05-05 14:42:02.084 [main] INFO  org.hibernate.type.BasicTypeRegistry - HHH000270: Type registration [Byte[]] overrides previous : org.hibernate.type.WrapperBinaryType@7bf01cb
2019-05-05 14:42:02.085 [main] INFO  org.hibernate.type.BasicTypeRegistry - HHH000270: Type registration [[Ljava.lang.Byte;] overrides previous : org.hibernate.type.WrapperBinaryType@7bf01cb
2019-05-05 14:42:02.210 [main] WARN  org.hibernate.boot.internal.InFlightMetadataCollectorImpl - HHH000069: Duplicate generator name mseq
2019-05-05 14:42:03.521 [main] INFO  org.springframework.orm.jpa.LocalContainerEntityManagerFactoryBean - Initialized JPA EntityManagerFactory for persistence unit 'default'
2019-05-05 14:42:03.559 [main] INFO  org.springframework.beans.factory.annotation.AutowiredAnnotationBeanPostProcessor - Autowired annotation is not supported on static methods: public static void top.ruandb.config.ProcedureConfig.setPROCEDURE_PRO(java.lang.String)
2019-05-05 14:42:03.847 [main] INFO  org.hibernate.hql.internal.QueryTranslatorFactoryInitiator - HHH000397: Using ASTQueryTranslatorFactory
2019-05-05 14:42:04.023 [main] INFO  org.quartz.impl.StdSchedulerFactory - Using default implementation for ThreadExecutor
2019-05-05 14:42:04.035 [main] INFO  org.quartz.core.SchedulerSignalerImpl - Initialized Scheduler Signaller of type: class org.quartz.core.SchedulerSignalerImpl
2019-05-05 14:42:04.036 [main] INFO  org.quartz.core.QuartzScheduler - Quartz Scheduler v.2.2.1 created.
2019-05-05 14:42:04.037 [main] INFO  org.quartz.core.QuartzScheduler - JobFactory set to: org.quartz.simpl.SimpleJobFactory@19bf47fc
2019-05-05 14:42:04.037 [main] INFO  org.quartz.impl.jdbcjobstore.JobStoreTX - Using thread monitor-based data access locking (synchronization).
2019-05-05 14:42:04.038 [main] INFO  org.quartz.impl.jdbcjobstore.JobStoreTX - JobStoreTX initialized.
2019-05-05 14:42:04.039 [main] INFO  org.quartz.core.QuartzScheduler - Scheduler meta-data: Quartz Scheduler (v2.2.1) 'SchedulerFactory' with instanceId 'ETLScheduler'
  Scheduler class: 'org.quartz.core.QuartzScheduler' - running locally.
  NOT STARTED.
  Currently in standby mode.
  Number of jobs executed: 0
  Using thread pool 'org.quartz.simpl.SimpleThreadPool' - with 5 threads.
  Using job-store 'org.quartz.impl.jdbcjobstore.JobStoreTX' - which supports persistence. and is not clustered.

2019-05-05 14:42:04.039 [main] INFO  org.quartz.impl.StdSchedulerFactory - Quartz scheduler 'SchedulerFactory' initialized from an externally provided properties instance.
2019-05-05 14:42:04.039 [main] INFO  org.quartz.impl.StdSchedulerFactory - Quartz scheduler version: 2.2.1
2019-05-05 14:42:04.040 [main] INFO  org.quartz.core.QuartzScheduler - JobFactory set to: top.ruandb.config.MyJobFactory@53125718
2019-05-05 14:42:04.338 [main] INFO  org.springframework.scheduling.concurrent.ThreadPoolTaskExecutor - Initializing ExecutorService 'applicationTaskExecutor'
2019-05-05 14:42:04.816 [main] INFO  org.springframework.scheduling.quartz.SchedulerFactoryBean - Starting Quartz Scheduler now
2019-05-05 14:42:04.818 [main] INFO  com.alibaba.druid.pool.DruidDataSource - {dataSource-2} inited
2019-05-05 14:42:04.899 [main] INFO  org.quartz.impl.jdbcjobstore.JobStoreTX - Freed 0 triggers from 'acquired' / 'blocked' state.
2019-05-05 14:42:04.904 [main] INFO  org.quartz.impl.jdbcjobstore.JobStoreTX - Recovering 0 jobs that were in-progress at the time of the last shut-down.
2019-05-05 14:42:04.904 [main] INFO  org.quartz.impl.jdbcjobstore.JobStoreTX - Recovery complete.
2019-05-05 14:42:04.906 [main] INFO  org.quartz.impl.jdbcjobstore.JobStoreTX - Removed 0 'complete' triggers.
2019-05-05 14:42:04.908 [main] INFO  org.quartz.impl.jdbcjobstore.JobStoreTX - Removed 0 stale fired job entries.
2019-05-05 14:42:04.910 [main] INFO  org.quartz.core.QuartzScheduler - Scheduler SchedulerFactory_$_ETLScheduler started.
2019-05-05 14:42:04.921 [main] INFO  org.apache.coyote.http11.Http11NioProtocol - Starting ProtocolHandler ["http-nio-8080"]
2019-05-05 14:42:04.945 [main] INFO  org.apache.tomcat.util.net.NioSelectorPool - Using a shared selector for servlet write/read
2019-05-05 14:42:04.976 [main] INFO  org.springframework.boot.web.embedded.tomcat.TomcatWebServer - Tomcat started on port(s): 8080 (http) with context path ''
2019-05-05 14:42:04.978 [main] INFO  top.ruandb.EtlSchedulerApplication - Started EtlSchedulerApplication in 8.389 seconds (JVM running for 9.405)
2019-05-05 14:42:09.276 [main] INFO  top.ruandb.init.TaskInit - 重新启动清空scheduler
2019-05-05 14:42:09.597 [main] INFO  top.ruandb.init.TaskInit - jobMap--->{}
2019-05-05 14:42:09.597 [main] INFO  top.ruandb.init.TaskInit - groupMap--->{A=[], B=[], C=[], D=[]}
2019-05-05 14:42:09.597 [main] INFO  top.ruandb.init.TaskInit - jobMap,groupMap----------------------->初始化成功
2019-05-05 14:42:25.067 [http-nio-8080-exec-1] INFO  org.apache.catalina.core.ContainerBase.[Tomcat].[localhost].[/] - Initializing Spring DispatcherServlet 'dispatcherServlet'
2019-05-05 14:42:25.067 [http-nio-8080-exec-1] INFO  org.springframework.web.servlet.DispatcherServlet - Initializing Servlet 'dispatcherServlet'
2019-05-05 14:42:25.080 [http-nio-8080-exec-1] INFO  org.springframework.web.servlet.DispatcherServlet - Completed initialization in 13 ms
2019-05-05 18:14:49.495 [RMI TCP Connection(2)-127.0.0.1] INFO  org.springframework.boot.admin.SpringApplicationAdminMXBeanRegistrar$SpringApplicationAdmin - Application shutdown requested.
2019-05-05 18:14:49.524 [RMI TCP Connection(2)-127.0.0.1] INFO  org.quartz.core.QuartzScheduler - Scheduler SchedulerFactory_$_ETLScheduler paused.
2019-05-05 18:14:49.528 [RMI TCP Connection(2)-127.0.0.1] INFO  org.springframework.scheduling.concurrent.ThreadPoolTaskExecutor - Shutting down ExecutorService 'applicationTaskExecutor'
2019-05-05 18:14:49.530 [RMI TCP Connection(2)-127.0.0.1] INFO  org.quartz.core.QuartzScheduler - Scheduler SchedulerFactory_$_ETLScheduler shutting down.
2019-05-05 18:14:49.531 [RMI TCP Connection(2)-127.0.0.1] INFO  org.quartz.core.QuartzScheduler - Scheduler SchedulerFactory_$_ETLScheduler paused.
2019-05-05 18:14:49.547 [RMI TCP Connection(2)-127.0.0.1] INFO  com.alibaba.druid.pool.DruidDataSource - {dataSource-2} closed
2019-05-05 18:14:49.548 [RMI TCP Connection(2)-127.0.0.1] INFO  org.quartz.core.QuartzScheduler - Scheduler SchedulerFactory_$_ETLScheduler shutdown complete.
2019-05-05 18:14:49.549 [RMI TCP Connection(2)-127.0.0.1] INFO  org.springframework.scheduling.quartz.SchedulerFactoryBean - Shutting down Quartz Scheduler
2019-05-05 18:14:49.552 [RMI TCP Connection(2)-127.0.0.1] INFO  org.springframework.orm.jpa.LocalContainerEntityManagerFactoryBean - Closing JPA EntityManagerFactory for persistence unit 'default'
2019-05-05 18:14:49.664 [RMI TCP Connection(2)-127.0.0.1] INFO  com.alibaba.druid.pool.DruidDataSource - {dataSource-1} closed
