2019-08-28 16:10:56.195 [main] INFO  top.ruandb.EtlSchedulerApplication - Starting EtlSchedulerApplication on LAPTOP-MK6P63H0 with PID 16424 (C:\Java\eclipse-workspace3\ETLScheduler\target\classes started by rdb in C:\Java\eclipse-workspace3\ETLScheduler)
2019-08-28 16:10:56.200 [main] INFO  top.ruandb.EtlSchedulerApplication - No active profile set, falling back to default profiles: default
2019-08-28 16:10:57.919 [main] INFO  org.springframework.data.repository.config.RepositoryConfigurationDelegate - Bootstrapping Spring Data repositories in DEFAULT mode.
2019-08-28 16:10:58.231 [main] INFO  org.springframework.data.repository.config.RepositoryConfigurationDelegate - Finished Spring Data repository scanning in 297ms. Found 4 repository interfaces.
2019-08-28 16:10:58.727 [main] INFO  org.springframework.context.support.PostProcessorRegistrationDelegate$BeanPostProcessorChecker - Bean 'org.springframework.transaction.annotation.ProxyTransactionManagementConfiguration' of type [org.springframework.transaction.annotation.ProxyTransactionManagementConfiguration$$EnhancerBySpringCGLIB$$9aca4bf5] is not eligible for getting processed by all BeanPostProcessors (for example: not eligible for auto-proxying)
2019-08-28 16:10:58.755 [main] INFO  org.springframework.context.support.PostProcessorRegistrationDelegate$BeanPostProcessorChecker - Bean 'shiroConfig' of type [top.ruandb.config.ShiroConfig$$EnhancerBySpringCGLIB$$c6277f48] is not eligible for getting processed by all BeanPostProcessors (for example: not eligible for auto-proxying)
2019-08-28 16:10:59.244 [main] INFO  org.springframework.context.support.PostProcessorRegistrationDelegate$BeanPostProcessorChecker - Bean 'myRealm' of type [top.ruandb.config.MyRealm] is not eligible for getting processed by all BeanPostProcessors (for example: not eligible for auto-proxying)
2019-08-28 16:10:59.256 [main] INFO  org.springframework.context.support.PostProcessorRegistrationDelegate$BeanPostProcessorChecker - Bean 'securityManager' of type [org.apache.shiro.web.mgt.DefaultWebSecurityManager] is not eligible for getting processed by all BeanPostProcessors (for example: not eligible for auto-proxying)
2019-08-28 16:10:59.991 [main] INFO  org.springframework.boot.web.embedded.tomcat.TomcatWebServer - Tomcat initialized with port(s): 8080 (http)
2019-08-28 16:11:00.024 [main] INFO  org.apache.coyote.http11.Http11NioProtocol - Initializing ProtocolHandler ["http-nio-8080"]
2019-08-28 16:11:00.037 [main] INFO  org.apache.catalina.core.StandardService - Starting service [Tomcat]
2019-08-28 16:11:00.037 [main] INFO  org.apache.catalina.core.StandardEngine - Starting Servlet Engine: Apache Tomcat/9.0.13
2019-08-28 16:11:00.045 [main] INFO  org.apache.catalina.core.AprLifecycleListener - Loaded APR based Apache Tomcat Native library [1.2.19] using APR version [1.6.5].
2019-08-28 16:11:00.046 [main] INFO  org.apache.catalina.core.AprLifecycleListener - APR capabilities: IPv6 [true], sendfile [true], accept filters [false], random [true].
2019-08-28 16:11:00.046 [main] INFO  org.apache.catalina.core.AprLifecycleListener - APR/OpenSSL configuration: useAprConnector [false], useOpenSSL [true]
2019-08-28 16:11:01.121 [main] INFO  org.apache.catalina.core.AprLifecycleListener - OpenSSL successfully initialized [OpenSSL 1.0.2q  20 Nov 2018]
2019-08-28 16:11:01.357 [main] INFO  org.apache.catalina.core.ContainerBase.[Tomcat].[localhost].[/] - Initializing Spring embedded WebApplicationContext
2019-08-28 16:11:01.358 [main] INFO  org.springframework.web.context.ContextLoader - Root WebApplicationContext: initialization completed in 5081 ms
2019-08-28 16:11:01.943 [main] INFO  com.alibaba.druid.pool.DruidDataSource - {dataSource-1} inited
2019-08-28 16:11:02.243 [main] INFO  org.hibernate.jpa.internal.util.LogHelper - HHH000204: Processing PersistenceUnitInfo [
	name: default
	...]
2019-08-28 16:11:02.396 [main] INFO  org.hibernate.Version - HHH000412: Hibernate Core {5.3.7.Final}
2019-08-28 16:11:02.398 [main] INFO  org.hibernate.cfg.Environment - HHH000206: hibernate.properties not found
2019-08-28 16:11:02.742 [main] INFO  org.hibernate.annotations.common.Version - HCANN000001: Hibernate Commons Annotations {5.0.4.Final}
2019-08-28 16:11:03.389 [main] INFO  org.hibernate.dialect.Dialect - HHH000400: Using dialect: org.hibernate.dialect.SQLServer2012Dialect
2019-08-28 16:11:04.894 [main] INFO  org.springframework.orm.jpa.LocalContainerEntityManagerFactoryBean - Initialized JPA EntityManagerFactory for persistence unit 'default'
2019-08-28 16:11:04.957 [main] INFO  org.springframework.beans.factory.annotation.AutowiredAnnotationBeanPostProcessor - Autowired annotation is not supported on static methods: public static void top.ruandb.config.ProcedureConfig.setPROCEDURE_PRO(java.lang.String)
2019-08-28 16:11:05.474 [main] INFO  org.hibernate.hql.internal.QueryTranslatorFactoryInitiator - HHH000397: Using ASTQueryTranslatorFactory
2019-08-28 16:11:05.859 [main] INFO  org.quartz.impl.StdSchedulerFactory - Using default implementation for ThreadExecutor
2019-08-28 16:11:05.888 [main] INFO  org.quartz.core.SchedulerSignalerImpl - Initialized Scheduler Signaller of type: class org.quartz.core.SchedulerSignalerImpl
2019-08-28 16:11:05.889 [main] INFO  org.quartz.core.QuartzScheduler - Quartz Scheduler v.2.2.1 created.
2019-08-28 16:11:05.890 [main] INFO  org.quartz.core.QuartzScheduler - JobFactory set to: org.quartz.simpl.SimpleJobFactory@2ae3235e
2019-08-28 16:11:05.891 [main] INFO  org.quartz.impl.jdbcjobstore.JobStoreTX - Using thread monitor-based data access locking (synchronization).
2019-08-28 16:11:05.893 [main] INFO  org.quartz.impl.jdbcjobstore.JobStoreTX - JobStoreTX initialized.
2019-08-28 16:11:05.894 [main] INFO  org.quartz.core.QuartzScheduler - Scheduler meta-data: Quartz Scheduler (v2.2.1) 'SchedulerFactory' with instanceId 'ETLScheduler'
  Scheduler class: 'org.quartz.core.QuartzScheduler' - running locally.
  NOT STARTED.
  Currently in standby mode.
  Number of jobs executed: 0
  Using thread pool 'org.quartz.simpl.SimpleThreadPool' - with 50 threads.
  Using job-store 'org.quartz.impl.jdbcjobstore.JobStoreTX' - which supports persistence. and is not clustered.

2019-08-28 16:11:05.895 [main] INFO  org.quartz.impl.StdSchedulerFactory - Quartz scheduler 'SchedulerFactory' initialized from an externally provided properties instance.
2019-08-28 16:11:05.895 [main] INFO  org.quartz.impl.StdSchedulerFactory - Quartz scheduler version: 2.2.1
2019-08-28 16:11:05.897 [main] INFO  org.quartz.core.QuartzScheduler - JobFactory set to: top.ruandb.config.MyJobFactory@632cf7d3
2019-08-28 16:11:06.513 [main] INFO  org.springframework.scheduling.concurrent.ThreadPoolTaskExecutor - Initializing ExecutorService 'applicationTaskExecutor'
2019-08-28 16:11:07.018 [main] INFO  org.springframework.scheduling.quartz.SchedulerFactoryBean - Starting Quartz Scheduler now
2019-08-28 16:11:07.021 [main] INFO  com.alibaba.druid.pool.DruidDataSource - {dataSource-2} inited
2019-08-28 16:11:07.055 [main] INFO  org.quartz.impl.jdbcjobstore.JobStoreTX - Freed 0 triggers from 'acquired' / 'blocked' state.
2019-08-28 16:11:07.058 [main] INFO  org.quartz.impl.jdbcjobstore.JobStoreTX - Handling 23 trigger(s) that missed their scheduled fire-time.
2019-08-28 16:11:07.357 [main] INFO  org.quartz.impl.jdbcjobstore.JobStoreTX - Recovering 0 jobs that were in-progress at the time of the last shut-down.
2019-08-28 16:11:07.357 [main] INFO  org.quartz.impl.jdbcjobstore.JobStoreTX - Recovery complete.
2019-08-28 16:11:07.360 [main] INFO  org.quartz.impl.jdbcjobstore.JobStoreTX - Removed 0 'complete' triggers.
2019-08-28 16:11:07.361 [main] INFO  org.quartz.impl.jdbcjobstore.JobStoreTX - Removed 0 stale fired job entries.
2019-08-28 16:11:07.364 [main] INFO  org.quartz.core.QuartzScheduler - Scheduler SchedulerFactory_$_ETLScheduler started.
2019-08-28 16:11:07.376 [main] INFO  org.apache.coyote.http11.Http11NioProtocol - Starting ProtocolHandler ["http-nio-8080"]
2019-08-28 16:11:07.729 [main] INFO  org.apache.tomcat.util.net.NioSelectorPool - Using a shared selector for servlet write/read
2019-08-28 16:11:07.760 [main] INFO  org.springframework.boot.web.embedded.tomcat.TomcatWebServer - Tomcat started on port(s): 8080 (http) with context path ''
2019-08-28 16:11:07.764 [main] INFO  top.ruandb.EtlSchedulerApplication - Started EtlSchedulerApplication in 12.661 seconds (JVM running for 14.178)
2019-08-28 16:11:07.779 [main] INFO  top.ruandb.init.TaskInit - 重新启动清空scheduler
2019-08-28 16:11:07.942 [main] INFO  top.ruandb.init.TaskInit - 初始化job到调度器-------------------------------->jobname:usp_dim_yyxx,usp_dim_ksxx,usp_dim_ksxx_ba,usp_dim_ysxx,usp_dim_ysxx_ba,usp_dim_czryk,usp_dim_bqdmk,usp_dim_bqdmk_ba,usp_dim_ybflxx,usp_dim_yb_yblx,usp_dim_ghlb,usp_dim_ghtj,usp_dim_yyfg_hxlx,usp_dim_yyfs,usp_dim_yylb,usp_dim_yysjd,usp_dim_ghyysjc,usp_dim_zddmk,usp_dim_zddmk_ba,usp_dim_sfdxmk,usp_dim_sfxxmk,usp_dim_lcsfxmk,usp_dim_mzzy,usp_dim_cfz,usp_dim_mjzbz,usp_dim_nld,usp_dim_sex,usp_dim_hour,usp_dim_time,usp_dim_cyfs,usp_dim_lyfs,usp_dim_zljg,usp_dim_qzts,usp_dim_zyts,usp_dim_lclj,usp_dim_ypxx,usp_dim_kssjb,usp_dim_tsypbz,usp_dim_ypdl,usp_dim_ypfl,usp_dim_ypjx
2019-08-28 16:11:07.958 [main] INFO  top.ruandb.init.TaskInit - 初始化job到调度器-------------------------------->jobname:usp_dim_zy_ypyfk,usp_dim_sf_ypyfk,usp_dim_yymd,usp_dim_fyck,usp_dim_gysxx,usp_dim_yf_czdmk,usp_dim_yfdmk,usp_dim_yk_czdmk,usp_dim_ykdmk,usp_dim_sf_cfsfjg,usp_dim_sf_cfwt,usp_dim_sf_cfwtfl,usp_dim_sf_cfwtjb,usp_dim_jclb,usp_dim_ris_instrument,usp_dim_jylb,usp_dim_lis_instrument,usp_dim_ssxx,usp_dim_ssbw,usp_dim_sxytxx,usp_dim_sxlyxx,usp_dim_sxfsxx,usp_dim_sxblfylx,usp_dim_xxxx,usp_dim_ssflxx,usp_dim_xyzlxx,usp_dim_xydl,usp_dim_wzsb_wzpmggxx,usp_dim_wzsb_kfxx,usp_dim_wzsb_cblx,usp_dim_wzsb_wzkpxx,usp_dim_wzsb_wz_djlb,usp_dim_wzsb_wz_ghdwxx
2019-08-28 16:11:07.968 [main] INFO  top.ruandb.init.TaskInit - 初始化job到调度器-------------------------------->jobname:usp_dim_wzsb_wz_rkfs,usp_dim_mzfs,usp_dim_qkdj,usp_dim_rjssbz,usp_dim_rjssxx,usp_dim_ssmz_asamzfj,usp_dim_ssmz_mzfsfl,usp_dim_ssmz_sssjlx,usp_dim_aers_eventtype,usp_dim_aers_drugseventtype,usp_dim_aers_bloodeventtype,usp_dim_aers_medicalevent_ss_cwlx,usp_dim_aers_medicaleventtype,usp_dim_aers_nursingevent_gl_bfzlx,usp_dim_aers_nursingeventtype,usp_dim_aers_warningeventtype,usp_dim_aers_eventclfs,usp_dim_aers_eventdj,usp_dim_aers_eventyzcd,usp_dim_aers_eventconsequence,usp_dim_aers_ryzc,usp_dim_jsk_txfs,usp_dim_jsk_xgtllb,usp_dim_jsk_xtzlfs,usp_dim_jsk_ysfs
2019-08-28 16:11:07.979 [main] INFO  top.ruandb.init.TaskInit - 初始化job到调度器-------------------------------->jobname:usp_dim_jsk_ysgj,usp_dim_jsk_ysyy,usp_dim_jsk_ztsxfs,usp_dim_jzzy_bqfj,usp_dim_jzzy_brqx,usp_dim_jzzy_cyfs,usp_dim_ddshcdjb,usp_dim_ddyy,usp_dim_ycbw,usp_dim_ycfj,usp_dim_ycly,usp_dim_drgs_fxpgdj,usp_dim_kfyxk_bfzlx,usp_dim_kfyxk_kflx,usp_dim_yg_ssfxdj,usp_dim_yg_ssgrbw,usp_dim_yygr_dcnyjxx,usp_dim_yygr_xgdgbw,usp_dim_zdjb,usp_dim_zdss,usp_dim_zlzb_bfzlx,usp_dim_zlzb_fmfs,usp_dim_zlzb_jbbz_dbz,usp_dim_zlzb_jbbz_dq,usp_dim_zlzb_jbbz_xzljs,usp_dim_zlzb_jbbz_zkks,usp_dim_zlzb_zlgl_lcjyzk,usp_dim_zlzb_zlgl_lcjybb,usp_dim_cflx,usp_dim_zy_zlzxx,usp_dim_wzjb
2019-08-28 16:11:07.990 [main] INFO  top.ruandb.init.TaskInit - 初始化job到调度器-------------------------------->jobname:usp_fat_bacwsyqk,usp_fat_basyjb,usp_fat_basyss,usp_fat_basyzd,usp_fat_bq_brcwxxk
2019-08-28 16:11:07.999 [main] INFO  top.ruandb.init.TaskInit - 初始化job到调度器-------------------------------->jobname:usp_fat_jcbgmx,usp_fat_jybgmx,usp_fat_mz_yffymx,usp_fat_sxxx,usp_fat_wzsb_sb_byxx,usp_fat_wzsb_sb_jlxx
2019-08-28 16:11:08.008 [main] INFO  top.ruandb.init.TaskInit - 初始化job到调度器-------------------------------->jobname:usp_fat_wzsb_sb_srxx,usp_fat_wzsb_sb_wxxx,usp_fat_wzsb_sb_zjxx,usp_fat_wzsb_wz_bsxx,usp_fat_wzsb_wz_ckxx
2019-08-28 16:11:08.019 [main] INFO  top.ruandb.init.TaskInit - 初始化job到调度器-------------------------------->jobname:usp_fat_wzsb_wz_qlxx,usp_fat_wzsb_wz_rkxx,usp_fat_wzsb_wz_wtdxxx,usp_fat_wzsb_wz_xhxx,usp_fat_wzsb_wz_ykxx
2019-08-28 16:11:08.031 [main] INFO  top.ruandb.init.TaskInit - 初始化job到调度器-------------------------------->jobname:usp_fat_wzsb_wz_zgxx,usp_fat_yf_ypczmx,usp_fat_yk_ypczmx,usp_fat_yygh_pbxx,usp_fat_yy_mz_yyrc
2019-08-28 16:11:08.050 [main] INFO  top.ruandb.init.TaskInit - 初始化job到调度器-------------------------------->jobname:usp_fat_zlzb_zlgl_lcjybb,usp_fat_zlzb_zlgl_lcjyzk,usp_fat_zy_cwsyqk,usp_fat_zy_rjssbrfy_fat
2019-08-28 16:11:08.061 [main] INFO  top.ruandb.init.TaskInit - 初始化job到调度器-------------------------------->jobname:usp_fat_zy_rjsshzxx,usp_fat_zy_rjssxx,usp_fat_zy_ryywl,usp_fat_zy_yffymx,usp_fat_zy_zyfy_zy
2019-08-28 16:11:08.069 [main] INFO  top.ruandb.init.TaskInit - 初始化job到调度器-------------------------------->jobname:usp_fat_mz_ybjsxx,usp_fat_mz_mzfy,usp_fat_mz_mzywl
2019-08-28 16:11:08.079 [main] INFO  top.ruandb.init.TaskInit - 初始化job到调度器-------------------------------->jobname:usp_fat_zy_ybjsxx,usp_fat_zy_zyfy,usp_fat_zy_zyywl
2019-08-28 16:11:08.088 [main] INFO  top.ruandb.init.TaskInit - 初始化job到调度器-------------------------------->jobname:usp_fat_zy_zyfy_zy
2019-08-28 16:11:08.097 [main] INFO  top.ruandb.init.TaskInit - 初始化job到调度器-------------------------------->jobname:usp_fact_yy_mz_jzrc_fat,usp_fact_yy_mz_patid_fat,usp_fact_yy_mz_yyrc_fat,usp_fact_yygh_pbxx_fat,usp_fact_yy_mz_tjrc_fat,usp_fact_fy_mz_fyfx_fat,usp_fact_fy_zy_fyfx_fat,usp_fact_fy_zy_fyfx_zxrq_fat,usp_fact_yy_zy_cyywlfx_fat,usp_fact_yy_zy_ryywlfx_fat
2019-08-28 16:11:08.108 [main] INFO  top.ruandb.init.TaskInit - 初始化job到调度器-------------------------------->jobname:usp_fact_yy_zy_lcljfx_fat,usp_fact_yy_zy_zrzcfx_fat,usp_fact_yb_mz_fyfx_fat,usp_fact_yb_zy_fyfx_fat,usp_fact_yb_ybzkfx_fat,usp_fact_yy_zybrzyl_fat,usp_fact_zy_zycwxl,usp_fact_yy_zy_cwsyqk_fat,usp_fact_yp_mz_fyfx_fat
2019-08-28 16:11:08.139 [main] INFO  top.ruandb.init.TaskInit - 初始化job到调度器-------------------------------->jobname:usp_fact_yp_cflfx_fat,usp_fact_yp_zy_fyfx_fat,usp_fact_yp_zy_fyfx_zxrq_fat,usp_fact_yp_mz_yffygzl_fat,usp_fact_yp_zy_yffygzl_fat,usp_fact_yp_jxcfx_yf_fat,usp_fact_yp_jxcfx_yk_fat,usp_fact_ba_ss_zyssywlfx_fat,usp_fact_yy_ss_mzssywlfx_fat,usp_fact_yy_ss_rjssywlfx_fat
2019-08-28 16:11:08.150 [main] INFO  top.ruandb.init.TaskInit - 初始化job到调度器-------------------------------->jobname:usp_fact_ba_zy_back15_30_fat,usp_fact_ba_zy_cwsyqk_fat,usp_fact_ba_zy_cyywlfx_fat,usp_fact_lis_list_fat,usp_fact_lis_list_mx_fat,usp_fact_ris_list_fat,usp_fact_ris_list_mx_fat,usp_fact_xk_sxfx_fat,usp_fact_zqhy_jzrc_fat,usp_fact_zqhy_mzpatid_fat
2019-08-28 16:11:08.158 [main] INFO  top.ruandb.init.TaskInit - 初始化job到调度器-------------------------------->jobname:usp_fact_wzsb_sb_sbgzl_fat,usp_fact_wzsb_wz_bsxx_fat,usp_fact_wzsb_wz_ckxx_fat,usp_fact_wzsb_wz_qlxx_fat,usp_fact_wzsb_wz_rkxx_fat,usp_fact_wzsb_wz_wtdxxx_fat,usp_fact_wzsb_wz_xhxx_fat,usp_fact_wzsb_wz_ykxx_fat,usp_fact_wzsb_wz_zgxx_fat
2019-08-28 16:11:08.168 [main] INFO  top.ruandb.init.TaskInit - 初始化job到调度器-------------------------------->jobname:usp_fact_dim_yp_dim
2019-08-28 16:11:08.178 [main] INFO  top.ruandb.init.TaskInit - 初始化job到调度器-------------------------------->jobname:usp_hd_zbmx_hz,usp_hd_zbmx_hz_ys
2019-08-28 16:11:08.188 [main] INFO  top.ruandb.init.TaskInit - 初始化job到调度器-------------------------------->jobname:usp_producure_log
2019-08-28 16:11:08.561 [main] INFO  top.ruandb.init.TaskInit -  ----------------------->依赖初始化开始
2019-08-28 16:11:08.568 [main] INFO  top.ruandb.init.TaskInit - jobMap--->{11=PENDDING, 22=PENDDING, 12=PENDDING, 23=PENDDING, 13=PENDDING, 14=PENDDING, 15=PENDDING, 16=PENDDING, 17=PENDDING, 18=PENDDING, 19=PENDDING, 1=PENDDING, 3=PENDDING, 4=PENDDING, 5=PENDDING, 6=PENDDING, 7=PENDDING, 8=PENDDING, 9=PENDDING, 20=PENDDING, 10=PENDDING, 21=PENDDING}
2019-08-28 16:11:08.568 [main] INFO  top.ruandb.init.TaskInit - groupMap--->{A=[1, 3, 4, 5], B=[6, 7, 8, 9, 10, 11, 12, 13, 14, 15], C=[16, 17, 18, 19, 20, 21], D=[22, 23]}
2019-08-28 16:11:08.568 [main] INFO  top.ruandb.init.TaskInit - jobMap,groupMap ----------------------->依赖初始化成功
2019-08-28 16:11:08.569 [main] INFO  top.ruandb.init.TaskInit -  ----------------------->定时依赖初始化开始
2019-08-28 16:11:08.575 [main] INFO  top.ruandb.init.TaskInit -  ----------------------->定时依赖初始化结束
2019-08-28 16:11:42.220 [RMI TCP Connection(2)-127.0.0.1] INFO  org.springframework.boot.admin.SpringApplicationAdminMXBeanRegistrar$SpringApplicationAdmin - Application shutdown requested.
2019-08-28 16:11:42.225 [RMI TCP Connection(2)-127.0.0.1] INFO  org.quartz.core.QuartzScheduler - Scheduler SchedulerFactory_$_ETLScheduler paused.
2019-08-28 16:11:42.226 [RMI TCP Connection(2)-127.0.0.1] INFO  org.springframework.scheduling.concurrent.ThreadPoolTaskExecutor - Shutting down ExecutorService 'applicationTaskExecutor'
2019-08-28 16:11:42.228 [RMI TCP Connection(2)-127.0.0.1] INFO  org.quartz.core.QuartzScheduler - Scheduler SchedulerFactory_$_ETLScheduler shutting down.
2019-08-28 16:11:42.228 [RMI TCP Connection(2)-127.0.0.1] INFO  org.quartz.core.QuartzScheduler - Scheduler SchedulerFactory_$_ETLScheduler paused.
2019-08-28 16:11:42.245 [RMI TCP Connection(2)-127.0.0.1] INFO  com.alibaba.druid.pool.DruidDataSource - {dataSource-2} closed
2019-08-28 16:11:42.246 [RMI TCP Connection(2)-127.0.0.1] INFO  org.quartz.core.QuartzScheduler - Scheduler SchedulerFactory_$_ETLScheduler shutdown complete.
2019-08-28 16:11:42.246 [RMI TCP Connection(2)-127.0.0.1] INFO  org.springframework.scheduling.quartz.SchedulerFactoryBean - Shutting down Quartz Scheduler
2019-08-28 16:11:42.249 [RMI TCP Connection(2)-127.0.0.1] INFO  org.springframework.orm.jpa.LocalContainerEntityManagerFactoryBean - Closing JPA EntityManagerFactory for persistence unit 'default'
2019-08-28 16:11:42.256 [RMI TCP Connection(2)-127.0.0.1] INFO  com.alibaba.druid.pool.DruidDataSource - {dataSource-1} closed
2019-08-28 16:11:53.579 [main] INFO  top.ruandb.EtlSchedulerApplication - Starting EtlSchedulerApplication on LAPTOP-MK6P63H0 with PID 11652 (C:\Java\eclipse-workspace3\ETLScheduler\target\classes started by rdb in C:\Java\eclipse-workspace3\ETLScheduler)
2019-08-28 16:11:53.586 [main] INFO  top.ruandb.EtlSchedulerApplication - No active profile set, falling back to default profiles: default
2019-08-28 16:11:54.535 [main] INFO  org.springframework.data.repository.config.RepositoryConfigurationDelegate - Bootstrapping Spring Data repositories in DEFAULT mode.
2019-08-28 16:11:54.733 [main] INFO  org.springframework.data.repository.config.RepositoryConfigurationDelegate - Finished Spring Data repository scanning in 188ms. Found 4 repository interfaces.
2019-08-28 16:11:55.134 [main] INFO  org.springframework.context.support.PostProcessorRegistrationDelegate$BeanPostProcessorChecker - Bean 'org.springframework.transaction.annotation.ProxyTransactionManagementConfiguration' of type [org.springframework.transaction.annotation.ProxyTransactionManagementConfiguration$$EnhancerBySpringCGLIB$$3c03540d] is not eligible for getting processed by all BeanPostProcessors (for example: not eligible for auto-proxying)
2019-08-28 16:11:55.162 [main] INFO  org.springframework.context.support.PostProcessorRegistrationDelegate$BeanPostProcessorChecker - Bean 'shiroConfig' of type [top.ruandb.config.ShiroConfig$$EnhancerBySpringCGLIB$$67608760] is not eligible for getting processed by all BeanPostProcessors (for example: not eligible for auto-proxying)
2019-08-28 16:11:55.581 [main] INFO  org.springframework.context.support.PostProcessorRegistrationDelegate$BeanPostProcessorChecker - Bean 'myRealm' of type [top.ruandb.config.MyRealm] is not eligible for getting processed by all BeanPostProcessors (for example: not eligible for auto-proxying)
2019-08-28 16:11:55.590 [main] INFO  org.springframework.context.support.PostProcessorRegistrationDelegate$BeanPostProcessorChecker - Bean 'securityManager' of type [org.apache.shiro.web.mgt.DefaultWebSecurityManager] is not eligible for getting processed by all BeanPostProcessors (for example: not eligible for auto-proxying)
2019-08-28 16:11:55.958 [main] INFO  org.springframework.boot.web.embedded.tomcat.TomcatWebServer - Tomcat initialized with port(s): 8080 (http)
2019-08-28 16:11:55.991 [main] INFO  org.apache.coyote.http11.Http11NioProtocol - Initializing ProtocolHandler ["http-nio-8080"]
2019-08-28 16:11:56.003 [main] INFO  org.apache.catalina.core.StandardService - Starting service [Tomcat]
2019-08-28 16:11:56.004 [main] INFO  org.apache.catalina.core.StandardEngine - Starting Servlet Engine: Apache Tomcat/9.0.13
2019-08-28 16:11:56.011 [main] INFO  org.apache.catalina.core.AprLifecycleListener - Loaded APR based Apache Tomcat Native library [1.2.19] using APR version [1.6.5].
2019-08-28 16:11:56.013 [main] INFO  org.apache.catalina.core.AprLifecycleListener - APR capabilities: IPv6 [true], sendfile [true], accept filters [false], random [true].
2019-08-28 16:11:56.013 [main] INFO  org.apache.catalina.core.AprLifecycleListener - APR/OpenSSL configuration: useAprConnector [false], useOpenSSL [true]
2019-08-28 16:11:57.063 [main] INFO  org.apache.catalina.core.AprLifecycleListener - OpenSSL successfully initialized [OpenSSL 1.0.2q  20 Nov 2018]
2019-08-28 16:11:57.258 [main] INFO  org.apache.catalina.core.ContainerBase.[Tomcat].[localhost].[/] - Initializing Spring embedded WebApplicationContext
2019-08-28 16:11:57.259 [main] INFO  org.springframework.web.context.ContextLoader - Root WebApplicationContext: initialization completed in 3607 ms
2019-08-28 16:11:57.654 [main] INFO  com.alibaba.druid.pool.DruidDataSource - {dataSource-1} inited
2019-08-28 16:11:57.866 [main] INFO  org.hibernate.jpa.internal.util.LogHelper - HHH000204: Processing PersistenceUnitInfo [
	name: default
	...]
2019-08-28 16:11:57.946 [main] INFO  org.hibernate.Version - HHH000412: Hibernate Core {5.3.7.Final}
2019-08-28 16:11:57.949 [main] INFO  org.hibernate.cfg.Environment - HHH000206: hibernate.properties not found
2019-08-28 16:11:58.128 [main] INFO  org.hibernate.annotations.common.Version - HCANN000001: Hibernate Commons Annotations {5.0.4.Final}
2019-08-28 16:11:58.486 [main] INFO  org.hibernate.dialect.Dialect - HHH000400: Using dialect: org.hibernate.dialect.SQLServer2012Dialect
2019-08-28 16:11:59.491 [main] INFO  org.springframework.orm.jpa.LocalContainerEntityManagerFactoryBean - Initialized JPA EntityManagerFactory for persistence unit 'default'
2019-08-28 16:11:59.531 [main] INFO  org.springframework.beans.factory.annotation.AutowiredAnnotationBeanPostProcessor - Autowired annotation is not supported on static methods: public static void top.ruandb.config.ProcedureConfig.setPROCEDURE_PRO(java.lang.String)
2019-08-28 16:11:59.915 [main] INFO  org.hibernate.hql.internal.QueryTranslatorFactoryInitiator - HHH000397: Using ASTQueryTranslatorFactory
2019-08-28 16:12:00.155 [main] INFO  org.quartz.impl.StdSchedulerFactory - Using default implementation for ThreadExecutor
2019-08-28 16:12:00.170 [main] INFO  org.quartz.core.SchedulerSignalerImpl - Initialized Scheduler Signaller of type: class org.quartz.core.SchedulerSignalerImpl
2019-08-28 16:12:00.170 [main] INFO  org.quartz.core.QuartzScheduler - Quartz Scheduler v.2.2.1 created.
2019-08-28 16:12:00.172 [main] INFO  org.quartz.core.QuartzScheduler - JobFactory set to: org.quartz.simpl.SimpleJobFactory@40016ce1
2019-08-28 16:12:00.172 [main] INFO  org.quartz.impl.jdbcjobstore.JobStoreTX - Using thread monitor-based data access locking (synchronization).
2019-08-28 16:12:00.173 [main] INFO  org.quartz.impl.jdbcjobstore.JobStoreTX - JobStoreTX initialized.
2019-08-28 16:12:00.174 [main] INFO  org.quartz.core.QuartzScheduler - Scheduler meta-data: Quartz Scheduler (v2.2.1) 'SchedulerFactory' with instanceId 'ETLScheduler'
  Scheduler class: 'org.quartz.core.QuartzScheduler' - running locally.
  NOT STARTED.
  Currently in standby mode.
  Number of jobs executed: 0
  Using thread pool 'org.quartz.simpl.SimpleThreadPool' - with 50 threads.
  Using job-store 'org.quartz.impl.jdbcjobstore.JobStoreTX' - which supports persistence. and is not clustered.

2019-08-28 16:12:00.174 [main] INFO  org.quartz.impl.StdSchedulerFactory - Quartz scheduler 'SchedulerFactory' initialized from an externally provided properties instance.
2019-08-28 16:12:00.175 [main] INFO  org.quartz.impl.StdSchedulerFactory - Quartz scheduler version: 2.2.1
2019-08-28 16:12:00.175 [main] INFO  org.quartz.core.QuartzScheduler - JobFactory set to: top.ruandb.config.MyJobFactory@96abc76
2019-08-28 16:12:00.527 [main] INFO  org.springframework.scheduling.concurrent.ThreadPoolTaskExecutor - Initializing ExecutorService 'applicationTaskExecutor'
2019-08-28 16:12:00.837 [main] INFO  org.springframework.scheduling.quartz.SchedulerFactoryBean - Starting Quartz Scheduler now
2019-08-28 16:12:00.839 [main] INFO  com.alibaba.druid.pool.DruidDataSource - {dataSource-2} inited
2019-08-28 16:12:00.865 [main] INFO  org.quartz.impl.jdbcjobstore.JobStoreTX - Freed 0 triggers from 'acquired' / 'blocked' state.
2019-08-28 16:12:00.868 [main] INFO  org.quartz.impl.jdbcjobstore.JobStoreTX - Recovering 0 jobs that were in-progress at the time of the last shut-down.
2019-08-28 16:12:00.868 [main] INFO  org.quartz.impl.jdbcjobstore.JobStoreTX - Recovery complete.
2019-08-28 16:12:00.869 [main] INFO  org.quartz.impl.jdbcjobstore.JobStoreTX - Removed 0 'complete' triggers.
2019-08-28 16:12:00.870 [main] INFO  org.quartz.impl.jdbcjobstore.JobStoreTX - Removed 0 stale fired job entries.
2019-08-28 16:12:00.872 [main] INFO  org.quartz.core.QuartzScheduler - Scheduler SchedulerFactory_$_ETLScheduler started.
2019-08-28 16:12:00.885 [main] INFO  org.apache.coyote.http11.Http11NioProtocol - Starting ProtocolHandler ["http-nio-8080"]
2019-08-28 16:12:00.900 [main] INFO  org.apache.tomcat.util.net.NioSelectorPool - Using a shared selector for servlet write/read
2019-08-28 16:12:01.158 [main] INFO  org.springframework.boot.web.embedded.tomcat.TomcatWebServer - Tomcat started on port(s): 8080 (http) with context path ''
2019-08-28 16:12:01.160 [main] INFO  top.ruandb.EtlSchedulerApplication - Started EtlSchedulerApplication in 8.252 seconds (JVM running for 9.672)
2019-08-28 16:12:01.162 [main] INFO  top.ruandb.init.TaskInit - 重新启动清空scheduler
2019-08-28 16:12:01.379 [main] INFO  top.ruandb.init.TaskInit - 初始化job到调度器-------------------------------->jobname:usp_dim_yyxx,usp_dim_ksxx,usp_dim_ksxx_ba,usp_dim_ysxx,usp_dim_ysxx_ba,usp_dim_czryk,usp_dim_bqdmk,usp_dim_bqdmk_ba,usp_dim_ybflxx,usp_dim_yb_yblx,usp_dim_ghlb,usp_dim_ghtj,usp_dim_yyfg_hxlx,usp_dim_yyfs,usp_dim_yylb,usp_dim_yysjd,usp_dim_ghyysjc,usp_dim_zddmk,usp_dim_zddmk_ba,usp_dim_sfdxmk,usp_dim_sfxxmk,usp_dim_lcsfxmk,usp_dim_mzzy,usp_dim_cfz,usp_dim_mjzbz,usp_dim_nld,usp_dim_sex,usp_dim_hour,usp_dim_time,usp_dim_cyfs,usp_dim_lyfs,usp_dim_zljg,usp_dim_qzts,usp_dim_zyts,usp_dim_lclj,usp_dim_ypxx,usp_dim_kssjb,usp_dim_tsypbz,usp_dim_ypdl,usp_dim_ypfl,usp_dim_ypjx
2019-08-28 16:12:01.409 [main] INFO  top.ruandb.init.TaskInit - 初始化job到调度器-------------------------------->jobname:usp_dim_zy_ypyfk,usp_dim_sf_ypyfk,usp_dim_yymd,usp_dim_fyck,usp_dim_gysxx,usp_dim_yf_czdmk,usp_dim_yfdmk,usp_dim_yk_czdmk,usp_dim_ykdmk,usp_dim_sf_cfsfjg,usp_dim_sf_cfwt,usp_dim_sf_cfwtfl,usp_dim_sf_cfwtjb,usp_dim_jclb,usp_dim_ris_instrument,usp_dim_jylb,usp_dim_lis_instrument,usp_dim_ssxx,usp_dim_ssbw,usp_dim_sxytxx,usp_dim_sxlyxx,usp_dim_sxfsxx,usp_dim_sxblfylx,usp_dim_xxxx,usp_dim_ssflxx,usp_dim_xyzlxx,usp_dim_xydl,usp_dim_wzsb_wzpmggxx,usp_dim_wzsb_kfxx,usp_dim_wzsb_cblx,usp_dim_wzsb_wzkpxx,usp_dim_wzsb_wz_djlb,usp_dim_wzsb_wz_ghdwxx
2019-08-28 16:12:01.422 [main] INFO  top.ruandb.init.TaskInit - 初始化job到调度器-------------------------------->jobname:usp_dim_wzsb_wz_rkfs,usp_dim_mzfs,usp_dim_qkdj,usp_dim_rjssbz,usp_dim_rjssxx,usp_dim_ssmz_asamzfj,usp_dim_ssmz_mzfsfl,usp_dim_ssmz_sssjlx,usp_dim_aers_eventtype,usp_dim_aers_drugseventtype,usp_dim_aers_bloodeventtype,usp_dim_aers_medicalevent_ss_cwlx,usp_dim_aers_medicaleventtype,usp_dim_aers_nursingevent_gl_bfzlx,usp_dim_aers_nursingeventtype,usp_dim_aers_warningeventtype,usp_dim_aers_eventclfs,usp_dim_aers_eventdj,usp_dim_aers_eventyzcd,usp_dim_aers_eventconsequence,usp_dim_aers_ryzc,usp_dim_jsk_txfs,usp_dim_jsk_xgtllb,usp_dim_jsk_xtzlfs,usp_dim_jsk_ysfs
2019-08-28 16:12:01.433 [main] INFO  top.ruandb.init.TaskInit - 初始化job到调度器-------------------------------->jobname:usp_dim_jsk_ysgj,usp_dim_jsk_ysyy,usp_dim_jsk_ztsxfs,usp_dim_jzzy_bqfj,usp_dim_jzzy_brqx,usp_dim_jzzy_cyfs,usp_dim_ddshcdjb,usp_dim_ddyy,usp_dim_ycbw,usp_dim_ycfj,usp_dim_ycly,usp_dim_drgs_fxpgdj,usp_dim_kfyxk_bfzlx,usp_dim_kfyxk_kflx,usp_dim_yg_ssfxdj,usp_dim_yg_ssgrbw,usp_dim_yygr_dcnyjxx,usp_dim_yygr_xgdgbw,usp_dim_zdjb,usp_dim_zdss,usp_dim_zlzb_bfzlx,usp_dim_zlzb_fmfs,usp_dim_zlzb_jbbz_dbz,usp_dim_zlzb_jbbz_dq,usp_dim_zlzb_jbbz_xzljs,usp_dim_zlzb_jbbz_zkks,usp_dim_zlzb_zlgl_lcjyzk,usp_dim_zlzb_zlgl_lcjybb,usp_dim_cflx,usp_dim_zy_zlzxx,usp_dim_wzjb
2019-08-28 16:12:01.446 [main] INFO  top.ruandb.init.TaskInit - 初始化job到调度器-------------------------------->jobname:usp_fat_bacwsyqk,usp_fat_basyjb,usp_fat_basyss,usp_fat_basyzd,usp_fat_bq_brcwxxk
2019-08-28 16:12:01.457 [main] INFO  top.ruandb.init.TaskInit - 初始化job到调度器-------------------------------->jobname:usp_fat_jcbgmx,usp_fat_jybgmx,usp_fat_mz_yffymx,usp_fat_sxxx,usp_fat_wzsb_sb_byxx,usp_fat_wzsb_sb_jlxx
2019-08-28 16:12:01.466 [main] INFO  top.ruandb.init.TaskInit - 初始化job到调度器-------------------------------->jobname:usp_fat_wzsb_sb_srxx,usp_fat_wzsb_sb_wxxx,usp_fat_wzsb_sb_zjxx,usp_fat_wzsb_wz_bsxx,usp_fat_wzsb_wz_ckxx
2019-08-28 16:12:01.475 [main] INFO  top.ruandb.init.TaskInit - 初始化job到调度器-------------------------------->jobname:usp_fat_wzsb_wz_qlxx,usp_fat_wzsb_wz_rkxx,usp_fat_wzsb_wz_wtdxxx,usp_fat_wzsb_wz_xhxx,usp_fat_wzsb_wz_ykxx
2019-08-28 16:12:01.483 [main] INFO  top.ruandb.init.TaskInit - 初始化job到调度器-------------------------------->jobname:usp_fat_wzsb_wz_zgxx,usp_fat_yf_ypczmx,usp_fat_yk_ypczmx,usp_fat_yygh_pbxx,usp_fat_yy_mz_yyrc
2019-08-28 16:12:01.493 [main] INFO  top.ruandb.init.TaskInit - 初始化job到调度器-------------------------------->jobname:usp_fat_zlzb_zlgl_lcjybb,usp_fat_zlzb_zlgl_lcjyzk,usp_fat_zy_cwsyqk,usp_fat_zy_rjssbrfy_fat
2019-08-28 16:12:01.504 [main] INFO  top.ruandb.init.TaskInit - 初始化job到调度器-------------------------------->jobname:usp_fat_zy_rjsshzxx,usp_fat_zy_rjssxx,usp_fat_zy_ryywl,usp_fat_zy_yffymx,usp_fat_zy_zyfy_zy
2019-08-28 16:12:01.516 [main] INFO  top.ruandb.init.TaskInit - 初始化job到调度器-------------------------------->jobname:usp_fat_mz_ybjsxx,usp_fat_mz_mzfy,usp_fat_mz_mzywl
2019-08-28 16:12:01.524 [main] INFO  top.ruandb.init.TaskInit - 初始化job到调度器-------------------------------->jobname:usp_fat_zy_ybjsxx,usp_fat_zy_zyfy,usp_fat_zy_zyywl
2019-08-28 16:12:01.533 [main] INFO  top.ruandb.init.TaskInit - 初始化job到调度器-------------------------------->jobname:usp_fat_zy_zyfy_zy
2019-08-28 16:12:01.542 [main] INFO  top.ruandb.init.TaskInit - 初始化job到调度器-------------------------------->jobname:usp_fact_yy_mz_jzrc_fat,usp_fact_yy_mz_patid_fat,usp_fact_yy_mz_yyrc_fat,usp_fact_yygh_pbxx_fat,usp_fact_yy_mz_tjrc_fat,usp_fact_fy_mz_fyfx_fat,usp_fact_fy_zy_fyfx_fat,usp_fact_fy_zy_fyfx_zxrq_fat,usp_fact_yy_zy_cyywlfx_fat,usp_fact_yy_zy_ryywlfx_fat
2019-08-28 16:12:01.551 [main] INFO  top.ruandb.init.TaskInit - 初始化job到调度器-------------------------------->jobname:usp_fact_yy_zy_lcljfx_fat,usp_fact_yy_zy_zrzcfx_fat,usp_fact_yb_mz_fyfx_fat,usp_fact_yb_zy_fyfx_fat,usp_fact_yb_ybzkfx_fat,usp_fact_yy_zybrzyl_fat,usp_fact_zy_zycwxl,usp_fact_yy_zy_cwsyqk_fat,usp_fact_yp_mz_fyfx_fat
2019-08-28 16:12:01.557 [main] INFO  top.ruandb.init.TaskInit - 初始化job到调度器-------------------------------->jobname:usp_fact_yp_cflfx_fat,usp_fact_yp_zy_fyfx_fat,usp_fact_yp_zy_fyfx_zxrq_fat,usp_fact_yp_mz_yffygzl_fat,usp_fact_yp_zy_yffygzl_fat,usp_fact_yp_jxcfx_yf_fat,usp_fact_yp_jxcfx_yk_fat,usp_fact_ba_ss_zyssywlfx_fat,usp_fact_yy_ss_mzssywlfx_fat,usp_fact_yy_ss_rjssywlfx_fat
2019-08-28 16:12:01.565 [main] INFO  top.ruandb.init.TaskInit - 初始化job到调度器-------------------------------->jobname:usp_fact_ba_zy_back15_30_fat,usp_fact_ba_zy_cwsyqk_fat,usp_fact_ba_zy_cyywlfx_fat,usp_fact_lis_list_fat,usp_fact_lis_list_mx_fat,usp_fact_ris_list_fat,usp_fact_ris_list_mx_fat,usp_fact_xk_sxfx_fat,usp_fact_zqhy_jzrc_fat,usp_fact_zqhy_mzpatid_fat
2019-08-28 16:12:01.573 [main] INFO  top.ruandb.init.TaskInit - 初始化job到调度器-------------------------------->jobname:usp_fact_wzsb_sb_sbgzl_fat,usp_fact_wzsb_wz_bsxx_fat,usp_fact_wzsb_wz_ckxx_fat,usp_fact_wzsb_wz_qlxx_fat,usp_fact_wzsb_wz_rkxx_fat,usp_fact_wzsb_wz_wtdxxx_fat,usp_fact_wzsb_wz_xhxx_fat,usp_fact_wzsb_wz_ykxx_fat,usp_fact_wzsb_wz_zgxx_fat
2019-08-28 16:12:01.583 [main] INFO  top.ruandb.init.TaskInit - 初始化job到调度器-------------------------------->jobname:usp_fact_dim_yp_dim
2019-08-28 16:12:01.592 [main] INFO  top.ruandb.init.TaskInit - 初始化job到调度器-------------------------------->jobname:usp_hd_zbmx_hz,usp_hd_zbmx_hz_ys
2019-08-28 16:12:01.602 [main] INFO  top.ruandb.init.TaskInit - 初始化job到调度器-------------------------------->jobname:usp_producure_log
2019-08-28 16:12:01.900 [main] INFO  top.ruandb.init.TaskInit -  ----------------------->依赖初始化开始
2019-08-28 16:12:01.904 [main] INFO  top.ruandb.init.TaskInit - jobMap--->{11=PENDDING, 22=PENDDING, 12=PENDDING, 23=PENDDING, 13=PENDDING, 14=PENDDING, 15=PENDDING, 16=PENDDING, 17=PENDDING, 18=PENDDING, 19=PENDDING, 1=PENDDING, 3=PENDDING, 4=PENDDING, 5=PENDDING, 6=PENDDING, 7=PENDDING, 8=PENDDING, 9=PENDDING, 20=PENDDING, 10=PENDDING, 21=PENDDING}
2019-08-28 16:12:01.904 [main] INFO  top.ruandb.init.TaskInit - groupMap--->{A=[1, 3, 4, 5], B=[6, 7, 8, 9, 10, 11, 12, 13, 14, 15], C=[16, 17, 18, 19, 20, 21], D=[22, 23]}
2019-08-28 16:12:01.904 [main] INFO  top.ruandb.init.TaskInit - jobMap,groupMap----------------------->依赖初始化成功
2019-08-28 16:12:01.905 [main] INFO  top.ruandb.init.TaskInit -  ----------------------->定时依赖初始化开始
2019-08-28 16:12:01.910 [main] INFO  top.ruandb.init.TaskInit -  ----------------------->定时依赖初始化结束
2019-08-28 16:13:33.613 [RMI TCP Connection(2)-127.0.0.1] INFO  org.springframework.boot.admin.SpringApplicationAdminMXBeanRegistrar$SpringApplicationAdmin - Application shutdown requested.
2019-08-28 16:13:33.616 [RMI TCP Connection(2)-127.0.0.1] INFO  org.quartz.core.QuartzScheduler - Scheduler SchedulerFactory_$_ETLScheduler paused.
2019-08-28 16:13:33.617 [RMI TCP Connection(2)-127.0.0.1] INFO  org.springframework.scheduling.concurrent.ThreadPoolTaskExecutor - Shutting down ExecutorService 'applicationTaskExecutor'
2019-08-28 16:13:33.618 [RMI TCP Connection(2)-127.0.0.1] INFO  org.quartz.core.QuartzScheduler - Scheduler SchedulerFactory_$_ETLScheduler shutting down.
2019-08-28 16:13:33.618 [RMI TCP Connection(2)-127.0.0.1] INFO  org.quartz.core.QuartzScheduler - Scheduler SchedulerFactory_$_ETLScheduler paused.
2019-08-28 16:13:33.624 [RMI TCP Connection(2)-127.0.0.1] INFO  com.alibaba.druid.pool.DruidDataSource - {dataSource-2} closed
2019-08-28 16:13:33.625 [RMI TCP Connection(2)-127.0.0.1] INFO  org.quartz.core.QuartzScheduler - Scheduler SchedulerFactory_$_ETLScheduler shutdown complete.
2019-08-28 16:13:33.625 [RMI TCP Connection(2)-127.0.0.1] INFO  org.springframework.scheduling.quartz.SchedulerFactoryBean - Shutting down Quartz Scheduler
2019-08-28 16:13:33.625 [RMI TCP Connection(2)-127.0.0.1] INFO  org.springframework.orm.jpa.LocalContainerEntityManagerFactoryBean - Closing JPA EntityManagerFactory for persistence unit 'default'
2019-08-28 16:13:33.630 [RMI TCP Connection(2)-127.0.0.1] INFO  com.alibaba.druid.pool.DruidDataSource - {dataSource-1} closed
2019-08-28 16:26:47.292 [main] INFO  top.ruandb.EtlSchedulerApplication - Starting EtlSchedulerApplication on LAPTOP-MK6P63H0 with PID 5920 (C:\Java\eclipse-workspace3\ETLScheduler\target\classes started by rdb in C:\Java\eclipse-workspace3\ETLScheduler)
2019-08-28 16:26:47.297 [main] INFO  top.ruandb.EtlSchedulerApplication - No active profile set, falling back to default profiles: default
2019-08-28 16:26:48.329 [main] INFO  org.springframework.data.repository.config.RepositoryConfigurationDelegate - Bootstrapping Spring Data repositories in DEFAULT mode.
2019-08-28 16:26:48.545 [main] INFO  org.springframework.data.repository.config.RepositoryConfigurationDelegate - Finished Spring Data repository scanning in 207ms. Found 4 repository interfaces.
2019-08-28 16:26:49.039 [main] INFO  org.springframework.context.support.PostProcessorRegistrationDelegate$BeanPostProcessorChecker - Bean 'org.springframework.transaction.annotation.ProxyTransactionManagementConfiguration' of type [org.springframework.transaction.annotation.ProxyTransactionManagementConfiguration$$EnhancerBySpringCGLIB$$d6b68b6f] is not eligible for getting processed by all BeanPostProcessors (for example: not eligible for auto-proxying)
2019-08-28 16:26:49.066 [main] INFO  org.springframework.context.support.PostProcessorRegistrationDelegate$BeanPostProcessorChecker - Bean 'shiroConfig' of type [top.ruandb.config.ShiroConfig$$EnhancerBySpringCGLIB$$213bec2] is not eligible for getting processed by all BeanPostProcessors (for example: not eligible for auto-proxying)
2019-08-28 16:26:49.524 [main] INFO  org.springframework.context.support.PostProcessorRegistrationDelegate$BeanPostProcessorChecker - Bean 'myRealm' of type [top.ruandb.config.MyRealm] is not eligible for getting processed by all BeanPostProcessors (for example: not eligible for auto-proxying)
2019-08-28 16:26:49.533 [main] INFO  org.springframework.context.support.PostProcessorRegistrationDelegate$BeanPostProcessorChecker - Bean 'securityManager' of type [org.apache.shiro.web.mgt.DefaultWebSecurityManager] is not eligible for getting processed by all BeanPostProcessors (for example: not eligible for auto-proxying)
2019-08-28 16:26:49.918 [main] INFO  org.springframework.boot.web.embedded.tomcat.TomcatWebServer - Tomcat initialized with port(s): 8080 (http)
2019-08-28 16:26:49.934 [main] INFO  org.apache.coyote.http11.Http11NioProtocol - Initializing ProtocolHandler ["http-nio-8080"]
2019-08-28 16:26:49.947 [main] INFO  org.apache.catalina.core.StandardService - Starting service [Tomcat]
2019-08-28 16:26:49.947 [main] INFO  org.apache.catalina.core.StandardEngine - Starting Servlet Engine: Apache Tomcat/9.0.13
2019-08-28 16:26:49.954 [main] INFO  org.apache.catalina.core.AprLifecycleListener - Loaded APR based Apache Tomcat Native library [1.2.19] using APR version [1.6.5].
2019-08-28 16:26:49.955 [main] INFO  org.apache.catalina.core.AprLifecycleListener - APR capabilities: IPv6 [true], sendfile [true], accept filters [false], random [true].
2019-08-28 16:26:49.955 [main] INFO  org.apache.catalina.core.AprLifecycleListener - APR/OpenSSL configuration: useAprConnector [false], useOpenSSL [true]
2019-08-28 16:26:51.018 [main] INFO  org.apache.catalina.core.AprLifecycleListener - OpenSSL successfully initialized [OpenSSL 1.0.2q  20 Nov 2018]
2019-08-28 16:26:51.232 [main] INFO  org.apache.catalina.core.ContainerBase.[Tomcat].[localhost].[/] - Initializing Spring embedded WebApplicationContext
2019-08-28 16:26:51.232 [main] INFO  org.springframework.web.context.ContextLoader - Root WebApplicationContext: initialization completed in 3866 ms
2019-08-28 16:26:51.636 [main] INFO  com.alibaba.druid.pool.DruidDataSource - {dataSource-1} inited
2019-08-28 16:26:51.854 [main] INFO  org.hibernate.jpa.internal.util.LogHelper - HHH000204: Processing PersistenceUnitInfo [
	name: default
	...]
2019-08-28 16:26:51.939 [main] INFO  org.hibernate.Version - HHH000412: Hibernate Core {5.3.7.Final}
2019-08-28 16:26:51.942 [main] INFO  org.hibernate.cfg.Environment - HHH000206: hibernate.properties not found
2019-08-28 16:26:52.132 [main] INFO  org.hibernate.annotations.common.Version - HCANN000001: Hibernate Commons Annotations {5.0.4.Final}
2019-08-28 16:26:52.502 [main] INFO  org.hibernate.dialect.Dialect - HHH000400: Using dialect: org.hibernate.dialect.SQLServer2012Dialect
2019-08-28 16:26:53.509 [main] INFO  org.springframework.orm.jpa.LocalContainerEntityManagerFactoryBean - Initialized JPA EntityManagerFactory for persistence unit 'default'
2019-08-28 16:26:53.561 [main] INFO  org.springframework.beans.factory.annotation.AutowiredAnnotationBeanPostProcessor - Autowired annotation is not supported on static methods: public static void top.ruandb.config.ProcedureConfig.setPROCEDURE_PRO(java.lang.String)
2019-08-28 16:26:53.891 [main] INFO  org.hibernate.hql.internal.QueryTranslatorFactoryInitiator - HHH000397: Using ASTQueryTranslatorFactory
2019-08-28 16:26:54.094 [main] INFO  org.quartz.impl.StdSchedulerFactory - Using default implementation for ThreadExecutor
2019-08-28 16:26:54.110 [main] INFO  org.quartz.core.SchedulerSignalerImpl - Initialized Scheduler Signaller of type: class org.quartz.core.SchedulerSignalerImpl
2019-08-28 16:26:54.111 [main] INFO  org.quartz.core.QuartzScheduler - Quartz Scheduler v.2.2.1 created.
2019-08-28 16:26:54.112 [main] INFO  org.quartz.core.QuartzScheduler - JobFactory set to: org.quartz.simpl.SimpleJobFactory@7608a838
2019-08-28 16:26:54.113 [main] INFO  org.quartz.impl.jdbcjobstore.JobStoreTX - Using thread monitor-based data access locking (synchronization).
2019-08-28 16:26:54.114 [main] INFO  org.quartz.impl.jdbcjobstore.JobStoreTX - JobStoreTX initialized.
2019-08-28 16:26:54.115 [main] INFO  org.quartz.core.QuartzScheduler - Scheduler meta-data: Quartz Scheduler (v2.2.1) 'SchedulerFactory' with instanceId 'ETLScheduler'
  Scheduler class: 'org.quartz.core.QuartzScheduler' - running locally.
  NOT STARTED.
  Currently in standby mode.
  Number of jobs executed: 0
  Using thread pool 'org.quartz.simpl.SimpleThreadPool' - with 50 threads.
  Using job-store 'org.quartz.impl.jdbcjobstore.JobStoreTX' - which supports persistence. and is not clustered.

2019-08-28 16:26:54.115 [main] INFO  org.quartz.impl.StdSchedulerFactory - Quartz scheduler 'SchedulerFactory' initialized from an externally provided properties instance.
2019-08-28 16:26:54.115 [main] INFO  org.quartz.impl.StdSchedulerFactory - Quartz scheduler version: 2.2.1
2019-08-28 16:26:54.117 [main] INFO  org.quartz.core.QuartzScheduler - JobFactory set to: top.ruandb.config.MyJobFactory@50cbcca7
2019-08-28 16:26:54.451 [main] INFO  org.springframework.scheduling.concurrent.ThreadPoolTaskExecutor - Initializing ExecutorService 'applicationTaskExecutor'
2019-08-28 16:26:54.731 [main] INFO  org.springframework.scheduling.quartz.SchedulerFactoryBean - Starting Quartz Scheduler now
2019-08-28 16:26:54.733 [main] INFO  com.alibaba.druid.pool.DruidDataSource - {dataSource-2} inited
2019-08-28 16:26:54.757 [main] INFO  org.quartz.impl.jdbcjobstore.JobStoreTX - Freed 0 triggers from 'acquired' / 'blocked' state.
2019-08-28 16:26:54.760 [main] INFO  org.quartz.impl.jdbcjobstore.JobStoreTX - Recovering 0 jobs that were in-progress at the time of the last shut-down.
2019-08-28 16:26:54.760 [main] INFO  org.quartz.impl.jdbcjobstore.JobStoreTX - Recovery complete.
2019-08-28 16:26:54.761 [main] INFO  org.quartz.impl.jdbcjobstore.JobStoreTX - Removed 0 'complete' triggers.
2019-08-28 16:26:54.762 [main] INFO  org.quartz.impl.jdbcjobstore.JobStoreTX - Removed 0 stale fired job entries.
2019-08-28 16:26:54.763 [main] INFO  org.quartz.core.QuartzScheduler - Scheduler SchedulerFactory_$_ETLScheduler started.
2019-08-28 16:26:54.774 [main] INFO  org.apache.coyote.http11.Http11NioProtocol - Starting ProtocolHandler ["http-nio-8080"]
2019-08-28 16:26:55.003 [main] INFO  org.apache.tomcat.util.net.NioSelectorPool - Using a shared selector for servlet write/read
2019-08-28 16:26:55.025 [main] INFO  org.springframework.boot.web.embedded.tomcat.TomcatWebServer - Tomcat started on port(s): 8080 (http) with context path ''
2019-08-28 16:26:55.028 [main] INFO  top.ruandb.EtlSchedulerApplication - Started EtlSchedulerApplication in 8.434 seconds (JVM running for 9.952)
2019-08-28 16:26:55.030 [main] INFO  top.ruandb.init.TaskInit - 重新启动清空scheduler
2019-08-28 16:26:55.161 [main] INFO  top.ruandb.init.TaskInit - 初始化job到调度器-------------------------------->jobname:usp_dim_yyxx,usp_dim_ksxx,usp_dim_ksxx_ba,usp_dim_ysxx,usp_dim_ysxx_ba,usp_dim_czryk,usp_dim_bqdmk,usp_dim_bqdmk_ba,usp_dim_ybflxx,usp_dim_yb_yblx,usp_dim_ghlb,usp_dim_ghtj,usp_dim_yyfg_hxlx,usp_dim_yyfs,usp_dim_yylb,usp_dim_yysjd,usp_dim_ghyysjc,usp_dim_zddmk,usp_dim_zddmk_ba,usp_dim_sfdxmk,usp_dim_sfxxmk,usp_dim_lcsfxmk,usp_dim_mzzy,usp_dim_cfz,usp_dim_mjzbz,usp_dim_nld,usp_dim_sex,usp_dim_hour,usp_dim_time,usp_dim_cyfs,usp_dim_lyfs,usp_dim_zljg,usp_dim_qzts,usp_dim_zyts,usp_dim_lclj,usp_dim_ypxx,usp_dim_kssjb,usp_dim_tsypbz,usp_dim_ypdl,usp_dim_ypfl,usp_dim_ypjx
2019-08-28 16:26:55.209 [main] INFO  top.ruandb.init.TaskInit - 初始化job到调度器-------------------------------->jobname:usp_dim_zy_ypyfk,usp_dim_sf_ypyfk,usp_dim_yymd,usp_dim_fyck,usp_dim_gysxx,usp_dim_yf_czdmk,usp_dim_yfdmk,usp_dim_yk_czdmk,usp_dim_ykdmk,usp_dim_sf_cfsfjg,usp_dim_sf_cfwt,usp_dim_sf_cfwtfl,usp_dim_sf_cfwtjb,usp_dim_jclb,usp_dim_ris_instrument,usp_dim_jylb,usp_dim_lis_instrument,usp_dim_ssxx,usp_dim_ssbw,usp_dim_sxytxx,usp_dim_sxlyxx,usp_dim_sxfsxx,usp_dim_sxblfylx,usp_dim_xxxx,usp_dim_ssflxx,usp_dim_xyzlxx,usp_dim_xydl,usp_dim_wzsb_wzpmggxx,usp_dim_wzsb_kfxx,usp_dim_wzsb_cblx,usp_dim_wzsb_wzkpxx,usp_dim_wzsb_wz_djlb,usp_dim_wzsb_wz_ghdwxx
2019-08-28 16:26:55.237 [main] INFO  top.ruandb.init.TaskInit - 初始化job到调度器-------------------------------->jobname:usp_dim_wzsb_wz_rkfs,usp_dim_mzfs,usp_dim_qkdj,usp_dim_rjssbz,usp_dim_rjssxx,usp_dim_ssmz_asamzfj,usp_dim_ssmz_mzfsfl,usp_dim_ssmz_sssjlx,usp_dim_aers_eventtype,usp_dim_aers_drugseventtype,usp_dim_aers_bloodeventtype,usp_dim_aers_medicalevent_ss_cwlx,usp_dim_aers_medicaleventtype,usp_dim_aers_nursingevent_gl_bfzlx,usp_dim_aers_nursingeventtype,usp_dim_aers_warningeventtype,usp_dim_aers_eventclfs,usp_dim_aers_eventdj,usp_dim_aers_eventyzcd,usp_dim_aers_eventconsequence,usp_dim_aers_ryzc,usp_dim_jsk_txfs,usp_dim_jsk_xgtllb,usp_dim_jsk_xtzlfs,usp_dim_jsk_ysfs
2019-08-28 16:26:55.276 [main] INFO  top.ruandb.init.TaskInit - 初始化job到调度器-------------------------------->jobname:usp_dim_jsk_ysgj,usp_dim_jsk_ysyy,usp_dim_jsk_ztsxfs,usp_dim_jzzy_bqfj,usp_dim_jzzy_brqx,usp_dim_jzzy_cyfs,usp_dim_ddshcdjb,usp_dim_ddyy,usp_dim_ycbw,usp_dim_ycfj,usp_dim_ycly,usp_dim_drgs_fxpgdj,usp_dim_kfyxk_bfzlx,usp_dim_kfyxk_kflx,usp_dim_yg_ssfxdj,usp_dim_yg_ssgrbw,usp_dim_yygr_dcnyjxx,usp_dim_yygr_xgdgbw,usp_dim_zdjb,usp_dim_zdss,usp_dim_zlzb_bfzlx,usp_dim_zlzb_fmfs,usp_dim_zlzb_jbbz_dbz,usp_dim_zlzb_jbbz_dq,usp_dim_zlzb_jbbz_xzljs,usp_dim_zlzb_jbbz_zkks,usp_dim_zlzb_zlgl_lcjyzk,usp_dim_zlzb_zlgl_lcjybb,usp_dim_cflx,usp_dim_zy_zlzxx,usp_dim_wzjb
2019-08-28 16:26:55.304 [main] INFO  top.ruandb.init.TaskInit - 初始化job到调度器-------------------------------->jobname:usp_fat_bacwsyqk,usp_fat_basyjb,usp_fat_basyss,usp_fat_basyzd,usp_fat_bq_brcwxxk
2019-08-28 16:26:55.313 [main] INFO  top.ruandb.init.TaskInit - 初始化job到调度器-------------------------------->jobname:usp_fat_jcbgmx,usp_fat_jybgmx,usp_fat_mz_yffymx,usp_fat_sxxx,usp_fat_wzsb_sb_byxx,usp_fat_wzsb_sb_jlxx
2019-08-28 16:26:55.320 [main] INFO  top.ruandb.init.TaskInit - 初始化job到调度器-------------------------------->jobname:usp_fat_wzsb_sb_srxx,usp_fat_wzsb_sb_wxxx,usp_fat_wzsb_sb_zjxx,usp_fat_wzsb_wz_bsxx,usp_fat_wzsb_wz_ckxx
2019-08-28 16:26:55.330 [main] INFO  top.ruandb.init.TaskInit - 初始化job到调度器-------------------------------->jobname:usp_fat_wzsb_wz_qlxx,usp_fat_wzsb_wz_rkxx,usp_fat_wzsb_wz_wtdxxx,usp_fat_wzsb_wz_xhxx,usp_fat_wzsb_wz_ykxx
2019-08-28 16:26:55.337 [main] INFO  top.ruandb.init.TaskInit - 初始化job到调度器-------------------------------->jobname:usp_fat_wzsb_wz_zgxx,usp_fat_yf_ypczmx,usp_fat_yk_ypczmx,usp_fat_yygh_pbxx,usp_fat_yy_mz_yyrc
2019-08-28 16:26:55.344 [main] INFO  top.ruandb.init.TaskInit - 初始化job到调度器-------------------------------->jobname:usp_fat_zlzb_zlgl_lcjybb,usp_fat_zlzb_zlgl_lcjyzk,usp_fat_zy_cwsyqk,usp_fat_zy_rjssbrfy_fat
2019-08-28 16:26:55.353 [main] INFO  top.ruandb.init.TaskInit - 初始化job到调度器-------------------------------->jobname:usp_fat_zy_rjsshzxx,usp_fat_zy_rjssxx,usp_fat_zy_ryywl,usp_fat_zy_yffymx,usp_fat_zy_zyfy_zy
2019-08-28 16:26:55.368 [main] INFO  top.ruandb.init.TaskInit - 初始化job到调度器-------------------------------->jobname:usp_fat_mz_ybjsxx,usp_fat_mz_mzfy,usp_fat_mz_mzywl
2019-08-28 16:26:55.380 [main] INFO  top.ruandb.init.TaskInit - 初始化job到调度器-------------------------------->jobname:usp_fat_zy_ybjsxx,usp_fat_zy_zyfy,usp_fat_zy_zyywl
2019-08-28 16:26:55.387 [main] INFO  top.ruandb.init.TaskInit - 初始化job到调度器-------------------------------->jobname:usp_fat_zy_zyfy_zy
2019-08-28 16:26:55.396 [main] INFO  top.ruandb.init.TaskInit - 初始化job到调度器-------------------------------->jobname:usp_fact_yy_mz_jzrc_fat,usp_fact_yy_mz_patid_fat,usp_fact_yy_mz_yyrc_fat,usp_fact_yygh_pbxx_fat,usp_fact_yy_mz_tjrc_fat,usp_fact_fy_mz_fyfx_fat,usp_fact_fy_zy_fyfx_fat,usp_fact_fy_zy_fyfx_zxrq_fat,usp_fact_yy_zy_cyywlfx_fat,usp_fact_yy_zy_ryywlfx_fat
2019-08-28 16:26:55.404 [main] INFO  top.ruandb.init.TaskInit - 初始化job到调度器-------------------------------->jobname:usp_fact_yy_zy_lcljfx_fat,usp_fact_yy_zy_zrzcfx_fat,usp_fact_yb_mz_fyfx_fat,usp_fact_yb_zy_fyfx_fat,usp_fact_yb_ybzkfx_fat,usp_fact_yy_zybrzyl_fat,usp_fact_zy_zycwxl,usp_fact_yy_zy_cwsyqk_fat,usp_fact_yp_mz_fyfx_fat
2019-08-28 16:26:55.412 [main] INFO  top.ruandb.init.TaskInit - 初始化job到调度器-------------------------------->jobname:usp_fact_yp_cflfx_fat,usp_fact_yp_zy_fyfx_fat,usp_fact_yp_zy_fyfx_zxrq_fat,usp_fact_yp_mz_yffygzl_fat,usp_fact_yp_zy_yffygzl_fat,usp_fact_yp_jxcfx_yf_fat,usp_fact_yp_jxcfx_yk_fat,usp_fact_ba_ss_zyssywlfx_fat,usp_fact_yy_ss_mzssywlfx_fat,usp_fact_yy_ss_rjssywlfx_fat
2019-08-28 16:26:55.419 [main] INFO  top.ruandb.init.TaskInit - 初始化job到调度器-------------------------------->jobname:usp_fact_ba_zy_back15_30_fat,usp_fact_ba_zy_cwsyqk_fat,usp_fact_ba_zy_cyywlfx_fat,usp_fact_lis_list_fat,usp_fact_lis_list_mx_fat,usp_fact_ris_list_fat,usp_fact_ris_list_mx_fat,usp_fact_xk_sxfx_fat,usp_fact_zqhy_jzrc_fat,usp_fact_zqhy_mzpatid_fat
2019-08-28 16:26:55.427 [main] INFO  top.ruandb.init.TaskInit - 初始化job到调度器-------------------------------->jobname:usp_fact_wzsb_sb_sbgzl_fat,usp_fact_wzsb_wz_bsxx_fat,usp_fact_wzsb_wz_ckxx_fat,usp_fact_wzsb_wz_qlxx_fat,usp_fact_wzsb_wz_rkxx_fat,usp_fact_wzsb_wz_wtdxxx_fat,usp_fact_wzsb_wz_xhxx_fat,usp_fact_wzsb_wz_ykxx_fat,usp_fact_wzsb_wz_zgxx_fat
2019-08-28 16:26:55.437 [main] INFO  top.ruandb.init.TaskInit - 初始化job到调度器-------------------------------->jobname:usp_fact_dim_yp_dim
2019-08-28 16:26:55.447 [main] INFO  top.ruandb.init.TaskInit - 初始化job到调度器-------------------------------->jobname:usp_hd_zbmx_hz,usp_hd_zbmx_hz_ys
2019-08-28 16:26:55.457 [main] INFO  top.ruandb.init.TaskInit - 初始化job到调度器-------------------------------->jobname:usp_producure_log
2019-08-28 16:26:55.740 [main] INFO  top.ruandb.init.TaskInit -  ----------------------->依赖初始化开始
2019-08-28 16:26:55.745 [main] INFO  top.ruandb.init.TaskInit - jobMap--->{11=PENDDING, 22=PENDDING, 12=PENDDING, 23=PENDDING, 13=PENDDING, 14=PENDDING, 15=PENDDING, 16=PENDDING, 17=PENDDING, 18=PENDDING, 19=PENDDING, 1=PENDDING, 3=PENDDING, 4=PENDDING, 5=PENDDING, 6=PENDDING, 7=PENDDING, 8=PENDDING, 9=PENDDING, 20=PENDDING, 10=PENDDING, 21=PENDDING}
2019-08-28 16:26:55.745 [main] INFO  top.ruandb.init.TaskInit - groupMap--->{A=[1, 3, 4, 5], B=[6, 7, 8, 9, 10, 11, 12, 13, 14, 15], C=[16, 17, 18, 19, 20, 21], D=[22, 23]}
2019-08-28 16:26:55.746 [main] INFO  top.ruandb.init.TaskInit -  ----------------------->依赖初始化成功
2019-08-28 16:26:55.746 [main] INFO  top.ruandb.init.TaskInit -  ----------------------->定时依赖初始化开始
2019-08-28 16:26:55.752 [main] INFO  top.ruandb.init.TaskInit -  ----------------------->定时依赖初始化结束
2019-08-28 18:11:39.533 [RMI TCP Connection(2)-127.0.0.1] INFO  org.springframework.boot.admin.SpringApplicationAdminMXBeanRegistrar$SpringApplicationAdmin - Application shutdown requested.
2019-08-28 18:11:39.556 [RMI TCP Connection(2)-127.0.0.1] INFO  org.quartz.core.QuartzScheduler - Scheduler SchedulerFactory_$_ETLScheduler paused.
2019-08-28 18:11:39.559 [RMI TCP Connection(2)-127.0.0.1] INFO  org.springframework.scheduling.concurrent.ThreadPoolTaskExecutor - Shutting down ExecutorService 'applicationTaskExecutor'
2019-08-28 18:11:39.561 [RMI TCP Connection(2)-127.0.0.1] INFO  org.quartz.core.QuartzScheduler - Scheduler SchedulerFactory_$_ETLScheduler shutting down.
2019-08-28 18:11:39.562 [RMI TCP Connection(2)-127.0.0.1] INFO  org.quartz.core.QuartzScheduler - Scheduler SchedulerFactory_$_ETLScheduler paused.
2019-08-28 18:11:39.566 [RMI TCP Connection(2)-127.0.0.1] INFO  com.alibaba.druid.pool.DruidDataSource - {dataSource-2} closed
2019-08-28 18:11:39.567 [RMI TCP Connection(2)-127.0.0.1] INFO  org.quartz.core.QuartzScheduler - Scheduler SchedulerFactory_$_ETLScheduler shutdown complete.
2019-08-28 18:11:39.567 [RMI TCP Connection(2)-127.0.0.1] INFO  org.springframework.scheduling.quartz.SchedulerFactoryBean - Shutting down Quartz Scheduler
2019-08-28 18:11:39.569 [RMI TCP Connection(2)-127.0.0.1] INFO  org.springframework.orm.jpa.LocalContainerEntityManagerFactoryBean - Closing JPA EntityManagerFactory for persistence unit 'default'
2019-08-28 18:11:39.581 [RMI TCP Connection(2)-127.0.0.1] INFO  com.alibaba.druid.pool.DruidDataSource - {dataSource-1} closed
